{"/Users/schmang/Codesmith/CTRI11/Projects/OSP/Docketeer/security/email.js": {"path":"/Users/schmang/Codesmith/CTRI11/Projects/OSP/Docketeer/security/email.js","statementMap":{"0":{"start":{"line":1,"column":0},"end":{"line":6,"column":2}}},"fnMap":{},"branchMap":{},"s":{"0":1},"f":{},"b":{},"_coverageSchema":"1a1c01bbd47fc00a2c39e90264f33305004495a9","hash":"7713152a10f413edc51e711afe215551850edd14"}
,"/Users/schmang/Codesmith/CTRI11/Projects/OSP/Docketeer/security/sysadmin.js": {"path":"/Users/schmang/Codesmith/CTRI11/Projects/OSP/Docketeer/security/sysadmin.js","statementMap":{"0":{"start":{"line":1,"column":0},"end":{"line":4,"column":2}}},"fnMap":{},"branchMap":{},"s":{"0":1},"f":{},"b":{},"_coverageSchema":"1a1c01bbd47fc00a2c39e90264f33305004495a9","hash":"b5ab85065aa69ed17e37093bec44f3014658907c"}
,"/Users/schmang/Codesmith/CTRI11/Projects/OSP/Docketeer/server/app.js": {"path":"/Users/schmang/Codesmith/CTRI11/Projects/OSP/Docketeer/server/app.js","statementMap":{"0":{"start":{"line":1,"column":16},"end":{"line":1,"column":34}},"1":{"start":{"line":2,"column":13},"end":{"line":2,"column":28}},"2":{"start":{"line":3,"column":13},"end":{"line":3,"column":28}},"3":{"start":{"line":4,"column":15},"end":{"line":4,"column":32}},"4":{"start":{"line":7,"column":21},"end":{"line":7,"column":53}},"5":{"start":{"line":8,"column":20},"end":{"line":8,"column":51}},"6":{"start":{"line":9,"column":20},"end":{"line":9,"column":51}},"7":{"start":{"line":10,"column":22},"end":{"line":10,"column":55}},"8":{"start":{"line":11,"column":18},"end":{"line":11,"column":47}},"9":{"start":{"line":12,"column":17},"end":{"line":12,"column":45}},"10":{"start":{"line":13,"column":19},"end":{"line":13,"column":49}},"11":{"start":{"line":14,"column":21},"end":{"line":14,"column":53}},"12":{"start":{"line":15,"column":23},"end":{"line":15,"column":57}},"13":{"start":{"line":17,"column":12},"end":{"line":17,"column":21}},"14":{"start":{"line":19,"column":0},"end":{"line":19,"column":24}},"15":{"start":{"line":20,"column":0},"end":{"line":20,"column":48}},"16":{"start":{"line":21,"column":0},"end":{"line":21,"column":16}},"17":{"start":{"line":23,"column":0},"end":{"line":27,"column":3}},"18":{"start":{"line":24,"column":2},"end":{"line":26,"column":5}},"19":{"start":{"line":29,"column":0},"end":{"line":29,"column":37}},"20":{"start":{"line":30,"column":0},"end":{"line":30,"column":29}},"21":{"start":{"line":31,"column":0},"end":{"line":31,"column":33}},"22":{"start":{"line":32,"column":0},"end":{"line":32,"column":31}},"23":{"start":{"line":33,"column":0},"end":{"line":33,"column":31}},"24":{"start":{"line":34,"column":0},"end":{"line":34,"column":35}},"25":{"start":{"line":35,"column":0},"end":{"line":35,"column":27}},"26":{"start":{"line":36,"column":0},"end":{"line":36,"column":25}},"27":{"start":{"line":37,"column":0},"end":{"line":37,"column":33}},"28":{"start":{"line":40,"column":0},"end":{"line":42,"column":3}},"29":{"start":{"line":41,"column":2},"end":{"line":41,"column":47}},"30":{"start":{"line":45,"column":0},"end":{"line":53,"column":3}},"31":{"start":{"line":46,"column":21},"end":{"line":50,"column":3}},"32":{"start":{"line":51,"column":19},"end":{"line":51,"column":49}},"33":{"start":{"line":52,"column":2},"end":{"line":52,"column":60}},"34":{"start":{"line":55,"column":0},"end":{"line":55,"column":21}}},"fnMap":{"0":{"name":"(anonymous_0)","decl":{"start":{"line":23,"column":17},"end":{"line":23,"column":18}},"loc":{"start":{"line":23,"column":31},"end":{"line":27,"column":1}},"line":23},"1":{"name":"(anonymous_1)","decl":{"start":{"line":40,"column":13},"end":{"line":40,"column":14}},"loc":{"start":{"line":40,"column":27},"end":{"line":42,"column":1}},"line":40},"2":{"name":"(anonymous_2)","decl":{"start":{"line":45,"column":13},"end":{"line":45,"column":14}},"loc":{"start":{"line":45,"column":38},"end":{"line":53,"column":1}},"line":45}},"branchMap":{},"s":{"0":1,"1":1,"2":1,"3":1,"4":1,"5":1,"6":1,"7":1,"8":1,"9":1,"10":1,"11":1,"12":1,"13":1,"14":1,"15":1,"16":1,"17":1,"18":2,"19":1,"20":1,"21":1,"22":1,"23":1,"24":1,"25":1,"26":1,"27":1,"28":1,"29":0,"30":1,"31":0,"32":0,"33":0,"34":1},"f":{"0":2,"1":0,"2":0},"b":{},"_coverageSchema":"1a1c01bbd47fc00a2c39e90264f33305004495a9","hash":"b6f87926473cdde9175245a7a783a686fd0b080b"}
,"/Users/schmang/Codesmith/CTRI11/Projects/OSP/Docketeer/server/controllers/apiController.js": {"path":"/Users/schmang/Codesmith/CTRI11/Projects/OSP/Docketeer/server/controllers/apiController.js","statementMap":{"0":{"start":{"line":5,"column":19},"end":{"line":5,"column":40}},"1":{"start":{"line":6,"column":14},"end":{"line":6,"column":45}},"2":{"start":{"line":8,"column":22},"end":{"line":8,"column":24}},"3":{"start":{"line":12,"column":20},"end":{"line":20,"column":2}},"4":{"start":{"line":23,"column":0},"end":{"line":67,"column":2}},"5":{"start":{"line":24,"column":56},"end":{"line":24,"column":64}},"6":{"start":{"line":27,"column":2},"end":{"line":45,"column":3}},"7":{"start":{"line":28,"column":4},"end":{"line":34,"column":30}},"8":{"start":{"line":36,"column":41},"end":{"line":36,"column":49}},"9":{"start":{"line":37,"column":4},"end":{"line":44,"column":30}},"10":{"start":{"line":47,"column":22},"end":{"line":52,"column":3}},"11":{"start":{"line":54,"column":2},"end":{"line":66,"column":7}},"12":{"start":{"line":57,"column":6},"end":{"line":57,"column":20}},"13":{"start":{"line":60,"column":6},"end":{"line":65,"column":9}},"14":{"start":{"line":70,"column":0},"end":{"line":101,"column":2}},"15":{"start":{"line":71,"column":40},"end":{"line":71,"column":48}},"16":{"start":{"line":73,"column":22},"end":{"line":86,"column":3}},"17":{"start":{"line":88,"column":2},"end":{"line":100,"column":7}},"18":{"start":{"line":91,"column":6},"end":{"line":91,"column":20}},"19":{"start":{"line":94,"column":6},"end":{"line":99,"column":9}},"20":{"start":{"line":103,"column":0},"end":{"line":103,"column":31}}},"fnMap":{"0":{"name":"(anonymous_0)","decl":{"start":{"line":23,"column":31},"end":{"line":23,"column":32}},"loc":{"start":{"line":23,"column":51},"end":{"line":67,"column":1}},"line":23},"1":{"name":"(anonymous_1)","decl":{"start":{"line":56,"column":10},"end":{"line":56,"column":11}},"loc":{"start":{"line":56,"column":20},"end":{"line":58,"column":5}},"line":56},"2":{"name":"(anonymous_2)","decl":{"start":{"line":59,"column":11},"end":{"line":59,"column":12}},"loc":{"start":{"line":59,"column":20},"end":{"line":66,"column":5}},"line":59},"3":{"name":"(anonymous_3)","decl":{"start":{"line":70,"column":28},"end":{"line":70,"column":29}},"loc":{"start":{"line":70,"column":48},"end":{"line":101,"column":1}},"line":70},"4":{"name":"(anonymous_4)","decl":{"start":{"line":90,"column":10},"end":{"line":90,"column":11}},"loc":{"start":{"line":90,"column":20},"end":{"line":92,"column":5}},"line":90},"5":{"name":"(anonymous_5)","decl":{"start":{"line":93,"column":11},"end":{"line":93,"column":12}},"loc":{"start":{"line":93,"column":20},"end":{"line":100,"column":5}},"line":93}},"branchMap":{"0":{"loc":{"start":{"line":27,"column":2},"end":{"line":45,"column":3}},"type":"if","locations":[{"start":{"line":27,"column":2},"end":{"line":45,"column":3}},{"start":{"line":35,"column":9},"end":{"line":45,"column":3}}],"line":27}},"s":{"0":1,"1":1,"2":1,"3":1,"4":1,"5":0,"6":0,"7":0,"8":0,"9":0,"10":0,"11":0,"12":0,"13":0,"14":1,"15":0,"16":0,"17":0,"18":0,"19":0,"20":1},"f":{"0":0,"1":0,"2":0,"3":0,"4":0,"5":0},"b":{"0":[0,0]},"_coverageSchema":"1a1c01bbd47fc00a2c39e90264f33305004495a9","hash":"ab28dc8974c465561dd348102ea2efdbc305a19f"}
,"/Users/schmang/Codesmith/CTRI11/Projects/OSP/Docketeer/server/controllers/bcryptController.js": {"path":"/Users/schmang/Codesmith/CTRI11/Projects/OSP/Docketeer/server/controllers/bcryptController.js","statementMap":{"0":{"start":{"line":5,"column":11},"end":{"line":5,"column":42}},"1":{"start":{"line":6,"column":15},"end":{"line":6,"column":34}},"2":{"start":{"line":8,"column":25},"end":{"line":8,"column":27}},"3":{"start":{"line":11,"column":0},"end":{"line":26,"column":2}},"4":{"start":{"line":12,"column":23},"end":{"line":12,"column":31}},"5":{"start":{"line":13,"column":21},"end":{"line":13,"column":23}},"6":{"start":{"line":15,"column":2},"end":{"line":25,"column":7}},"7":{"start":{"line":17,"column":6},"end":{"line":17,"column":29}},"8":{"start":{"line":18,"column":6},"end":{"line":18,"column":20}},"9":{"start":{"line":21,"column":6},"end":{"line":24,"column":9}},"10":{"start":{"line":29,"column":0},"end":{"line":50,"column":2}},"11":{"start":{"line":32,"column":2},"end":{"line":34,"column":3}},"12":{"start":{"line":33,"column":4},"end":{"line":33,"column":18}},"13":{"start":{"line":36,"column":26},"end":{"line":36,"column":34}},"14":{"start":{"line":37,"column":21},"end":{"line":37,"column":23}},"15":{"start":{"line":39,"column":2},"end":{"line":49,"column":7}},"16":{"start":{"line":41,"column":6},"end":{"line":41,"column":29}},"17":{"start":{"line":42,"column":6},"end":{"line":42,"column":20}},"18":{"start":{"line":45,"column":6},"end":{"line":48,"column":9}},"19":{"start":{"line":53,"column":0},"end":{"line":83,"column":2}},"20":{"start":{"line":54,"column":2},"end":{"line":54,"column":38}},"21":{"start":{"line":54,"column":24},"end":{"line":54,"column":38}},"22":{"start":{"line":56,"column":33},"end":{"line":56,"column":41}},"23":{"start":{"line":58,"column":18},"end":{"line":58,"column":78}},"24":{"start":{"line":60,"column":2},"end":{"line":82,"column":7}},"25":{"start":{"line":62,"column":6},"end":{"line":75,"column":11}},"26":{"start":{"line":64,"column":10},"end":{"line":67,"column":11}},"27":{"start":{"line":65,"column":12},"end":{"line":65,"column":65}},"28":{"start":{"line":66,"column":12},"end":{"line":66,"column":35}},"29":{"start":{"line":68,"column":10},"end":{"line":68,"column":24}},"30":{"start":{"line":71,"column":10},"end":{"line":74,"column":13}},"31":{"start":{"line":78,"column":6},"end":{"line":81,"column":9}},"32":{"start":{"line":87,"column":0},"end":{"line":107,"column":2}},"33":{"start":{"line":88,"column":32},"end":{"line":88,"column":47}},"34":{"start":{"line":89,"column":21},"end":{"line":89,"column":23}},"35":{"start":{"line":90,"column":2},"end":{"line":106,"column":3}},"36":{"start":{"line":91,"column":4},"end":{"line":103,"column":9}},"37":{"start":{"line":93,"column":8},"end":{"line":93,"column":37}},"38":{"start":{"line":94,"column":8},"end":{"line":94,"column":82}},"39":{"start":{"line":95,"column":8},"end":{"line":95,"column":99}},"40":{"start":{"line":96,"column":8},"end":{"line":96,"column":22}},"41":{"start":{"line":99,"column":8},"end":{"line":102,"column":11}},"42":{"start":{"line":105,"column":4},"end":{"line":105,"column":18}},"43":{"start":{"line":112,"column":0},"end":{"line":112,"column":34}}},"fnMap":{"0":{"name":"(anonymous_0)","decl":{"start":{"line":11,"column":32},"end":{"line":11,"column":33}},"loc":{"start":{"line":11,"column":52},"end":{"line":26,"column":1}},"line":11},"1":{"name":"(anonymous_1)","decl":{"start":{"line":16,"column":10},"end":{"line":16,"column":11}},"loc":{"start":{"line":16,"column":20},"end":{"line":19,"column":5}},"line":16},"2":{"name":"(anonymous_2)","decl":{"start":{"line":20,"column":11},"end":{"line":20,"column":12}},"loc":{"start":{"line":20,"column":20},"end":{"line":25,"column":5}},"line":20},"3":{"name":"(anonymous_3)","decl":{"start":{"line":29,"column":35},"end":{"line":29,"column":36}},"loc":{"start":{"line":29,"column":55},"end":{"line":50,"column":1}},"line":29},"4":{"name":"(anonymous_4)","decl":{"start":{"line":40,"column":10},"end":{"line":40,"column":11}},"loc":{"start":{"line":40,"column":20},"end":{"line":43,"column":5}},"line":40},"5":{"name":"(anonymous_5)","decl":{"start":{"line":44,"column":11},"end":{"line":44,"column":12}},"loc":{"start":{"line":44,"column":20},"end":{"line":49,"column":5}},"line":44},"6":{"name":"(anonymous_6)","decl":{"start":{"line":53,"column":35},"end":{"line":53,"column":36}},"loc":{"start":{"line":53,"column":55},"end":{"line":83,"column":1}},"line":53},"7":{"name":"(anonymous_7)","decl":{"start":{"line":61,"column":10},"end":{"line":61,"column":11}},"loc":{"start":{"line":61,"column":20},"end":{"line":76,"column":5}},"line":61},"8":{"name":"(anonymous_8)","decl":{"start":{"line":63,"column":14},"end":{"line":63,"column":15}},"loc":{"start":{"line":63,"column":26},"end":{"line":69,"column":9}},"line":63},"9":{"name":"(anonymous_9)","decl":{"start":{"line":70,"column":15},"end":{"line":70,"column":16}},"loc":{"start":{"line":70,"column":24},"end":{"line":75,"column":9}},"line":70},"10":{"name":"(anonymous_10)","decl":{"start":{"line":77,"column":11},"end":{"line":77,"column":12}},"loc":{"start":{"line":77,"column":20},"end":{"line":82,"column":5}},"line":77},"11":{"name":"(anonymous_11)","decl":{"start":{"line":87,"column":30},"end":{"line":87,"column":31}},"loc":{"start":{"line":87,"column":49},"end":{"line":107,"column":1}},"line":87},"12":{"name":"(anonymous_12)","decl":{"start":{"line":92,"column":12},"end":{"line":92,"column":13}},"loc":{"start":{"line":92,"column":22},"end":{"line":97,"column":7}},"line":92},"13":{"name":"(anonymous_13)","decl":{"start":{"line":98,"column":13},"end":{"line":98,"column":14}},"loc":{"start":{"line":98,"column":22},"end":{"line":103,"column":7}},"line":98}},"branchMap":{"0":{"loc":{"start":{"line":32,"column":2},"end":{"line":34,"column":3}},"type":"if","locations":[{"start":{"line":32,"column":2},"end":{"line":34,"column":3}},{"start":{},"end":{}}],"line":32},"1":{"loc":{"start":{"line":54,"column":2},"end":{"line":54,"column":38}},"type":"if","locations":[{"start":{"line":54,"column":2},"end":{"line":54,"column":38}},{"start":{},"end":{}}],"line":54},"2":{"loc":{"start":{"line":64,"column":10},"end":{"line":67,"column":11}},"type":"if","locations":[{"start":{"line":64,"column":10},"end":{"line":67,"column":11}},{"start":{},"end":{}}],"line":64},"3":{"loc":{"start":{"line":90,"column":2},"end":{"line":106,"column":3}},"type":"if","locations":[{"start":{"line":90,"column":2},"end":{"line":106,"column":3}},{"start":{"line":104,"column":9},"end":{"line":106,"column":3}}],"line":90}},"s":{"0":1,"1":1,"2":1,"3":1,"4":0,"5":0,"6":0,"7":0,"8":0,"9":0,"10":1,"11":0,"12":0,"13":0,"14":0,"15":0,"16":0,"17":0,"18":0,"19":1,"20":0,"21":0,"22":0,"23":0,"24":0,"25":0,"26":0,"27":0,"28":0,"29":0,"30":0,"31":0,"32":1,"33":0,"34":0,"35":0,"36":0,"37":0,"38":0,"39":0,"40":0,"41":0,"42":0,"43":1},"f":{"0":0,"1":0,"2":0,"3":0,"4":0,"5":0,"6":0,"7":0,"8":0,"9":0,"10":0,"11":0,"12":0,"13":0},"b":{"0":[0,0],"1":[0,0],"2":[0,0],"3":[0,0]},"_coverageSchema":"1a1c01bbd47fc00a2c39e90264f33305004495a9","hash":"03dbcb44dcde62ba61dba9c225d3e6f48014d4a6"}
,"/Users/schmang/Codesmith/CTRI11/Projects/OSP/Docketeer/server/controllers/configController.js": {"path":"/Users/schmang/Codesmith/CTRI11/Projects/OSP/Docketeer/server/controllers/configController.js","statementMap":{"0":{"start":{"line":6,"column":11},"end":{"line":6,"column":42}},"1":{"start":{"line":8,"column":25},"end":{"line":8,"column":27}},"2":{"start":{"line":11,"column":0},"end":{"line":31,"column":2}},"3":{"start":{"line":12,"column":2},"end":{"line":12,"column":38}},"4":{"start":{"line":12,"column":24},"end":{"line":12,"column":38}},"5":{"start":{"line":14,"column":79},"end":{"line":14,"column":87}},"6":{"start":{"line":16,"column":26},"end":{"line":16,"column":152}},"7":{"start":{"line":17,"column":27},"end":{"line":17,"column":93}},"8":{"start":{"line":19,"column":2},"end":{"line":29,"column":7}},"9":{"start":{"line":21,"column":6},"end":{"line":21,"column":37}},"10":{"start":{"line":22,"column":6},"end":{"line":22,"column":20}},"11":{"start":{"line":25,"column":6},"end":{"line":28,"column":9}},"12":{"start":{"line":34,"column":0},"end":{"line":53,"column":2}},"13":{"start":{"line":35,"column":2},"end":{"line":35,"column":38}},"14":{"start":{"line":35,"column":24},"end":{"line":35,"column":38}},"15":{"start":{"line":37,"column":32},"end":{"line":37,"column":40}},"16":{"start":{"line":39,"column":20},"end":{"line":39,"column":84}},"17":{"start":{"line":40,"column":22},"end":{"line":40,"column":41}},"18":{"start":{"line":42,"column":2},"end":{"line":52,"column":7}},"19":{"start":{"line":44,"column":6},"end":{"line":44,"column":37}},"20":{"start":{"line":45,"column":6},"end":{"line":45,"column":20}},"21":{"start":{"line":48,"column":6},"end":{"line":51,"column":9}},"22":{"start":{"line":56,"column":0},"end":{"line":75,"column":2}},"23":{"start":{"line":57,"column":2},"end":{"line":57,"column":38}},"24":{"start":{"line":57,"column":24},"end":{"line":57,"column":38}},"25":{"start":{"line":59,"column":33},"end":{"line":59,"column":41}},"26":{"start":{"line":61,"column":19},"end":{"line":61,"column":84}},"27":{"start":{"line":62,"column":21},"end":{"line":62,"column":41}},"28":{"start":{"line":64,"column":2},"end":{"line":74,"column":7}},"29":{"start":{"line":66,"column":6},"end":{"line":66,"column":37}},"30":{"start":{"line":67,"column":6},"end":{"line":67,"column":20}},"31":{"start":{"line":70,"column":6},"end":{"line":73,"column":9}},"32":{"start":{"line":78,"column":0},"end":{"line":97,"column":2}},"33":{"start":{"line":79,"column":2},"end":{"line":79,"column":38}},"34":{"start":{"line":79,"column":24},"end":{"line":79,"column":38}},"35":{"start":{"line":81,"column":33},"end":{"line":81,"column":41}},"36":{"start":{"line":83,"column":19},"end":{"line":83,"column":84}},"37":{"start":{"line":84,"column":21},"end":{"line":84,"column":41}},"38":{"start":{"line":86,"column":2},"end":{"line":96,"column":7}},"39":{"start":{"line":88,"column":6},"end":{"line":88,"column":37}},"40":{"start":{"line":89,"column":6},"end":{"line":89,"column":20}},"41":{"start":{"line":92,"column":6},"end":{"line":95,"column":9}},"42":{"start":{"line":100,"column":0},"end":{"line":119,"column":2}},"43":{"start":{"line":101,"column":2},"end":{"line":101,"column":38}},"44":{"start":{"line":101,"column":24},"end":{"line":101,"column":38}},"45":{"start":{"line":103,"column":35},"end":{"line":103,"column":43}},"46":{"start":{"line":105,"column":24},"end":{"line":105,"column":91}},"47":{"start":{"line":106,"column":26},"end":{"line":106,"column":48}},"48":{"start":{"line":108,"column":2},"end":{"line":118,"column":7}},"49":{"start":{"line":110,"column":6},"end":{"line":110,"column":37}},"50":{"start":{"line":111,"column":6},"end":{"line":111,"column":20}},"51":{"start":{"line":114,"column":6},"end":{"line":117,"column":9}},"52":{"start":{"line":121,"column":0},"end":{"line":121,"column":34}}},"fnMap":{"0":{"name":"(anonymous_0)","decl":{"start":{"line":11,"column":39},"end":{"line":11,"column":40}},"loc":{"start":{"line":11,"column":59},"end":{"line":31,"column":1}},"line":11},"1":{"name":"(anonymous_1)","decl":{"start":{"line":20,"column":10},"end":{"line":20,"column":11}},"loc":{"start":{"line":20,"column":20},"end":{"line":23,"column":5}},"line":20},"2":{"name":"(anonymous_2)","decl":{"start":{"line":24,"column":11},"end":{"line":24,"column":12}},"loc":{"start":{"line":24,"column":20},"end":{"line":29,"column":5}},"line":24},"3":{"name":"(anonymous_3)","decl":{"start":{"line":34,"column":37},"end":{"line":34,"column":38}},"loc":{"start":{"line":34,"column":57},"end":{"line":53,"column":1}},"line":34},"4":{"name":"(anonymous_4)","decl":{"start":{"line":43,"column":10},"end":{"line":43,"column":11}},"loc":{"start":{"line":43,"column":20},"end":{"line":46,"column":5}},"line":43},"5":{"name":"(anonymous_5)","decl":{"start":{"line":47,"column":11},"end":{"line":47,"column":12}},"loc":{"start":{"line":47,"column":20},"end":{"line":52,"column":5}},"line":47},"6":{"name":"(anonymous_6)","decl":{"start":{"line":56,"column":38},"end":{"line":56,"column":39}},"loc":{"start":{"line":56,"column":58},"end":{"line":75,"column":1}},"line":56},"7":{"name":"(anonymous_7)","decl":{"start":{"line":65,"column":10},"end":{"line":65,"column":11}},"loc":{"start":{"line":65,"column":20},"end":{"line":68,"column":5}},"line":65},"8":{"name":"(anonymous_8)","decl":{"start":{"line":69,"column":11},"end":{"line":69,"column":12}},"loc":{"start":{"line":69,"column":20},"end":{"line":74,"column":5}},"line":69},"9":{"name":"(anonymous_9)","decl":{"start":{"line":78,"column":38},"end":{"line":78,"column":39}},"loc":{"start":{"line":78,"column":58},"end":{"line":97,"column":1}},"line":78},"10":{"name":"(anonymous_10)","decl":{"start":{"line":87,"column":10},"end":{"line":87,"column":11}},"loc":{"start":{"line":87,"column":20},"end":{"line":90,"column":5}},"line":87},"11":{"name":"(anonymous_11)","decl":{"start":{"line":91,"column":11},"end":{"line":91,"column":12}},"loc":{"start":{"line":91,"column":20},"end":{"line":96,"column":5}},"line":91},"12":{"name":"(anonymous_12)","decl":{"start":{"line":100,"column":34},"end":{"line":100,"column":35}},"loc":{"start":{"line":100,"column":54},"end":{"line":119,"column":1}},"line":100},"13":{"name":"(anonymous_13)","decl":{"start":{"line":109,"column":10},"end":{"line":109,"column":11}},"loc":{"start":{"line":109,"column":20},"end":{"line":112,"column":5}},"line":109},"14":{"name":"(anonymous_14)","decl":{"start":{"line":113,"column":11},"end":{"line":113,"column":12}},"loc":{"start":{"line":113,"column":20},"end":{"line":118,"column":5}},"line":113}},"branchMap":{"0":{"loc":{"start":{"line":12,"column":2},"end":{"line":12,"column":38}},"type":"if","locations":[{"start":{"line":12,"column":2},"end":{"line":12,"column":38}},{"start":{},"end":{}}],"line":12},"1":{"loc":{"start":{"line":35,"column":2},"end":{"line":35,"column":38}},"type":"if","locations":[{"start":{"line":35,"column":2},"end":{"line":35,"column":38}},{"start":{},"end":{}}],"line":35},"2":{"loc":{"start":{"line":57,"column":2},"end":{"line":57,"column":38}},"type":"if","locations":[{"start":{"line":57,"column":2},"end":{"line":57,"column":38}},{"start":{},"end":{}}],"line":57},"3":{"loc":{"start":{"line":79,"column":2},"end":{"line":79,"column":38}},"type":"if","locations":[{"start":{"line":79,"column":2},"end":{"line":79,"column":38}},{"start":{},"end":{}}],"line":79},"4":{"loc":{"start":{"line":101,"column":2},"end":{"line":101,"column":38}},"type":"if","locations":[{"start":{"line":101,"column":2},"end":{"line":101,"column":38}},{"start":{},"end":{}}],"line":101}},"s":{"0":1,"1":1,"2":1,"3":0,"4":0,"5":0,"6":0,"7":0,"8":0,"9":0,"10":0,"11":0,"12":1,"13":0,"14":0,"15":0,"16":0,"17":0,"18":0,"19":0,"20":0,"21":0,"22":1,"23":0,"24":0,"25":0,"26":0,"27":0,"28":0,"29":0,"30":0,"31":0,"32":1,"33":0,"34":0,"35":0,"36":0,"37":0,"38":0,"39":0,"40":0,"41":0,"42":1,"43":0,"44":0,"45":0,"46":0,"47":0,"48":0,"49":0,"50":0,"51":0,"52":1},"f":{"0":0,"1":0,"2":0,"3":0,"4":0,"5":0,"6":0,"7":0,"8":0,"9":0,"10":0,"11":0,"12":0,"13":0,"14":0},"b":{"0":[0,0],"1":[0,0],"2":[0,0],"3":[0,0],"4":[0,0]},"_coverageSchema":"1a1c01bbd47fc00a2c39e90264f33305004495a9","hash":"6f98e65bc29160c42d0d3eae03a66df4d4994eb7"}
,"/Users/schmang/Codesmith/CTRI11/Projects/OSP/Docketeer/server/controllers/cookieController.js": {"path":"/Users/schmang/Codesmith/CTRI11/Projects/OSP/Docketeer/server/controllers/cookieController.js","statementMap":{"0":{"start":{"line":6,"column":25},"end":{"line":6,"column":27}},"1":{"start":{"line":9,"column":0},"end":{"line":14,"column":2}},"2":{"start":{"line":10,"column":2},"end":{"line":10,"column":38}},"3":{"start":{"line":10,"column":24},"end":{"line":10,"column":38}},"4":{"start":{"line":12,"column":2},"end":{"line":12,"column":62}},"5":{"start":{"line":13,"column":2},"end":{"line":13,"column":16}},"6":{"start":{"line":17,"column":0},"end":{"line":31,"column":2}},"7":{"start":{"line":18,"column":2},"end":{"line":18,"column":38}},"8":{"start":{"line":18,"column":24},"end":{"line":18,"column":38}},"9":{"start":{"line":20,"column":22},"end":{"line":20,"column":37}},"10":{"start":{"line":22,"column":2},"end":{"line":25,"column":3}},"11":{"start":{"line":23,"column":4},"end":{"line":23,"column":64}},"12":{"start":{"line":24,"column":4},"end":{"line":24,"column":39}},"13":{"start":{"line":26,"column":2},"end":{"line":29,"column":3}},"14":{"start":{"line":27,"column":4},"end":{"line":27,"column":57}},"15":{"start":{"line":28,"column":4},"end":{"line":28,"column":32}},"16":{"start":{"line":30,"column":2},"end":{"line":30,"column":16}},"17":{"start":{"line":33,"column":0},"end":{"line":33,"column":34}}},"fnMap":{"0":{"name":"(anonymous_0)","decl":{"start":{"line":9,"column":33},"end":{"line":9,"column":34}},"loc":{"start":{"line":9,"column":53},"end":{"line":14,"column":1}},"line":9},"1":{"name":"(anonymous_1)","decl":{"start":{"line":17,"column":34},"end":{"line":17,"column":35}},"loc":{"start":{"line":17,"column":54},"end":{"line":31,"column":1}},"line":17}},"branchMap":{"0":{"loc":{"start":{"line":10,"column":2},"end":{"line":10,"column":38}},"type":"if","locations":[{"start":{"line":10,"column":2},"end":{"line":10,"column":38}},{"start":{},"end":{}}],"line":10},"1":{"loc":{"start":{"line":18,"column":2},"end":{"line":18,"column":38}},"type":"if","locations":[{"start":{"line":18,"column":2},"end":{"line":18,"column":38}},{"start":{},"end":{}}],"line":18},"2":{"loc":{"start":{"line":22,"column":2},"end":{"line":25,"column":3}},"type":"if","locations":[{"start":{"line":22,"column":2},"end":{"line":25,"column":3}},{"start":{},"end":{}}],"line":22},"3":{"loc":{"start":{"line":26,"column":2},"end":{"line":29,"column":3}},"type":"if","locations":[{"start":{"line":26,"column":2},"end":{"line":29,"column":3}},{"start":{},"end":{}}],"line":26}},"s":{"0":1,"1":1,"2":0,"3":0,"4":0,"5":0,"6":1,"7":0,"8":0,"9":0,"10":0,"11":0,"12":0,"13":0,"14":0,"15":0,"16":0,"17":1},"f":{"0":0,"1":0},"b":{"0":[0,0],"1":[0,0],"2":[0,0],"3":[0,0]},"_coverageSchema":"1a1c01bbd47fc00a2c39e90264f33305004495a9","hash":"42f803b493bc4852ba9a8f42fd9e70923b7fc972"}
,"/Users/schmang/Codesmith/CTRI11/Projects/OSP/Docketeer/server/controllers/dbController.js": {"path":"/Users/schmang/Codesmith/CTRI11/Projects/OSP/Docketeer/server/controllers/dbController.js","statementMap":{"0":{"start":{"line":6,"column":11},"end":{"line":6,"column":42}},"1":{"start":{"line":7,"column":15},"end":{"line":7,"column":34}},"2":{"start":{"line":8,"column":17},"end":{"line":8,"column":51}},"3":{"start":{"line":10,"column":21},"end":{"line":10,"column":23}},"4":{"start":{"line":12,"column":0},"end":{"line":20,"column":2}},"5":{"start":{"line":13,"column":2},"end":{"line":19,"column":7}},"6":{"start":{"line":15,"column":6},"end":{"line":15,"column":20}},"7":{"start":{"line":18,"column":6},"end":{"line":18,"column":32}},"8":{"start":{"line":18,"column":15},"end":{"line":18,"column":32}},"9":{"start":{"line":22,"column":0},"end":{"line":30,"column":2}},"10":{"start":{"line":23,"column":2},"end":{"line":29,"column":7}},"11":{"start":{"line":25,"column":6},"end":{"line":25,"column":20}},"12":{"start":{"line":28,"column":6},"end":{"line":28,"column":32}},"13":{"start":{"line":28,"column":15},"end":{"line":28,"column":32}},"14":{"start":{"line":32,"column":0},"end":{"line":40,"column":2}},"15":{"start":{"line":33,"column":2},"end":{"line":39,"column":7}},"16":{"start":{"line":35,"column":6},"end":{"line":35,"column":20}},"17":{"start":{"line":38,"column":6},"end":{"line":38,"column":32}},"18":{"start":{"line":38,"column":15},"end":{"line":38,"column":32}},"19":{"start":{"line":42,"column":0},"end":{"line":56,"column":2}},"20":{"start":{"line":43,"column":23},"end":{"line":43,"column":33}},"21":{"start":{"line":44,"column":16},"end":{"line":44,"column":106}},"22":{"start":{"line":45,"column":16},"end":{"line":45,"column":100}},"23":{"start":{"line":47,"column":21},"end":{"line":47,"column":47}},"24":{"start":{"line":49,"column":2},"end":{"line":55,"column":7}},"25":{"start":{"line":51,"column":6},"end":{"line":51,"column":20}},"26":{"start":{"line":54,"column":6},"end":{"line":54,"column":32}},"27":{"start":{"line":54,"column":15},"end":{"line":54,"column":32}},"28":{"start":{"line":58,"column":0},"end":{"line":73,"column":2}},"29":{"start":{"line":59,"column":21},"end":{"line":59,"column":23}},"30":{"start":{"line":62,"column":2},"end":{"line":72,"column":7}},"31":{"start":{"line":64,"column":6},"end":{"line":64,"column":33}},"32":{"start":{"line":65,"column":6},"end":{"line":65,"column":20}},"33":{"start":{"line":68,"column":6},"end":{"line":71,"column":9}},"34":{"start":{"line":79,"column":0},"end":{"line":90,"column":2}},"35":{"start":{"line":80,"column":21},"end":{"line":80,"column":29}},"36":{"start":{"line":82,"column":2},"end":{"line":89,"column":7}},"37":{"start":{"line":84,"column":6},"end":{"line":84,"column":53}},"38":{"start":{"line":85,"column":6},"end":{"line":85,"column":20}},"39":{"start":{"line":88,"column":6},"end":{"line":88,"column":32}},"40":{"start":{"line":88,"column":15},"end":{"line":88,"column":32}},"41":{"start":{"line":92,"column":0},"end":{"line":92,"column":30}}},"fnMap":{"0":{"name":"(anonymous_0)","decl":{"start":{"line":12,"column":27},"end":{"line":12,"column":28}},"loc":{"start":{"line":12,"column":47},"end":{"line":20,"column":1}},"line":12},"1":{"name":"(anonymous_1)","decl":{"start":{"line":14,"column":10},"end":{"line":14,"column":11}},"loc":{"start":{"line":14,"column":16},"end":{"line":16,"column":5}},"line":14},"2":{"name":"(anonymous_2)","decl":{"start":{"line":17,"column":11},"end":{"line":17,"column":12}},"loc":{"start":{"line":17,"column":20},"end":{"line":19,"column":5}},"line":17},"3":{"name":"(anonymous_3)","decl":{"start":{"line":22,"column":27},"end":{"line":22,"column":28}},"loc":{"start":{"line":22,"column":47},"end":{"line":30,"column":1}},"line":22},"4":{"name":"(anonymous_4)","decl":{"start":{"line":24,"column":10},"end":{"line":24,"column":11}},"loc":{"start":{"line":24,"column":16},"end":{"line":26,"column":5}},"line":24},"5":{"name":"(anonymous_5)","decl":{"start":{"line":27,"column":11},"end":{"line":27,"column":12}},"loc":{"start":{"line":27,"column":20},"end":{"line":29,"column":5}},"line":27},"6":{"name":"(anonymous_6)","decl":{"start":{"line":32,"column":27},"end":{"line":32,"column":28}},"loc":{"start":{"line":32,"column":47},"end":{"line":40,"column":1}},"line":32},"7":{"name":"(anonymous_7)","decl":{"start":{"line":34,"column":10},"end":{"line":34,"column":11}},"loc":{"start":{"line":34,"column":16},"end":{"line":36,"column":5}},"line":34},"8":{"name":"(anonymous_8)","decl":{"start":{"line":37,"column":11},"end":{"line":37,"column":12}},"loc":{"start":{"line":37,"column":20},"end":{"line":39,"column":5}},"line":37},"9":{"name":"(anonymous_9)","decl":{"start":{"line":42,"column":27},"end":{"line":42,"column":28}},"loc":{"start":{"line":42,"column":47},"end":{"line":56,"column":1}},"line":42},"10":{"name":"(anonymous_10)","decl":{"start":{"line":50,"column":10},"end":{"line":50,"column":11}},"loc":{"start":{"line":50,"column":16},"end":{"line":52,"column":5}},"line":50},"11":{"name":"(anonymous_11)","decl":{"start":{"line":53,"column":11},"end":{"line":53,"column":12}},"loc":{"start":{"line":53,"column":20},"end":{"line":55,"column":5}},"line":53},"12":{"name":"(anonymous_12)","decl":{"start":{"line":58,"column":35},"end":{"line":58,"column":36}},"loc":{"start":{"line":58,"column":55},"end":{"line":73,"column":1}},"line":58},"13":{"name":"(anonymous_13)","decl":{"start":{"line":63,"column":10},"end":{"line":63,"column":11}},"loc":{"start":{"line":63,"column":20},"end":{"line":66,"column":5}},"line":63},"14":{"name":"(anonymous_14)","decl":{"start":{"line":67,"column":11},"end":{"line":67,"column":12}},"loc":{"start":{"line":67,"column":20},"end":{"line":72,"column":5}},"line":67},"15":{"name":"(anonymous_15)","decl":{"start":{"line":79,"column":27},"end":{"line":79,"column":28}},"loc":{"start":{"line":79,"column":47},"end":{"line":90,"column":1}},"line":79},"16":{"name":"(anonymous_16)","decl":{"start":{"line":83,"column":10},"end":{"line":83,"column":11}},"loc":{"start":{"line":83,"column":16},"end":{"line":86,"column":5}},"line":83},"17":{"name":"(anonymous_17)","decl":{"start":{"line":87,"column":11},"end":{"line":87,"column":12}},"loc":{"start":{"line":87,"column":20},"end":{"line":89,"column":5}},"line":87}},"branchMap":{"0":{"loc":{"start":{"line":18,"column":6},"end":{"line":18,"column":32}},"type":"if","locations":[{"start":{"line":18,"column":6},"end":{"line":18,"column":32}},{"start":{},"end":{}}],"line":18},"1":{"loc":{"start":{"line":28,"column":6},"end":{"line":28,"column":32}},"type":"if","locations":[{"start":{"line":28,"column":6},"end":{"line":28,"column":32}},{"start":{},"end":{}}],"line":28},"2":{"loc":{"start":{"line":38,"column":6},"end":{"line":38,"column":32}},"type":"if","locations":[{"start":{"line":38,"column":6},"end":{"line":38,"column":32}},{"start":{},"end":{}}],"line":38},"3":{"loc":{"start":{"line":44,"column":16},"end":{"line":44,"column":106}},"type":"cond-expr","locations":[{"start":{"line":44,"column":69},"end":{"line":44,"column":89}},{"start":{"line":44,"column":92},"end":{"line":44,"column":106}}],"line":44},"4":{"loc":{"start":{"line":44,"column":17},"end":{"line":44,"column":65}},"type":"binary-expr","locations":[{"start":{"line":44,"column":17},"end":{"line":44,"column":40}},{"start":{"line":44,"column":44},"end":{"line":44,"column":65}}],"line":44},"5":{"loc":{"start":{"line":45,"column":16},"end":{"line":45,"column":100}},"type":"cond-expr","locations":[{"start":{"line":45,"column":69},"end":{"line":45,"column":83}},{"start":{"line":45,"column":86},"end":{"line":45,"column":100}}],"line":45},"6":{"loc":{"start":{"line":45,"column":17},"end":{"line":45,"column":65}},"type":"binary-expr","locations":[{"start":{"line":45,"column":17},"end":{"line":45,"column":40}},{"start":{"line":45,"column":44},"end":{"line":45,"column":65}}],"line":45},"7":{"loc":{"start":{"line":54,"column":6},"end":{"line":54,"column":32}},"type":"if","locations":[{"start":{"line":54,"column":6},"end":{"line":54,"column":32}},{"start":{},"end":{}}],"line":54},"8":{"loc":{"start":{"line":88,"column":6},"end":{"line":88,"column":32}},"type":"if","locations":[{"start":{"line":88,"column":6},"end":{"line":88,"column":32}},{"start":{},"end":{}}],"line":88}},"s":{"0":1,"1":1,"2":1,"3":1,"4":1,"5":0,"6":0,"7":0,"8":0,"9":1,"10":0,"11":0,"12":0,"13":0,"14":1,"15":0,"16":0,"17":0,"18":0,"19":1,"20":0,"21":0,"22":0,"23":0,"24":0,"25":0,"26":0,"27":0,"28":1,"29":0,"30":0,"31":0,"32":0,"33":0,"34":1,"35":0,"36":0,"37":0,"38":0,"39":0,"40":0,"41":1},"f":{"0":0,"1":0,"2":0,"3":0,"4":0,"5":0,"6":0,"7":0,"8":0,"9":0,"10":0,"11":0,"12":0,"13":0,"14":0,"15":0,"16":0,"17":0},"b":{"0":[0,0],"1":[0,0],"2":[0,0],"3":[0,0],"4":[0,0],"5":[0,0],"6":[0,0],"7":[0,0],"8":[0,0]},"_coverageSchema":"1a1c01bbd47fc00a2c39e90264f33305004495a9","hash":"baa8610342bfaa1c2be9f3cf195a4b9f6baffa82"}
,"/Users/schmang/Codesmith/CTRI11/Projects/OSP/Docketeer/server/controllers/initController.js": {"path":"/Users/schmang/Codesmith/CTRI11/Projects/OSP/Docketeer/server/controllers/initController.js","statementMap":{"0":{"start":{"line":6,"column":11},"end":{"line":6,"column":41}},"1":{"start":{"line":7,"column":13},"end":{"line":7,"column":28}},"2":{"start":{"line":8,"column":17},"end":{"line":8,"column":41}},"3":{"start":{"line":11,"column":23},"end":{"line":11,"column":25}},"4":{"start":{"line":13,"column":0},"end":{"line":28,"column":2}},"5":{"start":{"line":15,"column":4},"end":{"line":17,"column":54}},"6":{"start":{"line":19,"column":2},"end":{"line":27,"column":4}},"7":{"start":{"line":22,"column":6},"end":{"line":22,"column":31}},"8":{"start":{"line":23,"column":6},"end":{"line":23,"column":33}},"9":{"start":{"line":24,"column":6},"end":{"line":24,"column":33}},"10":{"start":{"line":25,"column":6},"end":{"line":25,"column":20}},"11":{"start":{"line":31,"column":0},"end":{"line":42,"column":2}},"12":{"start":{"line":32,"column":20},"end":{"line":32,"column":50}},"13":{"start":{"line":33,"column":2},"end":{"line":33,"column":24}},"14":{"start":{"line":34,"column":2},"end":{"line":41,"column":7}},"15":{"start":{"line":36,"column":6},"end":{"line":36,"column":20}},"16":{"start":{"line":39,"column":6},"end":{"line":39,"column":22}},"17":{"start":{"line":40,"column":6},"end":{"line":40,"column":32}},"18":{"start":{"line":40,"column":15},"end":{"line":40,"column":32}},"19":{"start":{"line":44,"column":0},"end":{"line":56,"column":1}},"20":{"start":{"line":45,"column":20},"end":{"line":45,"column":40}},"21":{"start":{"line":46,"column":2},"end":{"line":55,"column":7}},"22":{"start":{"line":48,"column":6},"end":{"line":48,"column":39}},"23":{"start":{"line":48,"column":25},"end":{"line":48,"column":39}},"24":{"start":{"line":49,"column":6},"end":{"line":49,"column":28}},"25":{"start":{"line":50,"column":6},"end":{"line":50,"column":20}},"26":{"start":{"line":53,"column":6},"end":{"line":53,"column":22}},"27":{"start":{"line":54,"column":6},"end":{"line":54,"column":32}},"28":{"start":{"line":54,"column":15},"end":{"line":54,"column":32}},"29":{"start":{"line":59,"column":0},"end":{"line":74,"column":1}},"30":{"start":{"line":60,"column":21},"end":{"line":60,"column":53}},"31":{"start":{"line":61,"column":22},"end":{"line":61,"column":172}},"32":{"start":{"line":62,"column":2},"end":{"line":72,"column":4}},"33":{"start":{"line":63,"column":61},"end":{"line":63,"column":91}},"34":{"start":{"line":64,"column":23},"end":{"line":64,"column":71}},"35":{"start":{"line":65,"column":4},"end":{"line":71,"column":7}},"36":{"start":{"line":69,"column":6},"end":{"line":69,"column":22}},"37":{"start":{"line":70,"column":6},"end":{"line":70,"column":32}},"38":{"start":{"line":70,"column":15},"end":{"line":70,"column":32}},"39":{"start":{"line":73,"column":2},"end":{"line":73,"column":16}},"40":{"start":{"line":76,"column":0},"end":{"line":105,"column":1}},"41":{"start":{"line":77,"column":20},"end":{"line":77,"column":71}},"42":{"start":{"line":78,"column":25},"end":{"line":78,"column":96}},"43":{"start":{"line":79,"column":24},"end":{"line":79,"column":43}},"44":{"start":{"line":80,"column":14},"end":{"line":80,"column":15}},"45":{"start":{"line":82,"column":2},"end":{"line":104,"column":3}},"46":{"start":{"line":83,"column":4},"end":{"line":83,"column":40}},"47":{"start":{"line":84,"column":4},"end":{"line":88,"column":6}},"48":{"start":{"line":86,"column":6},"end":{"line":86,"column":32}},"49":{"start":{"line":87,"column":6},"end":{"line":87,"column":20}},"50":{"start":{"line":92,"column":4},"end":{"line":97,"column":7}},"51":{"start":{"line":93,"column":32},"end":{"line":93,"column":68}},"52":{"start":{"line":94,"column":6},"end":{"line":94,"column":14}},"53":{"start":{"line":95,"column":6},"end":{"line":95,"column":68}},"54":{"start":{"line":95,"column":41},"end":{"line":95,"column":68}},"55":{"start":{"line":96,"column":6},"end":{"line":96,"column":41}},"56":{"start":{"line":98,"column":4},"end":{"line":98,"column":34}},"57":{"start":{"line":99,"column":4},"end":{"line":103,"column":6}},"58":{"start":{"line":101,"column":6},"end":{"line":101,"column":32}},"59":{"start":{"line":102,"column":6},"end":{"line":102,"column":20}},"60":{"start":{"line":107,"column":0},"end":{"line":107,"column":32}}},"fnMap":{"0":{"name":"(anonymous_0)","decl":{"start":{"line":13,"column":30},"end":{"line":13,"column":31}},"loc":{"start":{"line":13,"column":50},"end":{"line":28,"column":1}},"line":13},"1":{"name":"(anonymous_1)","decl":{"start":{"line":21,"column":4},"end":{"line":21,"column":5}},"loc":{"start":{"line":21,"column":31},"end":{"line":26,"column":5}},"line":21},"2":{"name":"(anonymous_2)","decl":{"start":{"line":31,"column":26},"end":{"line":31,"column":27}},"loc":{"start":{"line":31,"column":46},"end":{"line":42,"column":1}},"line":31},"3":{"name":"(anonymous_3)","decl":{"start":{"line":35,"column":10},"end":{"line":35,"column":11}},"loc":{"start":{"line":35,"column":20},"end":{"line":37,"column":5}},"line":35},"4":{"name":"(anonymous_4)","decl":{"start":{"line":38,"column":11},"end":{"line":38,"column":12}},"loc":{"start":{"line":38,"column":20},"end":{"line":41,"column":5}},"line":38},"5":{"name":"(anonymous_5)","decl":{"start":{"line":44,"column":24},"end":{"line":44,"column":25}},"loc":{"start":{"line":44,"column":44},"end":{"line":56,"column":1}},"line":44},"6":{"name":"(anonymous_6)","decl":{"start":{"line":47,"column":10},"end":{"line":47,"column":11}},"loc":{"start":{"line":47,"column":20},"end":{"line":51,"column":5}},"line":47},"7":{"name":"(anonymous_7)","decl":{"start":{"line":52,"column":11},"end":{"line":52,"column":12}},"loc":{"start":{"line":52,"column":20},"end":{"line":55,"column":5}},"line":52},"8":{"name":"(anonymous_8)","decl":{"start":{"line":59,"column":28},"end":{"line":59,"column":29}},"loc":{"start":{"line":59,"column":48},"end":{"line":74,"column":1}},"line":59},"9":{"name":"(anonymous_9)","decl":{"start":{"line":62,"column":21},"end":{"line":62,"column":22}},"loc":{"start":{"line":62,"column":36},"end":{"line":72,"column":3}},"line":62},"10":{"name":"(anonymous_10)","decl":{"start":{"line":66,"column":10},"end":{"line":66,"column":11}},"loc":{"start":{"line":66,"column":16},"end":{"line":67,"column":5}},"line":66},"11":{"name":"(anonymous_11)","decl":{"start":{"line":68,"column":11},"end":{"line":68,"column":12}},"loc":{"start":{"line":68,"column":20},"end":{"line":71,"column":5}},"line":68},"12":{"name":"(anonymous_12)","decl":{"start":{"line":76,"column":28},"end":{"line":76,"column":29}},"loc":{"start":{"line":76,"column":54},"end":{"line":105,"column":1}},"line":76},"13":{"name":"(anonymous_13)","decl":{"start":{"line":85,"column":10},"end":{"line":85,"column":11}},"loc":{"start":{"line":85,"column":20},"end":{"line":88,"column":5}},"line":85},"14":{"name":"(anonymous_14)","decl":{"start":{"line":92,"column":35},"end":{"line":92,"column":36}},"loc":{"start":{"line":92,"column":50},"end":{"line":97,"column":5}},"line":92},"15":{"name":"(anonymous_15)","decl":{"start":{"line":100,"column":10},"end":{"line":100,"column":11}},"loc":{"start":{"line":100,"column":20},"end":{"line":103,"column":5}},"line":100}},"branchMap":{"0":{"loc":{"start":{"line":15,"column":4},"end":{"line":17,"column":54}},"type":"cond-expr","locations":[{"start":{"line":16,"column":8},"end":{"line":16,"column":46}},{"start":{"line":17,"column":8},"end":{"line":17,"column":54}}],"line":15},"1":{"loc":{"start":{"line":40,"column":6},"end":{"line":40,"column":32}},"type":"if","locations":[{"start":{"line":40,"column":6},"end":{"line":40,"column":32}},{"start":{},"end":{}}],"line":40},"2":{"loc":{"start":{"line":48,"column":6},"end":{"line":48,"column":39}},"type":"if","locations":[{"start":{"line":48,"column":6},"end":{"line":48,"column":39}},{"start":{},"end":{}}],"line":48},"3":{"loc":{"start":{"line":54,"column":6},"end":{"line":54,"column":32}},"type":"if","locations":[{"start":{"line":54,"column":6},"end":{"line":54,"column":32}},{"start":{},"end":{}}],"line":54},"4":{"loc":{"start":{"line":70,"column":6},"end":{"line":70,"column":32}},"type":"if","locations":[{"start":{"line":70,"column":6},"end":{"line":70,"column":32}},{"start":{},"end":{}}],"line":70},"5":{"loc":{"start":{"line":82,"column":2},"end":{"line":104,"column":3}},"type":"if","locations":[{"start":{"line":82,"column":2},"end":{"line":104,"column":3}},{"start":{"line":91,"column":7},"end":{"line":104,"column":3}}],"line":82},"6":{"loc":{"start":{"line":95,"column":6},"end":{"line":95,"column":68}},"type":"if","locations":[{"start":{"line":95,"column":6},"end":{"line":95,"column":68}},{"start":{},"end":{}}],"line":95}},"s":{"0":1,"1":1,"2":1,"3":1,"4":1,"5":0,"6":0,"7":0,"8":0,"9":0,"10":0,"11":1,"12":0,"13":0,"14":0,"15":0,"16":0,"17":0,"18":0,"19":1,"20":0,"21":0,"22":0,"23":0,"24":0,"25":0,"26":0,"27":0,"28":0,"29":1,"30":0,"31":0,"32":0,"33":0,"34":0,"35":0,"36":0,"37":0,"38":0,"39":0,"40":1,"41":0,"42":0,"43":0,"44":0,"45":0,"46":0,"47":0,"48":0,"49":0,"50":0,"51":0,"52":0,"53":0,"54":0,"55":0,"56":0,"57":0,"58":0,"59":0,"60":1},"f":{"0":0,"1":0,"2":0,"3":0,"4":0,"5":0,"6":0,"7":0,"8":0,"9":0,"10":0,"11":0,"12":0,"13":0,"14":0,"15":0},"b":{"0":[0,0],"1":[0,0],"2":[0,0],"3":[0,0],"4":[0,0],"5":[0,0],"6":[0,0]},"_coverageSchema":"1a1c01bbd47fc00a2c39e90264f33305004495a9","hash":"f5a86aebb2f671c4255c61aae3eefa3a93113203"}
,"/Users/schmang/Codesmith/CTRI11/Projects/OSP/Docketeer/server/controllers/settingsController.js": {"path":"/Users/schmang/Codesmith/CTRI11/Projects/OSP/Docketeer/server/controllers/settingsController.js","statementMap":{"0":{"start":{"line":6,"column":11},"end":{"line":6,"column":41}},"1":{"start":{"line":8,"column":27},"end":{"line":8,"column":29}},"2":{"start":{"line":10,"column":0},"end":{"line":20,"column":2}},"3":{"start":{"line":11,"column":22},"end":{"line":11,"column":100}},"4":{"start":{"line":12,"column":21},"end":{"line":12,"column":56}},"5":{"start":{"line":13,"column":2},"end":{"line":19,"column":7}},"6":{"start":{"line":15,"column":6},"end":{"line":15,"column":20}},"7":{"start":{"line":18,"column":6},"end":{"line":18,"column":23}},"8":{"start":{"line":22,"column":0},"end":{"line":35,"column":2}},"9":{"start":{"line":23,"column":22},"end":{"line":26,"column":27}},"10":{"start":{"line":27,"column":21},"end":{"line":27,"column":58}},"11":{"start":{"line":28,"column":2},"end":{"line":34,"column":4}},"12":{"start":{"line":30,"column":4},"end":{"line":30,"column":18}},"13":{"start":{"line":33,"column":4},"end":{"line":33,"column":21}},"14":{"start":{"line":37,"column":0},"end":{"line":48,"column":2}},"15":{"start":{"line":38,"column":22},"end":{"line":39,"column":121}},"16":{"start":{"line":40,"column":21},"end":{"line":40,"column":58}},"17":{"start":{"line":41,"column":2},"end":{"line":47,"column":4}},"18":{"start":{"line":43,"column":6},"end":{"line":43,"column":20}},"19":{"start":{"line":46,"column":6},"end":{"line":46,"column":23}},"20":{"start":{"line":50,"column":0},"end":{"line":79,"column":2}},"21":{"start":{"line":51,"column":22},"end":{"line":53,"column":79}},"22":{"start":{"line":54,"column":2},"end":{"line":78,"column":4}},"23":{"start":{"line":56,"column":25},"end":{"line":56,"column":27}},"24":{"start":{"line":57,"column":22},"end":{"line":57,"column":24}},"25":{"start":{"line":58,"column":26},"end":{"line":58,"column":28}},"26":{"start":{"line":59,"column":6},"end":{"line":69,"column":9}},"27":{"start":{"line":60,"column":8},"end":{"line":68,"column":9}},"28":{"start":{"line":61,"column":10},"end":{"line":61,"column":50}},"29":{"start":{"line":63,"column":13},"end":{"line":68,"column":9}},"30":{"start":{"line":64,"column":10},"end":{"line":64,"column":47}},"31":{"start":{"line":66,"column":13},"end":{"line":68,"column":9}},"32":{"start":{"line":67,"column":10},"end":{"line":67,"column":51}},"33":{"start":{"line":70,"column":6},"end":{"line":70,"column":37}},"34":{"start":{"line":71,"column":6},"end":{"line":71,"column":31}},"35":{"start":{"line":72,"column":6},"end":{"line":72,"column":39}},"36":{"start":{"line":73,"column":6},"end":{"line":73,"column":20}},"37":{"start":{"line":76,"column":6},"end":{"line":76,"column":52}},"38":{"start":{"line":77,"column":6},"end":{"line":77,"column":23}},"39":{"start":{"line":81,"column":0},"end":{"line":95,"column":2}},"40":{"start":{"line":82,"column":22},"end":{"line":85,"column":36}},"41":{"start":{"line":86,"column":21},"end":{"line":86,"column":94}},"42":{"start":{"line":87,"column":2},"end":{"line":94,"column":4}},"43":{"start":{"line":89,"column":6},"end":{"line":89,"column":20}},"44":{"start":{"line":92,"column":6},"end":{"line":92,"column":43}},"45":{"start":{"line":93,"column":6},"end":{"line":93,"column":23}},"46":{"start":{"line":97,"column":0},"end":{"line":111,"column":2}},"47":{"start":{"line":98,"column":22},"end":{"line":101,"column":46}},"48":{"start":{"line":102,"column":21},"end":{"line":102,"column":102}},"49":{"start":{"line":103,"column":2},"end":{"line":110,"column":6}},"50":{"start":{"line":105,"column":6},"end":{"line":105,"column":20}},"51":{"start":{"line":108,"column":6},"end":{"line":108,"column":50}},"52":{"start":{"line":109,"column":6},"end":{"line":109,"column":23}},"53":{"start":{"line":113,"column":0},"end":{"line":127,"column":2}},"54":{"start":{"line":114,"column":22},"end":{"line":117,"column":44}},"55":{"start":{"line":118,"column":21},"end":{"line":118,"column":102}},"56":{"start":{"line":119,"column":2},"end":{"line":126,"column":4}},"57":{"start":{"line":121,"column":6},"end":{"line":121,"column":20}},"58":{"start":{"line":124,"column":6},"end":{"line":124,"column":48}},"59":{"start":{"line":125,"column":6},"end":{"line":125,"column":23}},"60":{"start":{"line":129,"column":0},"end":{"line":143,"column":2}},"61":{"start":{"line":130,"column":22},"end":{"line":133,"column":34}},"62":{"start":{"line":134,"column":21},"end":{"line":134,"column":63}},"63":{"start":{"line":135,"column":2},"end":{"line":142,"column":4}},"64":{"start":{"line":137,"column":6},"end":{"line":137,"column":20}},"65":{"start":{"line":140,"column":6},"end":{"line":140,"column":40}},"66":{"start":{"line":141,"column":6},"end":{"line":141,"column":23}},"67":{"start":{"line":145,"column":0},"end":{"line":145,"column":36}}},"fnMap":{"0":{"name":"(anonymous_0)","decl":{"start":{"line":10,"column":34},"end":{"line":10,"column":35}},"loc":{"start":{"line":10,"column":60},"end":{"line":20,"column":1}},"line":10},"1":{"name":"(anonymous_1)","decl":{"start":{"line":14,"column":10},"end":{"line":14,"column":11}},"loc":{"start":{"line":14,"column":20},"end":{"line":16,"column":5}},"line":14},"2":{"name":"(anonymous_2)","decl":{"start":{"line":17,"column":11},"end":{"line":17,"column":12}},"loc":{"start":{"line":17,"column":20},"end":{"line":19,"column":5}},"line":17},"3":{"name":"(anonymous_3)","decl":{"start":{"line":22,"column":42},"end":{"line":22,"column":43}},"loc":{"start":{"line":22,"column":68},"end":{"line":35,"column":1}},"line":22},"4":{"name":"(anonymous_4)","decl":{"start":{"line":29,"column":10},"end":{"line":29,"column":11}},"loc":{"start":{"line":29,"column":20},"end":{"line":31,"column":3}},"line":29},"5":{"name":"(anonymous_5)","decl":{"start":{"line":32,"column":9},"end":{"line":32,"column":10}},"loc":{"start":{"line":32,"column":18},"end":{"line":34,"column":3}},"line":32},"6":{"name":"(anonymous_6)","decl":{"start":{"line":37,"column":45},"end":{"line":37,"column":46}},"loc":{"start":{"line":37,"column":71},"end":{"line":48,"column":1}},"line":37},"7":{"name":"(anonymous_7)","decl":{"start":{"line":42,"column":10},"end":{"line":42,"column":11}},"loc":{"start":{"line":42,"column":20},"end":{"line":44,"column":3}},"line":42},"8":{"name":"(anonymous_8)","decl":{"start":{"line":45,"column":11},"end":{"line":45,"column":12}},"loc":{"start":{"line":45,"column":20},"end":{"line":47,"column":3}},"line":45},"9":{"name":"(anonymous_9)","decl":{"start":{"line":50,"column":42},"end":{"line":50,"column":43}},"loc":{"start":{"line":50,"column":68},"end":{"line":79,"column":1}},"line":50},"10":{"name":"(anonymous_10)","decl":{"start":{"line":55,"column":10},"end":{"line":55,"column":11}},"loc":{"start":{"line":55,"column":20},"end":{"line":74,"column":3}},"line":55},"11":{"name":"(anonymous_11)","decl":{"start":{"line":59,"column":24},"end":{"line":59,"column":25}},"loc":{"start":{"line":59,"column":42},"end":{"line":69,"column":7}},"line":59},"12":{"name":"(anonymous_12)","decl":{"start":{"line":75,"column":11},"end":{"line":75,"column":12}},"loc":{"start":{"line":75,"column":20},"end":{"line":78,"column":3}},"line":75},"13":{"name":"(anonymous_13)","decl":{"start":{"line":81,"column":36},"end":{"line":81,"column":37}},"loc":{"start":{"line":81,"column":62},"end":{"line":95,"column":1}},"line":81},"14":{"name":"(anonymous_14)","decl":{"start":{"line":88,"column":10},"end":{"line":88,"column":11}},"loc":{"start":{"line":88,"column":20},"end":{"line":90,"column":3}},"line":88},"15":{"name":"(anonymous_15)","decl":{"start":{"line":91,"column":11},"end":{"line":91,"column":12}},"loc":{"start":{"line":91,"column":20},"end":{"line":94,"column":3}},"line":91},"16":{"name":"(anonymous_16)","decl":{"start":{"line":97,"column":43},"end":{"line":97,"column":44}},"loc":{"start":{"line":97,"column":69},"end":{"line":111,"column":1}},"line":97},"17":{"name":"(anonymous_17)","decl":{"start":{"line":104,"column":10},"end":{"line":104,"column":11}},"loc":{"start":{"line":104,"column":20},"end":{"line":106,"column":3}},"line":104},"18":{"name":"(anonymous_18)","decl":{"start":{"line":107,"column":11},"end":{"line":107,"column":12}},"loc":{"start":{"line":107,"column":20},"end":{"line":110,"column":5}},"line":107},"19":{"name":"(anonymous_19)","decl":{"start":{"line":113,"column":41},"end":{"line":113,"column":42}},"loc":{"start":{"line":113,"column":67},"end":{"line":127,"column":1}},"line":113},"20":{"name":"(anonymous_20)","decl":{"start":{"line":120,"column":10},"end":{"line":120,"column":11}},"loc":{"start":{"line":120,"column":20},"end":{"line":122,"column":3}},"line":120},"21":{"name":"(anonymous_21)","decl":{"start":{"line":123,"column":11},"end":{"line":123,"column":12}},"loc":{"start":{"line":123,"column":20},"end":{"line":126,"column":3}},"line":123},"22":{"name":"(anonymous_22)","decl":{"start":{"line":129,"column":33},"end":{"line":129,"column":34}},"loc":{"start":{"line":129,"column":59},"end":{"line":143,"column":1}},"line":129},"23":{"name":"(anonymous_23)","decl":{"start":{"line":136,"column":10},"end":{"line":136,"column":11}},"loc":{"start":{"line":136,"column":20},"end":{"line":138,"column":3}},"line":136},"24":{"name":"(anonymous_24)","decl":{"start":{"line":139,"column":11},"end":{"line":139,"column":12}},"loc":{"start":{"line":139,"column":20},"end":{"line":142,"column":3}},"line":139}},"branchMap":{"0":{"loc":{"start":{"line":60,"column":8},"end":{"line":68,"column":9}},"type":"if","locations":[{"start":{"line":60,"column":8},"end":{"line":68,"column":9}},{"start":{"line":63,"column":13},"end":{"line":68,"column":9}}],"line":60},"1":{"loc":{"start":{"line":63,"column":13},"end":{"line":68,"column":9}},"type":"if","locations":[{"start":{"line":63,"column":13},"end":{"line":68,"column":9}},{"start":{"line":66,"column":13},"end":{"line":68,"column":9}}],"line":63},"2":{"loc":{"start":{"line":66,"column":13},"end":{"line":68,"column":9}},"type":"if","locations":[{"start":{"line":66,"column":13},"end":{"line":68,"column":9}},{"start":{},"end":{}}],"line":66}},"s":{"0":1,"1":1,"2":1,"3":0,"4":0,"5":0,"6":0,"7":0,"8":1,"9":0,"10":0,"11":0,"12":0,"13":0,"14":1,"15":0,"16":0,"17":0,"18":0,"19":0,"20":1,"21":0,"22":0,"23":0,"24":0,"25":0,"26":0,"27":0,"28":0,"29":0,"30":0,"31":0,"32":0,"33":0,"34":0,"35":0,"36":0,"37":0,"38":0,"39":1,"40":0,"41":0,"42":0,"43":0,"44":0,"45":0,"46":1,"47":0,"48":0,"49":0,"50":0,"51":0,"52":0,"53":1,"54":0,"55":0,"56":0,"57":0,"58":0,"59":0,"60":1,"61":0,"62":0,"63":0,"64":0,"65":0,"66":0,"67":1},"f":{"0":0,"1":0,"2":0,"3":0,"4":0,"5":0,"6":0,"7":0,"8":0,"9":0,"10":0,"11":0,"12":0,"13":0,"14":0,"15":0,"16":0,"17":0,"18":0,"19":0,"20":0,"21":0,"22":0,"23":0,"24":0},"b":{"0":[0,0],"1":[0,0],"2":[0,0]},"_coverageSchema":"1a1c01bbd47fc00a2c39e90264f33305004495a9","hash":"4fc64597008e56c53095c46aa30bddc6bf355a37"}
,"/Users/schmang/Codesmith/CTRI11/Projects/OSP/Docketeer/server/controllers/signupController.js": {"path":"/Users/schmang/Codesmith/CTRI11/Projects/OSP/Docketeer/server/controllers/signupController.js","statementMap":{"0":{"start":{"line":6,"column":11},"end":{"line":6,"column":42}},"1":{"start":{"line":8,"column":25},"end":{"line":8,"column":27}},"2":{"start":{"line":11,"column":0},"end":{"line":31,"column":2}},"3":{"start":{"line":12,"column":23},"end":{"line":12,"column":31}},"4":{"start":{"line":14,"column":30},"end":{"line":14,"column":81}},"5":{"start":{"line":16,"column":2},"end":{"line":30,"column":7}},"6":{"start":{"line":18,"column":6},"end":{"line":23,"column":7}},"7":{"start":{"line":19,"column":8},"end":{"line":19,"column":54}},"8":{"start":{"line":20,"column":8},"end":{"line":20,"column":22}},"9":{"start":{"line":22,"column":8},"end":{"line":22,"column":22}},"10":{"start":{"line":26,"column":6},"end":{"line":29,"column":9}},"11":{"start":{"line":34,"column":0},"end":{"line":45,"column":2}},"12":{"start":{"line":35,"column":2},"end":{"line":35,"column":38}},"13":{"start":{"line":35,"column":24},"end":{"line":35,"column":38}},"14":{"start":{"line":37,"column":23},"end":{"line":37,"column":31}},"15":{"start":{"line":39,"column":2},"end":{"line":44,"column":3}},"16":{"start":{"line":40,"column":4},"end":{"line":40,"column":18}},"17":{"start":{"line":42,"column":4},"end":{"line":42,"column":65}},"18":{"start":{"line":43,"column":4},"end":{"line":43,"column":18}},"19":{"start":{"line":48,"column":0},"end":{"line":53,"column":2}},"20":{"start":{"line":49,"column":33},"end":{"line":49,"column":41}},"21":{"start":{"line":51,"column":2},"end":{"line":51,"column":81}},"22":{"start":{"line":51,"column":30},"end":{"line":51,"column":81}},"23":{"start":{"line":52,"column":2},"end":{"line":52,"column":16}},"24":{"start":{"line":55,"column":0},"end":{"line":55,"column":34}}},"fnMap":{"0":{"name":"(anonymous_0)","decl":{"start":{"line":11,"column":33},"end":{"line":11,"column":34}},"loc":{"start":{"line":11,"column":53},"end":{"line":31,"column":1}},"line":11},"1":{"name":"(anonymous_1)","decl":{"start":{"line":17,"column":10},"end":{"line":17,"column":11}},"loc":{"start":{"line":17,"column":20},"end":{"line":24,"column":5}},"line":17},"2":{"name":"(anonymous_2)","decl":{"start":{"line":25,"column":11},"end":{"line":25,"column":12}},"loc":{"start":{"line":25,"column":20},"end":{"line":30,"column":5}},"line":25},"3":{"name":"(anonymous_3)","decl":{"start":{"line":34,"column":33},"end":{"line":34,"column":34}},"loc":{"start":{"line":34,"column":53},"end":{"line":45,"column":1}},"line":34},"4":{"name":"(anonymous_4)","decl":{"start":{"line":48,"column":38},"end":{"line":48,"column":39}},"loc":{"start":{"line":48,"column":58},"end":{"line":53,"column":1}},"line":48}},"branchMap":{"0":{"loc":{"start":{"line":18,"column":6},"end":{"line":23,"column":7}},"type":"if","locations":[{"start":{"line":18,"column":6},"end":{"line":23,"column":7}},{"start":{"line":21,"column":13},"end":{"line":23,"column":7}}],"line":18},"1":{"loc":{"start":{"line":35,"column":2},"end":{"line":35,"column":38}},"type":"if","locations":[{"start":{"line":35,"column":2},"end":{"line":35,"column":38}},{"start":{},"end":{}}],"line":35},"2":{"loc":{"start":{"line":39,"column":2},"end":{"line":44,"column":3}},"type":"if","locations":[{"start":{"line":39,"column":2},"end":{"line":44,"column":3}},{"start":{"line":41,"column":9},"end":{"line":44,"column":3}}],"line":39},"3":{"loc":{"start":{"line":51,"column":2},"end":{"line":51,"column":81}},"type":"if","locations":[{"start":{"line":51,"column":2},"end":{"line":51,"column":81}},{"start":{},"end":{}}],"line":51},"4":{"loc":{"start":{"line":51,"column":6},"end":{"line":51,"column":28}},"type":"binary-expr","locations":[{"start":{"line":51,"column":6},"end":{"line":51,"column":15}},{"start":{"line":51,"column":19},"end":{"line":51,"column":28}}],"line":51}},"s":{"0":1,"1":1,"2":1,"3":0,"4":0,"5":0,"6":0,"7":0,"8":0,"9":0,"10":0,"11":1,"12":0,"13":0,"14":0,"15":0,"16":0,"17":0,"18":0,"19":1,"20":0,"21":0,"22":0,"23":0,"24":1},"f":{"0":0,"1":0,"2":0,"3":0,"4":0},"b":{"0":[0,0],"1":[0,0],"2":[0,0],"3":[0,0],"4":[0,0]},"_coverageSchema":"1a1c01bbd47fc00a2c39e90264f33305004495a9","hash":"21ec0dab7d33cbf203970cd368e5ed91e4f40c36"}
,"/Users/schmang/Codesmith/CTRI11/Projects/OSP/Docketeer/server/controllers/userController.js": {"path":"/Users/schmang/Codesmith/CTRI11/Projects/OSP/Docketeer/server/controllers/userController.js","statementMap":{"0":{"start":{"line":5,"column":11},"end":{"line":5,"column":42}},"1":{"start":{"line":7,"column":23},"end":{"line":7,"column":25}},"2":{"start":{"line":10,"column":0},"end":{"line":32,"column":2}},"3":{"start":{"line":11,"column":2},"end":{"line":11,"column":38}},"4":{"start":{"line":11,"column":24},"end":{"line":11,"column":38}},"5":{"start":{"line":13,"column":37},"end":{"line":13,"column":45}},"6":{"start":{"line":14,"column":19},"end":{"line":14,"column":29}},"7":{"start":{"line":16,"column":21},"end":{"line":16,"column":128}},"8":{"start":{"line":17,"column":22},"end":{"line":17,"column":52}},"9":{"start":{"line":19,"column":2},"end":{"line":31,"column":3}},"10":{"start":{"line":20,"column":4},"end":{"line":30,"column":9}},"11":{"start":{"line":22,"column":8},"end":{"line":22,"column":39}},"12":{"start":{"line":23,"column":8},"end":{"line":23,"column":22}},"13":{"start":{"line":26,"column":8},"end":{"line":29,"column":11}},"14":{"start":{"line":35,"column":0},"end":{"line":52,"column":2}},"15":{"start":{"line":36,"column":2},"end":{"line":51,"column":3}},"16":{"start":{"line":37,"column":4},"end":{"line":37,"column":18}},"17":{"start":{"line":39,"column":21},"end":{"line":39,"column":60}},"18":{"start":{"line":40,"column":4},"end":{"line":50,"column":9}},"19":{"start":{"line":42,"column":8},"end":{"line":42,"column":41}},"20":{"start":{"line":43,"column":8},"end":{"line":43,"column":22}},"21":{"start":{"line":46,"column":8},"end":{"line":49,"column":11}},"22":{"start":{"line":55,"column":0},"end":{"line":71,"column":2}},"23":{"start":{"line":56,"column":18},"end":{"line":56,"column":26}},"24":{"start":{"line":58,"column":18},"end":{"line":58,"column":59}},"25":{"start":{"line":60,"column":2},"end":{"line":70,"column":7}},"26":{"start":{"line":62,"column":6},"end":{"line":62,"column":39}},"27":{"start":{"line":63,"column":6},"end":{"line":63,"column":20}},"28":{"start":{"line":66,"column":6},"end":{"line":69,"column":9}},"29":{"start":{"line":74,"column":0},"end":{"line":92,"column":2}},"30":{"start":{"line":75,"column":2},"end":{"line":75,"column":38}},"31":{"start":{"line":75,"column":24},"end":{"line":75,"column":38}},"32":{"start":{"line":77,"column":23},"end":{"line":77,"column":31}},"33":{"start":{"line":79,"column":18},"end":{"line":79,"column":69}},"34":{"start":{"line":81,"column":2},"end":{"line":91,"column":7}},"35":{"start":{"line":83,"column":6},"end":{"line":83,"column":114}},"36":{"start":{"line":83,"column":24},"end":{"line":83,"column":55}},"37":{"start":{"line":83,"column":61},"end":{"line":83,"column":114}},"38":{"start":{"line":84,"column":6},"end":{"line":84,"column":20}},"39":{"start":{"line":87,"column":6},"end":{"line":90,"column":9}},"40":{"start":{"line":95,"column":0},"end":{"line":111,"column":2}},"41":{"start":{"line":97,"column":16},"end":{"line":97,"column":55}},"42":{"start":{"line":99,"column":2},"end":{"line":110,"column":7}},"43":{"start":{"line":101,"column":6},"end":{"line":101,"column":43}},"44":{"start":{"line":102,"column":6},"end":{"line":102,"column":39}},"45":{"start":{"line":103,"column":6},"end":{"line":103,"column":20}},"46":{"start":{"line":106,"column":6},"end":{"line":109,"column":9}},"47":{"start":{"line":114,"column":0},"end":{"line":146,"column":2}},"48":{"start":{"line":116,"column":18},"end":{"line":120,"column":3}},"49":{"start":{"line":122,"column":24},"end":{"line":122,"column":32}},"50":{"start":{"line":124,"column":2},"end":{"line":145,"column":3}},"51":{"start":{"line":125,"column":4},"end":{"line":125,"column":31}},"52":{"start":{"line":126,"column":4},"end":{"line":126,"column":11}},"53":{"start":{"line":129,"column":18},"end":{"line":129,"column":88}},"54":{"start":{"line":131,"column":23},"end":{"line":131,"column":49}},"55":{"start":{"line":133,"column":4},"end":{"line":144,"column":9}},"56":{"start":{"line":135,"column":8},"end":{"line":135,"column":44}},"57":{"start":{"line":136,"column":8},"end":{"line":136,"column":36}},"58":{"start":{"line":137,"column":8},"end":{"line":137,"column":22}},"59":{"start":{"line":140,"column":8},"end":{"line":143,"column":11}},"60":{"start":{"line":148,"column":0},"end":{"line":173,"column":2}},"61":{"start":{"line":150,"column":2},"end":{"line":153,"column":3}},"62":{"start":{"line":151,"column":4},"end":{"line":151,"column":93}},"63":{"start":{"line":152,"column":4},"end":{"line":152,"column":18}},"64":{"start":{"line":154,"column":19},"end":{"line":154,"column":29}},"65":{"start":{"line":155,"column":23},"end":{"line":155,"column":31}},"66":{"start":{"line":159,"column":16},"end":{"line":159,"column":81}},"67":{"start":{"line":160,"column":21},"end":{"line":160,"column":39}},"68":{"start":{"line":162,"column":2},"end":{"line":172,"column":7}},"69":{"start":{"line":164,"column":6},"end":{"line":164,"column":37}},"70":{"start":{"line":165,"column":6},"end":{"line":165,"column":20}},"71":{"start":{"line":168,"column":6},"end":{"line":171,"column":9}},"72":{"start":{"line":175,"column":0},"end":{"line":193,"column":2}},"73":{"start":{"line":177,"column":30},"end":{"line":177,"column":38}},"74":{"start":{"line":179,"column":16},"end":{"line":179,"column":78}},"75":{"start":{"line":180,"column":21},"end":{"line":180,"column":40}},"76":{"start":{"line":182,"column":2},"end":{"line":192,"column":7}},"77":{"start":{"line":184,"column":6},"end":{"line":184,"column":37}},"78":{"start":{"line":185,"column":6},"end":{"line":185,"column":20}},"79":{"start":{"line":188,"column":6},"end":{"line":191,"column":9}},"80":{"start":{"line":195,"column":0},"end":{"line":212,"column":2}},"81":{"start":{"line":196,"column":30},"end":{"line":196,"column":38}},"82":{"start":{"line":198,"column":16},"end":{"line":198,"column":78}},"83":{"start":{"line":199,"column":21},"end":{"line":199,"column":40}},"84":{"start":{"line":201,"column":2},"end":{"line":211,"column":7}},"85":{"start":{"line":203,"column":6},"end":{"line":203,"column":37}},"86":{"start":{"line":204,"column":6},"end":{"line":204,"column":20}},"87":{"start":{"line":207,"column":6},"end":{"line":210,"column":9}},"88":{"start":{"line":214,"column":0},"end":{"line":214,"column":32}}},"fnMap":{"0":{"name":"(anonymous_0)","decl":{"start":{"line":10,"column":28},"end":{"line":10,"column":29}},"loc":{"start":{"line":10,"column":48},"end":{"line":32,"column":1}},"line":10},"1":{"name":"(anonymous_1)","decl":{"start":{"line":21,"column":12},"end":{"line":21,"column":13}},"loc":{"start":{"line":21,"column":22},"end":{"line":24,"column":7}},"line":21},"2":{"name":"(anonymous_2)","decl":{"start":{"line":25,"column":13},"end":{"line":25,"column":14}},"loc":{"start":{"line":25,"column":22},"end":{"line":30,"column":7}},"line":25},"3":{"name":"(anonymous_3)","decl":{"start":{"line":35,"column":29},"end":{"line":35,"column":30}},"loc":{"start":{"line":35,"column":49},"end":{"line":52,"column":1}},"line":35},"4":{"name":"(anonymous_4)","decl":{"start":{"line":41,"column":12},"end":{"line":41,"column":13}},"loc":{"start":{"line":41,"column":26},"end":{"line":44,"column":7}},"line":41},"5":{"name":"(anonymous_5)","decl":{"start":{"line":45,"column":13},"end":{"line":45,"column":14}},"loc":{"start":{"line":45,"column":22},"end":{"line":50,"column":7}},"line":45},"6":{"name":"(anonymous_6)","decl":{"start":{"line":55,"column":28},"end":{"line":55,"column":29}},"loc":{"start":{"line":55,"column":48},"end":{"line":71,"column":1}},"line":55},"7":{"name":"(anonymous_7)","decl":{"start":{"line":61,"column":10},"end":{"line":61,"column":11}},"loc":{"start":{"line":61,"column":24},"end":{"line":64,"column":5}},"line":61},"8":{"name":"(anonymous_8)","decl":{"start":{"line":65,"column":11},"end":{"line":65,"column":12}},"loc":{"start":{"line":65,"column":20},"end":{"line":70,"column":5}},"line":65},"9":{"name":"(anonymous_9)","decl":{"start":{"line":74,"column":28},"end":{"line":74,"column":29}},"loc":{"start":{"line":74,"column":48},"end":{"line":92,"column":1}},"line":74},"10":{"name":"(anonymous_10)","decl":{"start":{"line":82,"column":10},"end":{"line":82,"column":11}},"loc":{"start":{"line":82,"column":20},"end":{"line":85,"column":5}},"line":82},"11":{"name":"(anonymous_11)","decl":{"start":{"line":86,"column":11},"end":{"line":86,"column":12}},"loc":{"start":{"line":86,"column":20},"end":{"line":91,"column":5}},"line":86},"12":{"name":"(anonymous_12)","decl":{"start":{"line":95,"column":31},"end":{"line":95,"column":32}},"loc":{"start":{"line":95,"column":51},"end":{"line":111,"column":1}},"line":95},"13":{"name":"(anonymous_13)","decl":{"start":{"line":100,"column":10},"end":{"line":100,"column":11}},"loc":{"start":{"line":100,"column":20},"end":{"line":104,"column":5}},"line":100},"14":{"name":"(anonymous_14)","decl":{"start":{"line":105,"column":11},"end":{"line":105,"column":12}},"loc":{"start":{"line":105,"column":20},"end":{"line":110,"column":5}},"line":105},"15":{"name":"(anonymous_15)","decl":{"start":{"line":114,"column":32},"end":{"line":114,"column":33}},"loc":{"start":{"line":114,"column":52},"end":{"line":146,"column":1}},"line":114},"16":{"name":"(anonymous_16)","decl":{"start":{"line":134,"column":12},"end":{"line":134,"column":13}},"loc":{"start":{"line":134,"column":22},"end":{"line":138,"column":7}},"line":134},"17":{"name":"(anonymous_17)","decl":{"start":{"line":139,"column":13},"end":{"line":139,"column":14}},"loc":{"start":{"line":139,"column":22},"end":{"line":144,"column":7}},"line":139},"18":{"name":"(anonymous_18)","decl":{"start":{"line":148,"column":32},"end":{"line":148,"column":33}},"loc":{"start":{"line":148,"column":52},"end":{"line":173,"column":1}},"line":148},"19":{"name":"(anonymous_19)","decl":{"start":{"line":163,"column":10},"end":{"line":163,"column":11}},"loc":{"start":{"line":163,"column":20},"end":{"line":166,"column":5}},"line":163},"20":{"name":"(anonymous_20)","decl":{"start":{"line":167,"column":11},"end":{"line":167,"column":12}},"loc":{"start":{"line":167,"column":20},"end":{"line":172,"column":5}},"line":167},"21":{"name":"(anonymous_21)","decl":{"start":{"line":175,"column":29},"end":{"line":175,"column":30}},"loc":{"start":{"line":175,"column":49},"end":{"line":193,"column":1}},"line":175},"22":{"name":"(anonymous_22)","decl":{"start":{"line":183,"column":10},"end":{"line":183,"column":11}},"loc":{"start":{"line":183,"column":20},"end":{"line":186,"column":5}},"line":183},"23":{"name":"(anonymous_23)","decl":{"start":{"line":187,"column":11},"end":{"line":187,"column":12}},"loc":{"start":{"line":187,"column":20},"end":{"line":192,"column":5}},"line":187},"24":{"name":"(anonymous_24)","decl":{"start":{"line":195,"column":29},"end":{"line":195,"column":30}},"loc":{"start":{"line":195,"column":49},"end":{"line":212,"column":1}},"line":195},"25":{"name":"(anonymous_25)","decl":{"start":{"line":202,"column":10},"end":{"line":202,"column":11}},"loc":{"start":{"line":202,"column":20},"end":{"line":205,"column":5}},"line":202},"26":{"name":"(anonymous_26)","decl":{"start":{"line":206,"column":11},"end":{"line":206,"column":12}},"loc":{"start":{"line":206,"column":20},"end":{"line":211,"column":5}},"line":206}},"branchMap":{"0":{"loc":{"start":{"line":11,"column":2},"end":{"line":11,"column":38}},"type":"if","locations":[{"start":{"line":11,"column":2},"end":{"line":11,"column":38}},{"start":{},"end":{}}],"line":11},"1":{"loc":{"start":{"line":19,"column":2},"end":{"line":31,"column":3}},"type":"if","locations":[{"start":{"line":19,"column":2},"end":{"line":31,"column":3}},{"start":{},"end":{}}],"line":19},"2":{"loc":{"start":{"line":19,"column":6},"end":{"line":19,"column":22}},"type":"binary-expr","locations":[{"start":{"line":19,"column":6},"end":{"line":19,"column":14}},{"start":{"line":19,"column":18},"end":{"line":19,"column":22}}],"line":19},"3":{"loc":{"start":{"line":36,"column":2},"end":{"line":51,"column":3}},"type":"if","locations":[{"start":{"line":36,"column":2},"end":{"line":51,"column":3}},{"start":{"line":38,"column":7},"end":{"line":51,"column":3}}],"line":36},"4":{"loc":{"start":{"line":75,"column":2},"end":{"line":75,"column":38}},"type":"if","locations":[{"start":{"line":75,"column":2},"end":{"line":75,"column":38}},{"start":{},"end":{}}],"line":75},"5":{"loc":{"start":{"line":83,"column":6},"end":{"line":83,"column":114}},"type":"if","locations":[{"start":{"line":83,"column":6},"end":{"line":83,"column":114}},{"start":{"line":83,"column":61},"end":{"line":83,"column":114}}],"line":83},"6":{"loc":{"start":{"line":124,"column":2},"end":{"line":145,"column":3}},"type":"if","locations":[{"start":{"line":124,"column":2},"end":{"line":145,"column":3}},{"start":{"line":127,"column":10},"end":{"line":145,"column":3}}],"line":124},"7":{"loc":{"start":{"line":124,"column":5},"end":{"line":124,"column":55}},"type":"binary-expr","locations":[{"start":{"line":124,"column":5},"end":{"line":124,"column":31}},{"start":{"line":124,"column":35},"end":{"line":124,"column":55}}],"line":124},"8":{"loc":{"start":{"line":150,"column":2},"end":{"line":153,"column":3}},"type":"if","locations":[{"start":{"line":150,"column":2},"end":{"line":153,"column":3}},{"start":{},"end":{}}],"line":150}},"s":{"0":1,"1":1,"2":1,"3":0,"4":0,"5":0,"6":0,"7":0,"8":0,"9":0,"10":0,"11":0,"12":0,"13":0,"14":1,"15":0,"16":0,"17":0,"18":0,"19":0,"20":0,"21":0,"22":1,"23":0,"24":0,"25":0,"26":0,"27":0,"28":0,"29":1,"30":0,"31":0,"32":0,"33":0,"34":0,"35":0,"36":0,"37":0,"38":0,"39":0,"40":1,"41":0,"42":0,"43":0,"44":0,"45":0,"46":0,"47":1,"48":0,"49":0,"50":0,"51":0,"52":0,"53":0,"54":0,"55":0,"56":0,"57":0,"58":0,"59":0,"60":1,"61":0,"62":0,"63":0,"64":0,"65":0,"66":0,"67":0,"68":0,"69":0,"70":0,"71":0,"72":1,"73":0,"74":0,"75":0,"76":0,"77":0,"78":0,"79":0,"80":1,"81":0,"82":0,"83":0,"84":0,"85":0,"86":0,"87":0,"88":1},"f":{"0":0,"1":0,"2":0,"3":0,"4":0,"5":0,"6":0,"7":0,"8":0,"9":0,"10":0,"11":0,"12":0,"13":0,"14":0,"15":0,"16":0,"17":0,"18":0,"19":0,"20":0,"21":0,"22":0,"23":0,"24":0,"25":0,"26":0},"b":{"0":[0,0],"1":[0,0],"2":[0,0],"3":[0,0],"4":[0,0],"5":[0,0],"6":[0,0],"7":[0,0],"8":[0,0]},"_coverageSchema":"1a1c01bbd47fc00a2c39e90264f33305004495a9","hash":"7d019fbec0cdfab5b55265dfb0f6a5313d2dcd94"}
,"/Users/schmang/Codesmith/CTRI11/Projects/OSP/Docketeer/server/models/cloudModel.js": {"path":"/Users/schmang/Codesmith/CTRI11/Projects/OSP/Docketeer/server/models/cloudModel.js","statementMap":{"0":{"start":{"line":5,"column":17},"end":{"line":5,"column":30}},"1":{"start":{"line":6,"column":0},"end":{"line":6,"column":27}},"2":{"start":{"line":8,"column":15},"end":{"line":8,"column":39}},"3":{"start":{"line":10,"column":18},"end":{"line":12,"column":2}},"4":{"start":{"line":14,"column":0},"end":{"line":19,"column":2}},"5":{"start":{"line":16,"column":4},"end":{"line":16,"column":43}},"6":{"start":{"line":17,"column":4},"end":{"line":17,"column":51}}},"fnMap":{"0":{"name":"(anonymous_0)","decl":{"start":{"line":15,"column":9},"end":{"line":15,"column":10}},"loc":{"start":{"line":15,"column":37},"end":{"line":18,"column":3}},"line":15}},"branchMap":{},"s":{"0":1,"1":1,"2":1,"3":1,"4":1,"5":0,"6":0},"f":{"0":0},"b":{},"_coverageSchema":"1a1c01bbd47fc00a2c39e90264f33305004495a9","hash":"d59e3e3bb45d56a7035b4431c2cda99adfce7f3a"}
,"/Users/schmang/Codesmith/CTRI11/Projects/OSP/Docketeer/server/models/psqlQuery.js": {"path":"/Users/schmang/Codesmith/CTRI11/Projects/OSP/Docketeer/server/models/psqlQuery.js","statementMap":{"0":{"start":{"line":6,"column":17},"end":{"line":6,"column":30}},"1":{"start":{"line":8,"column":13},"end":{"line":14,"column":2}},"2":{"start":{"line":16,"column":0},"end":{"line":21,"column":2}},"3":{"start":{"line":18,"column":4},"end":{"line":18,"column":53}},"4":{"start":{"line":19,"column":4},"end":{"line":19,"column":46}}},"fnMap":{"0":{"name":"(anonymous_0)","decl":{"start":{"line":17,"column":10},"end":{"line":17,"column":11}},"loc":{"start":{"line":17,"column":38},"end":{"line":20,"column":3}},"line":17}},"branchMap":{},"s":{"0":1,"1":1,"2":1,"3":0,"4":0},"f":{"0":0},"b":{},"_coverageSchema":"1a1c01bbd47fc00a2c39e90264f33305004495a9","hash":"0704982376b4baf2ca35a9b74d0cb71ccb9b0ed6"}
,"/Users/schmang/Codesmith/CTRI11/Projects/OSP/Docketeer/server/routes/accountRouter.js": {"path":"/Users/schmang/Codesmith/CTRI11/Projects/OSP/Docketeer/server/routes/accountRouter.js","statementMap":{"0":{"start":{"line":5,"column":16},"end":{"line":5,"column":34}},"1":{"start":{"line":6,"column":25},"end":{"line":6,"column":67}},"2":{"start":{"line":7,"column":23},"end":{"line":7,"column":63}},"3":{"start":{"line":8,"column":25},"end":{"line":8,"column":67}},"4":{"start":{"line":10,"column":15},"end":{"line":10,"column":31}},"5":{"start":{"line":13,"column":0},"end":{"line":18,"column":2}},"6":{"start":{"line":16,"column":4},"end":{"line":16,"column":49}},"7":{"start":{"line":20,"column":0},"end":{"line":28,"column":2}},"8":{"start":{"line":25,"column":4},"end":{"line":25,"column":66}},"9":{"start":{"line":25,"column":26},"end":{"line":25,"column":66}},"10":{"start":{"line":26,"column":4},"end":{"line":26,"column":71}},"11":{"start":{"line":30,"column":0},"end":{"line":35,"column":2}},"12":{"start":{"line":33,"column":4},"end":{"line":33,"column":49}},"13":{"start":{"line":37,"column":0},"end":{"line":42,"column":2}},"14":{"start":{"line":40,"column":4},"end":{"line":40,"column":49}},"15":{"start":{"line":44,"column":0},"end":{"line":49,"column":2}},"16":{"start":{"line":47,"column":4},"end":{"line":47,"column":49}},"17":{"start":{"line":52,"column":0},"end":{"line":57,"column":2}},"18":{"start":{"line":55,"column":4},"end":{"line":55,"column":49}},"19":{"start":{"line":60,"column":0},"end":{"line":65,"column":2}},"20":{"start":{"line":63,"column":4},"end":{"line":63,"column":49}},"21":{"start":{"line":67,"column":0},"end":{"line":67,"column":24}}},"fnMap":{"0":{"name":"(anonymous_0)","decl":{"start":{"line":15,"column":2},"end":{"line":15,"column":3}},"loc":{"start":{"line":15,"column":16},"end":{"line":17,"column":3}},"line":15},"1":{"name":"(anonymous_1)","decl":{"start":{"line":24,"column":2},"end":{"line":24,"column":3}},"loc":{"start":{"line":24,"column":16},"end":{"line":27,"column":3}},"line":24},"2":{"name":"(anonymous_2)","decl":{"start":{"line":32,"column":2},"end":{"line":32,"column":3}},"loc":{"start":{"line":32,"column":16},"end":{"line":34,"column":3}},"line":32},"3":{"name":"(anonymous_3)","decl":{"start":{"line":39,"column":2},"end":{"line":39,"column":3}},"loc":{"start":{"line":39,"column":16},"end":{"line":41,"column":3}},"line":39},"4":{"name":"(anonymous_4)","decl":{"start":{"line":46,"column":2},"end":{"line":46,"column":3}},"loc":{"start":{"line":46,"column":16},"end":{"line":48,"column":3}},"line":46},"5":{"name":"(anonymous_5)","decl":{"start":{"line":54,"column":2},"end":{"line":54,"column":3}},"loc":{"start":{"line":54,"column":16},"end":{"line":56,"column":3}},"line":54},"6":{"name":"(anonymous_6)","decl":{"start":{"line":62,"column":2},"end":{"line":62,"column":3}},"loc":{"start":{"line":62,"column":16},"end":{"line":64,"column":3}},"line":62}},"branchMap":{"0":{"loc":{"start":{"line":25,"column":4},"end":{"line":25,"column":66}},"type":"if","locations":[{"start":{"line":25,"column":4},"end":{"line":25,"column":66}},{"start":{},"end":{}}],"line":25}},"s":{"0":1,"1":1,"2":1,"3":1,"4":1,"5":1,"6":0,"7":1,"8":0,"9":0,"10":0,"11":1,"12":0,"13":1,"14":0,"15":1,"16":0,"17":1,"18":0,"19":1,"20":0,"21":1},"f":{"0":0,"1":0,"2":0,"3":0,"4":0,"5":0,"6":0},"b":{"0":[0,0]},"_coverageSchema":"1a1c01bbd47fc00a2c39e90264f33305004495a9","hash":"a01e5ddcdf0e6a77fe962110552bfe408f819d68"}
[...]
,"/Users/schmang/Codesmith/CTRI11/Projects/OSP/Docketeer/server/routes/dbRouter.js": {"path":"/Users/schmang/Codesmith/CTRI11/Projects/OSP/Docketeer/server/routes/dbRouter.js","statementMap":{"0":{"start":{"line":5,"column":16},"end":{"line":5,"column":34}},"1":{"start":{"line":6,"column":21},"end":{"line":6,"column":59}},"2":{"start":{"line":8,"column":15},"end":{"line":8,"column":31}},"3":{"start":{"line":11,"column":0},"end":{"line":20,"column":2}},"4":{"start":{"line":18,"column":4},"end":{"line":18,"column":69}},"5":{"start":{"line":22,"column":0},"end":{"line":22,"column":24}}},"fnMap":{"0":{"name":"(anonymous_0)","decl":{"start":{"line":17,"column":2},"end":{"line":17,"column":3}},"loc":{"start":{"line":17,"column":16},"end":{"line":19,"column":3}},"line":17}},"branchMap":{},"s":{"0":1,"1":1,"2":1,"3":1,"4":0,"5":1},"f":{"0":0},"b":{},"_coverageSchema":"1a1c01bbd47fc00a2c39e90264f33305004495a9","hash":"05fb9baa9476d6d6820a5d62b035cbb12d132db8"}
,"/Users/schmang/Codesmith/CTRI11/Projects/OSP/Docketeer/server/routes/initRouter.js": {"path":"/Users/schmang/Codesmith/CTRI11/Projects/OSP/Docketeer/server/routes/initRouter.js","statementMap":{"0":{"start":{"line":5,"column":16},"end":{"line":5,"column":34}},"1":{"start":{"line":6,"column":23},"end":{"line":6,"column":63}},"2":{"start":{"line":8,"column":15},"end":{"line":8,"column":31}},"3":{"start":{"line":11,"column":0},"end":{"line":16,"column":2}},"4":{"start":{"line":14,"column":4},"end":{"line":14,"column":44}},"5":{"start":{"line":18,"column":0},"end":{"line":23,"column":2}},"6":{"start":{"line":21,"column":4},"end":{"line":21,"column":31}},"7":{"start":{"line":25,"column":0},"end":{"line":30,"column":2}},"8":{"start":{"line":28,"column":4},"end":{"line":28,"column":48}},"9":{"start":{"line":32,"column":0},"end":{"line":37,"column":2}},"10":{"start":{"line":35,"column":4},"end":{"line":35,"column":36}},"11":{"start":{"line":39,"column":0},"end":{"line":44,"column":2}},"12":{"start":{"line":42,"column":2},"end":{"line":42,"column":49}},"13":{"start":{"line":46,"column":0},"end":{"line":46,"column":24}}},"fnMap":{"0":{"name":"(anonymous_0)","decl":{"start":{"line":13,"column":2},"end":{"line":13,"column":3}},"loc":{"start":{"line":13,"column":16},"end":{"line":15,"column":3}},"line":13},"1":{"name":"(anonymous_1)","decl":{"start":{"line":20,"column":2},"end":{"line":20,"column":3}},"loc":{"start":{"line":20,"column":16},"end":{"line":22,"column":3}},"line":20},"2":{"name":"(anonymous_2)","decl":{"start":{"line":27,"column":2},"end":{"line":27,"column":3}},"loc":{"start":{"line":27,"column":16},"end":{"line":29,"column":3}},"line":27},"3":{"name":"(anonymous_3)","decl":{"start":{"line":34,"column":2},"end":{"line":34,"column":3}},"loc":{"start":{"line":34,"column":16},"end":{"line":36,"column":3}},"line":34},"4":{"name":"(anonymous_4)","decl":{"start":{"line":41,"column":0},"end":{"line":41,"column":1}},"loc":{"start":{"line":41,"column":14},"end":{"line":43,"column":3}},"line":41}},"branchMap":{},"s":{"0":1,"1":1,"2":1,"3":1,"4":0,"5":1,"6":0,"7":1,"8":0,"9":1,"10":0,"11":1,"12":0,"13":1},"f":{"0":0,"1":0,"2":0,"3":0,"4":0},"b":{},"_coverageSchema":"1a1c01bbd47fc00a2c39e90264f33305004495a9","hash":"e46b30059be79ca497b6999a5712032eb7448580"}
,"/Users/schmang/Codesmith/CTRI11/Projects/OSP/Docketeer/server/routes/loginRouter.js": {"path":"/Users/schmang/Codesmith/CTRI11/Projects/OSP/Docketeer/server/routes/loginRouter.js","statementMap":{"0":{"start":{"line":6,"column":16},"end":{"line":6,"column":34}},"1":{"start":{"line":7,"column":25},"end":{"line":7,"column":67}},"2":{"start":{"line":8,"column":23},"end":{"line":8,"column":63}},"3":{"start":{"line":9,"column":25},"end":{"line":9,"column":67}},"4":{"start":{"line":10,"column":25},"end":{"line":10,"column":67}},"5":{"start":{"line":12,"column":15},"end":{"line":12,"column":31}},"6":{"start":{"line":14,"column":0},"end":{"line":25,"column":2}},"7":{"start":{"line":22,"column":4},"end":{"line":22,"column":66}},"8":{"start":{"line":22,"column":26},"end":{"line":22,"column":66}},"9":{"start":{"line":23,"column":4},"end":{"line":23,"column":49}},"10":{"start":{"line":27,"column":0},"end":{"line":27,"column":24}}},"fnMap":{"0":{"name":"(anonymous_0)","decl":{"start":{"line":21,"column":2},"end":{"line":21,"column":3}},"loc":{"start":{"line":21,"column":16},"end":{"line":24,"column":3}},"line":21}},"branchMap":{"0":{"loc":{"start":{"line":22,"column":4},"end":{"line":22,"column":66}},"type":"if","locations":[{"start":{"line":22,"column":4},"end":{"line":22,"column":66}},{"start":{},"end":{}}],"line":22}},"s":{"0":1,"1":1,"2":1,"3":1,"4":1,"5":1,"6":1,"7":0,"8":0,"9":0,"10":1},"f":{"0":0},"b":{"0":[0,0]},"_coverageSchema":"1a1c01bbd47fc00a2c39e90264f33305004495a9","hash":"371791fc624af40453aa8a5e01a6997ef7f978fd"}
,"/Users/schmang/Codesmith/CTRI11/Projects/OSP/Docketeer/server/routes/logoutRouter.js": {"path":"/Users/schmang/Codesmith/CTRI11/Projects/OSP/Docketeer/server/routes/logoutRouter.js","statementMap":{"0":{"start":{"line":5,"column":16},"end":{"line":5,"column":34}},"1":{"start":{"line":6,"column":21},"end":{"line":6,"column":59}},"2":{"start":{"line":8,"column":15},"end":{"line":8,"column":31}},"3":{"start":{"line":10,"column":0},"end":{"line":15,"column":2}},"4":{"start":{"line":13,"column":4},"end":{"line":13,"column":51}},"5":{"start":{"line":17,"column":0},"end":{"line":17,"column":24}}},"fnMap":{"0":{"name":"(anonymous_0)","decl":{"start":{"line":12,"column":2},"end":{"line":12,"column":3}},"loc":{"start":{"line":12,"column":16},"end":{"line":14,"column":3}},"line":12}},"branchMap":{},"s":{"0":1,"1":1,"2":1,"3":1,"4":0,"5":1},"f":{"0":0},"b":{},"_coverageSchema":"1a1c01bbd47fc00a2c39e90264f33305004495a9","hash":"3ebfe75cdd945a41c77638fee5532c7e758c1c38"}
,"/Users/schmang/Codesmith/CTRI11/Projects/OSP/Docketeer/server/routes/settingsRouter.js": {"path":"/Users/schmang/Codesmith/CTRI11/Projects/OSP/Docketeer/server/routes/settingsRouter.js","statementMap":{"0":{"start":{"line":5,"column":16},"end":{"line":5,"column":34}},"1":{"start":{"line":6,"column":27},"end":{"line":6,"column":71}},"2":{"start":{"line":8,"column":15},"end":{"line":8,"column":31}},"3":{"start":{"line":10,"column":0},"end":{"line":15,"column":1}},"4":{"start":{"line":13,"column":4},"end":{"line":13,"column":44}},"5":{"start":{"line":18,"column":0},"end":{"line":23,"column":2}},"6":{"start":{"line":21,"column":4},"end":{"line":21,"column":44}},"7":{"start":{"line":25,"column":0},"end":{"line":30,"column":2}},"8":{"start":{"line":28,"column":4},"end":{"line":28,"column":36}},"9":{"start":{"line":32,"column":0},"end":{"line":37,"column":2}},"10":{"start":{"line":35,"column":4},"end":{"line":35,"column":36}},"11":{"start":{"line":39,"column":0},"end":{"line":44,"column":2}},"12":{"start":{"line":42,"column":4},"end":{"line":42,"column":36}},"13":{"start":{"line":46,"column":0},"end":{"line":51,"column":2}},"14":{"start":{"line":49,"column":4},"end":{"line":49,"column":36}},"15":{"start":{"line":53,"column":0},"end":{"line":58,"column":1}},"16":{"start":{"line":56,"column":4},"end":{"line":56,"column":36}},"17":{"start":{"line":60,"column":0},"end":{"line":60,"column":24}}},"fnMap":{"0":{"name":"(anonymous_0)","decl":{"start":{"line":12,"column":2},"end":{"line":12,"column":3}},"loc":{"start":{"line":12,"column":16},"end":{"line":14,"column":3}},"line":12},"1":{"name":"(anonymous_1)","decl":{"start":{"line":20,"column":2},"end":{"line":20,"column":3}},"loc":{"start":{"line":20,"column":16},"end":{"line":22,"column":3}},"line":20},"2":{"name":"(anonymous_2)","decl":{"start":{"line":27,"column":2},"end":{"line":27,"column":3}},"loc":{"start":{"line":27,"column":16},"end":{"line":29,"column":3}},"line":27},"3":{"name":"(anonymous_3)","decl":{"start":{"line":34,"column":2},"end":{"line":34,"column":3}},"loc":{"start":{"line":34,"column":16},"end":{"line":36,"column":3}},"line":34},"4":{"name":"(anonymous_4)","decl":{"start":{"line":41,"column":2},"end":{"line":41,"column":3}},"loc":{"start":{"line":41,"column":16},"end":{"line":43,"column":3}},"line":41},"5":{"name":"(anonymous_5)","decl":{"start":{"line":48,"column":2},"end":{"line":48,"column":3}},"loc":{"start":{"line":48,"column":16},"end":{"line":50,"column":3}},"line":48},"6":{"name":"(anonymous_6)","decl":{"start":{"line":55,"column":2},"end":{"line":55,"column":3}},"loc":{"start":{"line":55,"column":16},"end":{"line":57,"column":3}},"line":55}},"branchMap":{},"s":{"0":1,"1":1,"2":1,"3":1,"4":0,"5":1,"6":0,"7":1,"8":0,"9":1,"10":0,"11":1,"12":0,"13":1,"14":0,"15":1,"16":0,"17":1},"f":{"0":0,"1":0,"2":0,"3":0,"4":0,"5":0,"6":0},"b":{},"_coverageSchema":"1a1c01bbd47fc00a2c39e90264f33305004495a9","hash":"e4ab8c506e21932a0e8f57632d37c5b4fe8bde89"}
,"/Users/schmang/Codesmith/CTRI11/Projects/OSP/Docketeer/server/routes/signupRouter.js": {"path":"/Users/schmang/Codesmith/CTRI11/Projects/OSP/Docketeer/server/routes/signupRouter.js","statementMap":{"0":{"start":{"line":5,"column":16},"end":{"line":5,"column":34}},"1":{"start":{"line":6,"column":25},"end":{"line":6,"column":67}},"2":{"start":{"line":7,"column":25},"end":{"line":7,"column":67}},"3":{"start":{"line":8,"column":23},"end":{"line":8,"column":63}},"4":{"start":{"line":9,"column":25},"end":{"line":9,"column":67}},"5":{"start":{"line":10,"column":22},"end":{"line":10,"column":61}},"6":{"start":{"line":12,"column":15},"end":{"line":12,"column":31}},"7":{"start":{"line":15,"column":0},"end":{"line":20,"column":2}},"8":{"start":{"line":18,"column":4},"end":{"line":18,"column":50}},"9":{"start":{"line":22,"column":0},"end":{"line":34,"column":2}},"10":{"start":{"line":31,"column":4},"end":{"line":31,"column":66}},"11":{"start":{"line":31,"column":26},"end":{"line":31,"column":66}},"12":{"start":{"line":32,"column":4},"end":{"line":32,"column":75}},"13":{"start":{"line":36,"column":0},"end":{"line":36,"column":24}}},"fnMap":{"0":{"name":"(anonymous_0)","decl":{"start":{"line":17,"column":2},"end":{"line":17,"column":3}},"loc":{"start":{"line":17,"column":16},"end":{"line":19,"column":3}},"line":17},"1":{"name":"(anonymous_1)","decl":{"start":{"line":30,"column":2},"end":{"line":30,"column":3}},"loc":{"start":{"line":30,"column":16},"end":{"line":33,"column":3}},"line":30}},"branchMap":{"0":{"loc":{"start":{"line":31,"column":4},"end":{"line":31,"column":66}},"type":"if","locations":[{"start":{"line":31,"column":4},"end":{"line":31,"column":66}},{"start":{},"end":{}}],"line":31}},"s":{"0":1,"1":1,"2":1,"3":1,"4":1,"5":1,"6":1,"7":1,"8":0,"9":1,"10":0,"11":0,"12":0,"13":1},"f":{"0":0,"1":0},"b":{"0":[0,0]},"_coverageSchema":"1a1c01bbd47fc00a2c39e90264f33305004495a9","hash":"40b07e64c111dec34a2700939491dd1c3ac07247"}
,"/Users/schmang/Codesmith/CTRI11/Projects/OSP/Docketeer/src/components/display/ToggleDisplay.js": {"path":"/Users/schmang/Codesmith/CTRI11/Projects/OSP/Docketeer/src/components/display/ToggleDisplay.js","statementMap":{"0":{"start":{"line":4,"column":22},"end":{"line":33,"column":1}},"1":{"start":{"line":5,"column":30},"end":{"line":5,"column":45}},"2":{"start":{"line":6,"column":14},"end":{"line":8,"column":3}},"3":{"start":{"line":7,"column":4},"end":{"line":7,"column":23}},"4":{"start":{"line":10,"column":2},"end":{"line":32,"column":4}},"5":{"start":{"line":12,"column":26},"end":{"line":12,"column":31}}},"fnMap":{"0":{"name":"(anonymous_0)","decl":{"start":{"line":4,"column":22},"end":{"line":4,"column":23}},"loc":{"start":{"line":4,"column":33},"end":{"line":33,"column":1}},"line":4},"1":{"name":"(anonymous_1)","decl":{"start":{"line":6,"column":14},"end":{"line":6,"column":15}},"loc":{"start":{"line":6,"column":20},"end":{"line":8,"column":3}},"line":6},"2":{"name":"(anonymous_2)","decl":{"start":{"line":12,"column":20},"end":{"line":12,"column":21}},"loc":{"start":{"line":12,"column":26},"end":{"line":12,"column":31}},"line":12}},"branchMap":{"0":{"loc":{"start":{"line":13,"column":9},"end":{"line":19,"column":22}},"type":"cond-expr","locations":[{"start":{"line":14,"column":13},"end":{"line":16,"column":21}},{"start":{"line":17,"column":13},"end":{"line":19,"column":21}}],"line":13},"1":{"loc":{"start":{"line":22,"column":7},"end":{"line":29,"column":17}},"type":"cond-expr","locations":[{"start":{"line":23,"column":11},"end":{"line":28,"column":16}},{"start":{"line":29,"column":11},"end":{"line":29,"column":16}}],"line":22}},"s":{"0":1,"1":3,"2":3,"3":0,"4":3,"5":0},"f":{"0":3,"1":0,"2":0},"b":{"0":[0,3],"1":[0,3]},"_coverageSchema":"1a1c01bbd47fc00a2c39e90264f33305004495a9","hash":"e07fdbe473ab23c5af735760cad5b44f8d2e3559"}
,"/Users/schmang/Codesmith/CTRI11/Projects/OSP/Docketeer/src/components/helper/processLogHelper.js": {"path":"/Users/schmang/Codesmith/CTRI11/Projects/OSP/Docketeer/src/components/helper/processLogHelper.js","statementMap":{"0":{"start":{"line":8,"column":31},"end":{"line":21,"column":1}},"1":{"start":{"line":9,"column":21},"end":{"line":11,"column":3}},"2":{"start":{"line":13,"column":2},"end":{"line":19,"column":3}},"3":{"start":{"line":14,"column":23},"end":{"line":14,"column":65}},"4":{"start":{"line":15,"column":4},"end":{"line":15,"column":34}},"5":{"start":{"line":16,"column":9},"end":{"line":19,"column":3}},"6":{"start":{"line":17,"column":22},"end":{"line":17,"column":63}},"7":{"start":{"line":18,"column":4},"end":{"line":18,"column":32}},"8":{"start":{"line":20,"column":2},"end":{"line":20,"column":20}},"9":{"start":{"line":29,"column":34},"end":{"line":62,"column":1}},"10":{"start":{"line":30,"column":25},"end":{"line":56,"column":6}},"11":{"start":{"line":34,"column":18},"end":{"line":34,"column":20}},"12":{"start":{"line":35,"column":23},"end":{"line":35,"column":41}},"13":{"start":{"line":37,"column":6},"end":{"line":41,"column":7}},"14":{"start":{"line":38,"column":26},"end":{"line":38,"column":42}},"15":{"start":{"line":40,"column":8},"end":{"line":40,"column":73}},"16":{"start":{"line":43,"column":19},"end":{"line":43,"column":37}},"17":{"start":{"line":45,"column":27},"end":{"line":45,"column":46}},"18":{"start":{"line":46,"column":6},"end":{"line":48,"column":7}},"19":{"start":{"line":47,"column":8},"end":{"line":47,"column":55}},"20":{"start":{"line":50,"column":6},"end":{"line":52,"column":7}},"21":{"start":{"line":51,"column":8},"end":{"line":51,"column":33}},"22":{"start":{"line":53,"column":6},"end":{"line":53,"column":33}},"23":{"start":{"line":54,"column":6},"end":{"line":54,"column":40}},"24":{"start":{"line":55,"column":6},"end":{"line":55,"column":17}},"25":{"start":{"line":59,"column":22},"end":{"line":59,"column":71}},"26":{"start":{"line":59,"column":53},"end":{"line":59,"column":70}},"27":{"start":{"line":61,"column":2},"end":{"line":61,"column":21}}},"fnMap":{"0":{"name":"(anonymous_0)","decl":{"start":{"line":8,"column":31},"end":{"line":8,"column":32}},"loc":{"start":{"line":8,"column":49},"end":{"line":21,"column":1}},"line":8},"1":{"name":"(anonymous_1)","decl":{"start":{"line":29,"column":34},"end":{"line":29,"column":35}},"loc":{"start":{"line":29,"column":61},"end":{"line":62,"column":1}},"line":29},"2":{"name":"(anonymous_2)","decl":{"start":{"line":33,"column":9},"end":{"line":33,"column":10}},"loc":{"start":{"line":33,"column":22},"end":{"line":56,"column":5}},"line":33},"3":{"name":"(anonymous_3)","decl":{"start":{"line":59,"column":44},"end":{"line":59,"column":45}},"loc":{"start":{"line":59,"column":53},"end":{"line":59,"column":70}},"line":59}},"branchMap":{"0":{"loc":{"start":{"line":13,"column":2},"end":{"line":19,"column":3}},"type":"if","locations":[{"start":{"line":13,"column":2},"end":{"line":19,"column":3}},{"start":{"line":16,"column":9},"end":{"line":19,"column":3}}],"line":13},"1":{"loc":{"start":{"line":16,"column":9},"end":{"line":19,"column":3}},"type":"if","locations":[{"start":{"line":16,"column":9},"end":{"line":19,"column":3}},{"start":{},"end":{}}],"line":16},"2":{"loc":{"start":{"line":37,"column":6},"end":{"line":41,"column":7}},"type":"if","locations":[{"start":{"line":37,"column":6},"end":{"line":41,"column":7}},{"start":{},"end":{}}],"line":37},"3":{"loc":{"start":{"line":46,"column":6},"end":{"line":48,"column":7}},"type":"if","locations":[{"start":{"line":46,"column":6},"end":{"line":48,"column":7}},{"start":{},"end":{}}],"line":46},"4":{"loc":{"start":{"line":50,"column":6},"end":{"line":52,"column":7}},"type":"if","locations":[{"start":{"line":50,"column":6},"end":{"line":52,"column":7}},{"start":{},"end":{}}],"line":50}},"s":{"0":1,"1":2,"2":2,"3":1,"4":1,"5":1,"6":1,"7":1,"8":2,"9":1,"10":3,"11":9,"12":9,"13":9,"14":1,"15":1,"16":9,"17":9,"18":9,"19":0,"20":9,"21":0,"22":9,"23":9,"24":9,"25":3,"26":9,"27":3},"f":{"0":2,"1":3,"2":9,"3":9},"b":{"0":[1,1],"1":[1,0],"2":[1,8],"3":[0,9],"4":[0,9]},"_coverageSchema":"1a1c01bbd47fc00a2c39e90264f33305004495a9","hash":"37c64f38855d3682cf4975a1a49b2b884d5008c5"}
,"/Users/schmang/Codesmith/CTRI11/Projects/OSP/Docketeer/src/components/tabs/Containers.js": {"path":"/Users/schmang/Codesmith/CTRI11/Projects/OSP/Docketeer/src/components/tabs/Containers.js","statementMap":{"0":{"start":{"line":12,"column":19},"end":{"line":165,"column":1}},"1":{"start":{"line":13,"column":28},"end":{"line":56,"column":4}},"2":{"start":{"line":14,"column":4},"end":{"line":55,"column":6}},"3":{"start":{"line":42,"column":14},"end":{"line":42,"column":74}},"4":{"start":{"line":49,"column":27},"end":{"line":49,"column":79}},"5":{"start":{"line":58,"column":28},"end":{"line":146,"column":4}},"6":{"start":{"line":59,"column":20},"end":{"line":61,"column":16}},"7":{"start":{"line":62,"column":23},"end":{"line":64,"column":16}},"8":{"start":{"line":65,"column":18},"end":{"line":65,"column":25}},"9":{"start":{"line":66,"column":22},"end":{"line":88,"column":5}},"10":{"start":{"line":90,"column":4},"end":{"line":145,"column":6}},"11":{"start":{"line":139,"column":27},"end":{"line":139,"column":79}},"12":{"start":{"line":148,"column":2},"end":{"line":164,"column":4}}},"fnMap":{"0":{"name":"(anonymous_0)","decl":{"start":{"line":12,"column":19},"end":{"line":12,"column":20}},"loc":{"start":{"line":12,"column":30},"end":{"line":165,"column":1}},"line":12},"1":{"name":"(anonymous_1)","decl":{"start":{"line":13,"column":50},"end":{"line":13,"column":51}},"loc":{"start":{"line":13,"column":68},"end":{"line":56,"column":3}},"line":13},"2":{"name":"(anonymous_2)","decl":{"start":{"line":41,"column":21},"end":{"line":41,"column":22}},"loc":{"start":{"line":42,"column":14},"end":{"line":42,"column":74}},"line":42},"3":{"name":"(anonymous_3)","decl":{"start":{"line":49,"column":21},"end":{"line":49,"column":22}},"loc":{"start":{"line":49,"column":27},"end":{"line":49,"column":79}},"line":49},"4":{"name":"(anonymous_4)","decl":{"start":{"line":58,"column":50},"end":{"line":58,"column":51}},"loc":{"start":{"line":58,"column":68},"end":{"line":146,"column":3}},"line":58},"5":{"name":"(anonymous_5)","decl":{"start":{"line":139,"column":21},"end":{"line":139,"column":22}},"loc":{"start":{"line":139,"column":27},"end":{"line":139,"column":79}},"line":139}},"branchMap":{},"s":{"0":1,"1":3,"2":3,"3":0,"4":0,"5":3,"6":3,"7":3,"8":3,"9":3,"10":3,"11":0,"12":3},"f":{"0":3,"1":3,"2":0,"3":0,"4":3,"5":0},"b":{},"_coverageSchema":"1a1c01bbd47fc00a2c39e90264f33305004495a9","hash":"d59de4e677da4c5755f35c2453a08efe4e9a4c56"}
}
