{"C:\\Users\\Beansprout\\OneDrive\\Documents\\GitHub\\Codesmith\\OSP\\Docketeer\\security\\email.js": {"path":"C:\\Users\\Beansprout\\OneDrive\\Documents\\GitHub\\Codesmith\\OSP\\Docketeer\\security\\email.js","statementMap":{"0":{"start":{"line":1,"column":0},"end":{"line":6,"column":2}}},"fnMap":{},"branchMap":{},"s":{"0":1},"f":{},"b":{},"_coverageSchema":"1a1c01bbd47fc00a2c39e90264f33305004495a9","hash":"2b8a033b719905e327372ae80e9e81d8734ea298"}
,"C:\\Users\\Beansprout\\OneDrive\\Documents\\GitHub\\Codesmith\\OSP\\Docketeer\\security\\sysadmin.js": {"path":"C:\\Users\\Beansprout\\OneDrive\\Documents\\GitHub\\Codesmith\\OSP\\Docketeer\\security\\sysadmin.js","statementMap":{"0":{"start":{"line":1,"column":0},"end":{"line":4,"column":2}}},"fnMap":{},"branchMap":{},"s":{"0":1},"f":{},"b":{},"_coverageSchema":"1a1c01bbd47fc00a2c39e90264f33305004495a9","hash":"7e7becb751867173367cd6ec642473cc05b70abf"}
,"C:\\Users\\Beansprout\\OneDrive\\Documents\\GitHub\\Codesmith\\OSP\\Docketeer\\server\\app.js": {"path":"C:\\Users\\Beansprout\\OneDrive\\Documents\\GitHub\\Codesmith\\OSP\\Docketeer\\server\\app.js","statementMap":{"0":{"start":{"line":1,"column":16},"end":{"line":1,"column":34}},"1":{"start":{"line":2,"column":13},"end":{"line":2,"column":28}},"2":{"start":{"line":3,"column":13},"end":{"line":3,"column":28}},"3":{"start":{"line":4,"column":15},"end":{"line":4,"column":32}},"4":{"start":{"line":7,"column":21},"end":{"line":7,"column":53}},"5":{"start":{"line":8,"column":20},"end":{"line":8,"column":51}},"6":{"start":{"line":9,"column":20},"end":{"line":9,"column":51}},"7":{"start":{"line":10,"column":22},"end":{"line":10,"column":55}},"8":{"start":{"line":11,"column":18},"end":{"line":11,"column":47}},"9":{"start":{"line":12,"column":17},"end":{"line":12,"column":45}},"10":{"start":{"line":13,"column":19},"end":{"line":13,"column":49}},"11":{"start":{"line":14,"column":21},"end":{"line":14,"column":53}},"12":{"start":{"line":15,"column":23},"end":{"line":15,"column":57}},"13":{"start":{"line":17,"column":12},"end":{"line":17,"column":21}},"14":{"start":{"line":19,"column":0},"end":{"line":19,"column":24}},"15":{"start":{"line":20,"column":0},"end":{"line":20,"column":48}},"16":{"start":{"line":21,"column":0},"end":{"line":21,"column":16}},"17":{"start":{"line":23,"column":0},"end":{"line":28,"column":3}},"18":{"start":{"line":25,"column":2},"end":{"line":27,"column":5}},"19":{"start":{"line":30,"column":0},"end":{"line":30,"column":37}},"20":{"start":{"line":31,"column":0},"end":{"line":31,"column":29}},"21":{"start":{"line":32,"column":0},"end":{"line":32,"column":33}},"22":{"start":{"line":33,"column":0},"end":{"line":33,"column":31}},"23":{"start":{"line":34,"column":0},"end":{"line":34,"column":31}},"24":{"start":{"line":35,"column":0},"end":{"line":35,"column":35}},"25":{"start":{"line":36,"column":0},"end":{"line":36,"column":27}},"26":{"start":{"line":37,"column":0},"end":{"line":37,"column":25}},"27":{"start":{"line":38,"column":0},"end":{"line":38,"column":33}},"28":{"start":{"line":41,"column":0},"end":{"line":43,"column":3}},"29":{"start":{"line":42,"column":2},"end":{"line":42,"column":47}},"30":{"start":{"line":46,"column":0},"end":{"line":54,"column":3}},"31":{"start":{"line":47,"column":21},"end":{"line":51,"column":3}},"32":{"start":{"line":52,"column":19},"end":{"line":52,"column":49}},"33":{"start":{"line":53,"column":2},"end":{"line":53,"column":60}},"34":{"start":{"line":56,"column":0},"end":{"line":56,"column":21}}},"fnMap":{"0":{"name":"(anonymous_0)","decl":{"start":{"line":23,"column":17},"end":{"line":23,"column":18}},"loc":{"start":{"line":23,"column":31},"end":{"line":28,"column":1}},"line":23},"1":{"name":"(anonymous_1)","decl":{"start":{"line":41,"column":13},"end":{"line":41,"column":14}},"loc":{"start":{"line":41,"column":27},"end":{"line":43,"column":1}},"line":41},"2":{"name":"(anonymous_2)","decl":{"start":{"line":46,"column":13},"end":{"line":46,"column":14}},"loc":{"start":{"line":46,"column":38},"end":{"line":54,"column":1}},"line":46}},"branchMap":{},"s":{"0":1,"1":1,"2":1,"3":1,"4":1,"5":1,"6":1,"7":1,"8":1,"9":1,"10":1,"11":1,"12":1,"13":1,"14":1,"15":1,"16":1,"17":1,"18":2,"19":1,"20":1,"21":1,"22":1,"23":1,"24":1,"25":1,"26":1,"27":1,"28":1,"29":0,"30":1,"31":0,"32":0,"33":0,"34":1},"f":{"0":2,"1":0,"2":0},"b":{},"_coverageSchema":"1a1c01bbd47fc00a2c39e90264f33305004495a9","hash":"59daf250d07d38f3ee037b9ba9b486dca1004ddc"}
,"C:\\Users\\Beansprout\\OneDrive\\Documents\\GitHub\\Codesmith\\OSP\\Docketeer\\server\\controllers\\apiController.js": {"path":"C:\\Users\\Beansprout\\OneDrive\\Documents\\GitHub\\Codesmith\\OSP\\Docketeer\\server\\controllers\\apiController.js","statementMap":{"0":{"start":{"line":5,"column":19},"end":{"line":5,"column":40}},"1":{"start":{"line":6,"column":14},"end":{"line":6,"column":45}},"2":{"start":{"line":8,"column":22},"end":{"line":8,"column":24}},"3":{"start":{"line":12,"column":20},"end":{"line":20,"column":2}},"4":{"start":{"line":23,"column":0},"end":{"line":67,"column":2}},"5":{"start":{"line":24,"column":56},"end":{"line":24,"column":64}},"6":{"start":{"line":27,"column":2},"end":{"line":45,"column":3}},"7":{"start":{"line":28,"column":4},"end":{"line":34,"column":30}},"8":{"start":{"line":36,"column":41},"end":{"line":36,"column":49}},"9":{"start":{"line":37,"column":4},"end":{"line":44,"column":30}},"10":{"start":{"line":47,"column":22},"end":{"line":52,"column":3}},"11":{"start":{"line":54,"column":2},"end":{"line":66,"column":7}},"12":{"start":{"line":57,"column":6},"end":{"line":57,"column":20}},"13":{"start":{"line":60,"column":6},"end":{"line":65,"column":9}},"14":{"start":{"line":70,"column":0},"end":{"line":101,"column":2}},"15":{"start":{"line":71,"column":40},"end":{"line":71,"column":48}},"16":{"start":{"line":73,"column":22},"end":{"line":86,"column":3}},"17":{"start":{"line":88,"column":2},"end":{"line":100,"column":7}},"18":{"start":{"line":91,"column":6},"end":{"line":91,"column":20}},"19":{"start":{"line":94,"column":6},"end":{"line":99,"column":9}},"20":{"start":{"line":103,"column":0},"end":{"line":103,"column":31}}},"fnMap":{"0":{"name":"(anonymous_0)","decl":{"start":{"line":23,"column":31},"end":{"line":23,"column":32}},"loc":{"start":{"line":23,"column":51},"end":{"line":67,"column":1}},"line":23},"1":{"name":"(anonymous_1)","decl":{"start":{"line":56,"column":10},"end":{"line":56,"column":11}},"loc":{"start":{"line":56,"column":20},"end":{"line":58,"column":5}},"line":56},"2":{"name":"(anonymous_2)","decl":{"start":{"line":59,"column":11},"end":{"line":59,"column":12}},"loc":{"start":{"line":59,"column":20},"end":{"line":66,"column":5}},"line":59},"3":{"name":"(anonymous_3)","decl":{"start":{"line":70,"column":28},"end":{"line":70,"column":29}},"loc":{"start":{"line":70,"column":48},"end":{"line":101,"column":1}},"line":70},"4":{"name":"(anonymous_4)","decl":{"start":{"line":90,"column":10},"end":{"line":90,"column":11}},"loc":{"start":{"line":90,"column":20},"end":{"line":92,"column":5}},"line":90},"5":{"name":"(anonymous_5)","decl":{"start":{"line":93,"column":11},"end":{"line":93,"column":12}},"loc":{"start":{"line":93,"column":20},"end":{"line":100,"column":5}},"line":93}},"branchMap":{"0":{"loc":{"start":{"line":27,"column":2},"end":{"line":45,"column":3}},"type":"if","locations":[{"start":{"line":27,"column":2},"end":{"line":45,"column":3}},{"start":{"line":35,"column":9},"end":{"line":45,"column":3}}],"line":27}},"s":{"0":1,"1":1,"2":1,"3":1,"4":1,"5":0,"6":0,"7":0,"8":0,"9":0,"10":0,"11":0,"12":0,"13":0,"14":1,"15":0,"16":0,"17":0,"18":0,"19":0,"20":1},"f":{"0":0,"1":0,"2":0,"3":0,"4":0,"5":0},"b":{"0":[0,0]},"_coverageSchema":"1a1c01bbd47fc00a2c39e90264f33305004495a9","hash":"10c5ec4d2b6ea2de8e0ff681cbb9d346f11b51ab"}
,"C:\\Users\\Beansprout\\OneDrive\\Documents\\GitHub\\Codesmith\\OSP\\Docketeer\\server\\controllers\\bcryptController.js": {"path":"C:\\Users\\Beansprout\\OneDrive\\Documents\\GitHub\\Codesmith\\OSP\\Docketeer\\server\\controllers\\bcryptController.js","statementMap":{"0":{"start":{"line":5,"column":11},"end":{"line":5,"column":42}},"1":{"start":{"line":6,"column":15},"end":{"line":6,"column":34}},"2":{"start":{"line":8,"column":25},"end":{"line":8,"column":27}},"3":{"start":{"line":11,"column":0},"end":{"line":26,"column":2}},"4":{"start":{"line":12,"column":23},"end":{"line":12,"column":31}},"5":{"start":{"line":13,"column":21},"end":{"line":13,"column":23}},"6":{"start":{"line":15,"column":2},"end":{"line":25,"column":7}},"7":{"start":{"line":17,"column":6},"end":{"line":17,"column":29}},"8":{"start":{"line":18,"column":6},"end":{"line":18,"column":20}},"9":{"start":{"line":21,"column":6},"end":{"line":24,"column":9}},"10":{"start":{"line":29,"column":0},"end":{"line":50,"column":2}},"11":{"start":{"line":32,"column":2},"end":{"line":34,"column":3}},"12":{"start":{"line":33,"column":4},"end":{"line":33,"column":18}},"13":{"start":{"line":36,"column":26},"end":{"line":36,"column":34}},"14":{"start":{"line":37,"column":21},"end":{"line":37,"column":23}},"15":{"start":{"line":39,"column":2},"end":{"line":49,"column":7}},"16":{"start":{"line":41,"column":6},"end":{"line":41,"column":29}},"17":{"start":{"line":42,"column":6},"end":{"line":42,"column":20}},"18":{"start":{"line":45,"column":6},"end":{"line":48,"column":9}},"19":{"start":{"line":53,"column":0},"end":{"line":83,"column":2}},"20":{"start":{"line":54,"column":2},"end":{"line":54,"column":38}},"21":{"start":{"line":54,"column":24},"end":{"line":54,"column":38}},"22":{"start":{"line":56,"column":33},"end":{"line":56,"column":41}},"23":{"start":{"line":58,"column":18},"end":{"line":58,"column":78}},"24":{"start":{"line":60,"column":2},"end":{"line":82,"column":7}},"25":{"start":{"line":62,"column":6},"end":{"line":75,"column":11}},"26":{"start":{"line":64,"column":10},"end":{"line":67,"column":11}},"27":{"start":{"line":65,"column":12},"end":{"line":65,"column":65}},"28":{"start":{"line":66,"column":12},"end":{"line":66,"column":35}},"29":{"start":{"line":68,"column":10},"end":{"line":68,"column":24}},"30":{"start":{"line":71,"column":10},"end":{"line":74,"column":13}},"31":{"start":{"line":78,"column":6},"end":{"line":81,"column":9}},"32":{"start":{"line":87,"column":0},"end":{"line":107,"column":2}},"33":{"start":{"line":88,"column":32},"end":{"line":88,"column":47}},"34":{"start":{"line":89,"column":21},"end":{"line":89,"column":23}},"35":{"start":{"line":90,"column":2},"end":{"line":106,"column":3}},"36":{"start":{"line":91,"column":4},"end":{"line":103,"column":9}},"37":{"start":{"line":93,"column":8},"end":{"line":93,"column":37}},"38":{"start":{"line":94,"column":8},"end":{"line":94,"column":82}},"39":{"start":{"line":95,"column":8},"end":{"line":95,"column":99}},"40":{"start":{"line":96,"column":8},"end":{"line":96,"column":22}},"41":{"start":{"line":99,"column":8},"end":{"line":102,"column":11}},"42":{"start":{"line":105,"column":4},"end":{"line":105,"column":18}},"43":{"start":{"line":112,"column":0},"end":{"line":112,"column":34}}},"fnMap":{"0":{"name":"(anonymous_0)","decl":{"start":{"line":11,"column":32},"end":{"line":11,"column":33}},"loc":{"start":{"line":11,"column":52},"end":{"line":26,"column":1}},"line":11},"1":{"name":"(anonymous_1)","decl":{"start":{"line":16,"column":10},"end":{"line":16,"column":11}},"loc":{"start":{"line":16,"column":20},"end":{"line":19,"column":5}},"line":16},"2":{"name":"(anonymous_2)","decl":{"start":{"line":20,"column":11},"end":{"line":20,"column":12}},"loc":{"start":{"line":20,"column":20},"end":{"line":25,"column":5}},"line":20},"3":{"name":"(anonymous_3)","decl":{"start":{"line":29,"column":35},"end":{"line":29,"column":36}},"loc":{"start":{"line":29,"column":55},"end":{"line":50,"column":1}},"line":29},"4":{"name":"(anonymous_4)","decl":{"start":{"line":40,"column":10},"end":{"line":40,"column":11}},"loc":{"start":{"line":40,"column":20},"end":{"line":43,"column":5}},"line":40},"5":{"name":"(anonymous_5)","decl":{"start":{"line":44,"column":11},"end":{"line":44,"column":12}},"loc":{"start":{"line":44,"column":20},"end":{"line":49,"column":5}},"line":44},"6":{"name":"(anonymous_6)","decl":{"start":{"line":53,"column":35},"end":{"line":53,"column":36}},"loc":{"start":{"line":53,"column":55},"end":{"line":83,"column":1}},"line":53},"7":{"name":"(anonymous_7)","decl":{"start":{"line":61,"column":10},"end":{"line":61,"column":11}},"loc":{"start":{"line":61,"column":20},"end":{"line":76,"column":5}},"line":61},"8":{"name":"(anonymous_8)","decl":{"start":{"line":63,"column":14},"end":{"line":63,"column":15}},"loc":{"start":{"line":63,"column":26},"end":{"line":69,"column":9}},"line":63},"9":{"name":"(anonymous_9)","decl":{"start":{"line":70,"column":15},"end":{"line":70,"column":16}},"loc":{"start":{"line":70,"column":24},"end":{"line":75,"column":9}},"line":70},"10":{"name":"(anonymous_10)","decl":{"start":{"line":77,"column":11},"end":{"line":77,"column":12}},"loc":{"start":{"line":77,"column":20},"end":{"line":82,"column":5}},"line":77},"11":{"name":"(anonymous_11)","decl":{"start":{"line":87,"column":30},"end":{"line":87,"column":31}},"loc":{"start":{"line":87,"column":49},"end":{"line":107,"column":1}},"line":87},"12":{"name":"(anonymous_12)","decl":{"start":{"line":92,"column":12},"end":{"line":92,"column":13}},"loc":{"start":{"line":92,"column":22},"end":{"line":97,"column":7}},"line":92},"13":{"name":"(anonymous_13)","decl":{"start":{"line":98,"column":13},"end":{"line":98,"column":14}},"loc":{"start":{"line":98,"column":22},"end":{"line":103,"column":7}},"line":98}},"branchMap":{"0":{"loc":{"start":{"line":32,"column":2},"end":{"line":34,"column":3}},"type":"if","locations":[{"start":{"line":32,"column":2},"end":{"line":34,"column":3}},{"start":{},"end":{}}],"line":32},"1":{"loc":{"start":{"line":54,"column":2},"end":{"line":54,"column":38}},"type":"if","locations":[{"start":{"line":54,"column":2},"end":{"line":54,"column":38}},{"start":{},"end":{}}],"line":54},"2":{"loc":{"start":{"line":64,"column":10},"end":{"line":67,"column":11}},"type":"if","locations":[{"start":{"line":64,"column":10},"end":{"line":67,"column":11}},{"start":{},"end":{}}],"line":64},"3":{"loc":{"start":{"line":90,"column":2},"end":{"line":106,"column":3}},"type":"if","locations":[{"start":{"line":90,"column":2},"end":{"line":106,"column":3}},{"start":{"line":104,"column":9},"end":{"line":106,"column":3}}],"line":90}},"s":{"0":1,"1":1,"2":1,"3":1,"4":0,"5":0,"6":0,"7":0,"8":0,"9":0,"10":1,"11":0,"12":0,"13":0,"14":0,"15":0,"16":0,"17":0,"18":0,"19":1,"20":0,"21":0,"22":0,"23":0,"24":0,"25":0,"26":0,"27":0,"28":0,"29":0,"30":0,"31":0,"32":1,"33":0,"34":0,"35":0,"36":0,"37":0,"38":0,"39":0,"40":0,"41":0,"42":0,"43":1},"f":{"0":0,"1":0,"2":0,"3":0,"4":0,"5":0,"6":0,"7":0,"8":0,"9":0,"10":0,"11":0,"12":0,"13":0},"b":{"0":[0,0],"1":[0,0],"2":[0,0],"3":[0,0]},"_coverageSchema":"1a1c01bbd47fc00a2c39e90264f33305004495a9","hash":"49f6a5bc102346a3901313c18ed7e53b1bb8bd96"}
,"C:\\Users\\Beansprout\\OneDrive\\Documents\\GitHub\\Codesmith\\OSP\\Docketeer\\server\\controllers\\configController.js": {"path":"C:\\Users\\Beansprout\\OneDrive\\Documents\\GitHub\\Codesmith\\OSP\\Docketeer\\server\\controllers\\configController.js","statementMap":{"0":{"start":{"line":6,"column":11},"end":{"line":6,"column":42}},"1":{"start":{"line":8,"column":25},"end":{"line":8,"column":27}},"2":{"start":{"line":11,"column":0},"end":{"line":31,"column":2}},"3":{"start":{"line":12,"column":2},"end":{"line":12,"column":38}},"4":{"start":{"line":12,"column":24},"end":{"line":12,"column":38}},"5":{"start":{"line":14,"column":79},"end":{"line":14,"column":87}},"6":{"start":{"line":16,"column":26},"end":{"line":16,"column":152}},"7":{"start":{"line":17,"column":27},"end":{"line":17,"column":93}},"8":{"start":{"line":19,"column":2},"end":{"line":29,"column":7}},"9":{"start":{"line":21,"column":6},"end":{"line":21,"column":37}},"10":{"start":{"line":22,"column":6},"end":{"line":22,"column":20}},"11":{"start":{"line":25,"column":6},"end":{"line":28,"column":9}},"12":{"start":{"line":34,"column":0},"end":{"line":53,"column":2}},"13":{"start":{"line":35,"column":2},"end":{"line":35,"column":38}},"14":{"start":{"line":35,"column":24},"end":{"line":35,"column":38}},"15":{"start":{"line":37,"column":32},"end":{"line":37,"column":40}},"16":{"start":{"line":39,"column":20},"end":{"line":39,"column":84}},"17":{"start":{"line":40,"column":22},"end":{"line":40,"column":41}},"18":{"start":{"line":42,"column":2},"end":{"line":52,"column":7}},"19":{"start":{"line":44,"column":6},"end":{"line":44,"column":37}},"20":{"start":{"line":45,"column":6},"end":{"line":45,"column":20}},"21":{"start":{"line":48,"column":6},"end":{"line":51,"column":9}},"22":{"start":{"line":56,"column":0},"end":{"line":75,"column":2}},"23":{"start":{"line":57,"column":2},"end":{"line":57,"column":38}},"24":{"start":{"line":57,"column":24},"end":{"line":57,"column":38}},"25":{"start":{"line":59,"column":33},"end":{"line":59,"column":41}},"26":{"start":{"line":61,"column":19},"end":{"line":61,"column":84}},"27":{"start":{"line":62,"column":21},"end":{"line":62,"column":41}},"28":{"start":{"line":64,"column":2},"end":{"line":74,"column":7}},"29":{"start":{"line":66,"column":6},"end":{"line":66,"column":37}},"30":{"start":{"line":67,"column":6},"end":{"line":67,"column":20}},"31":{"start":{"line":70,"column":6},"end":{"line":73,"column":9}},"32":{"start":{"line":78,"column":0},"end":{"line":97,"column":2}},"33":{"start":{"line":79,"column":2},"end":{"line":79,"column":38}},"34":{"start":{"line":79,"column":24},"end":{"line":79,"column":38}},"35":{"start":{"line":81,"column":33},"end":{"line":81,"column":41}},"36":{"start":{"line":83,"column":19},"end":{"line":83,"column":84}},"37":{"start":{"line":84,"column":21},"end":{"line":84,"column":41}},"38":{"start":{"line":86,"column":2},"end":{"line":96,"column":7}},"39":{"start":{"line":88,"column":6},"end":{"line":88,"column":37}},"40":{"start":{"line":89,"column":6},"end":{"line":89,"column":20}},"41":{"start":{"line":92,"column":6},"end":{"line":95,"column":9}},"42":{"start":{"line":100,"column":0},"end":{"line":119,"column":2}},"43":{"start":{"line":101,"column":2},"end":{"line":101,"column":38}},"44":{"start":{"line":101,"column":24},"end":{"line":101,"column":38}},"45":{"start":{"line":103,"column":35},"end":{"line":103,"column":43}},"46":{"start":{"line":105,"column":24},"end":{"line":105,"column":91}},"47":{"start":{"line":106,"column":26},"end":{"line":106,"column":48}},"48":{"start":{"line":108,"column":2},"end":{"line":118,"column":7}},"49":{"start":{"line":110,"column":6},"end":{"line":110,"column":37}},"50":{"start":{"line":111,"column":6},"end":{"line":111,"column":20}},"51":{"start":{"line":114,"column":6},"end":{"line":117,"column":9}},"52":{"start":{"line":121,"column":0},"end":{"line":121,"column":34}}},"fnMap":{"0":{"name":"(anonymous_0)","decl":{"start":{"line":11,"column":39},"end":{"line":11,"column":40}},"loc":{"start":{"line":11,"column":59},"end":{"line":31,"column":1}},"line":11},"1":{"name":"(anonymous_1)","decl":{"start":{"line":20,"column":10},"end":{"line":20,"column":11}},"loc":{"start":{"line":20,"column":20},"end":{"line":23,"column":5}},"line":20},"2":{"name":"(anonymous_2)","decl":{"start":{"line":24,"column":11},"end":{"line":24,"column":12}},"loc":{"start":{"line":24,"column":20},"end":{"line":29,"column":5}},"line":24},"3":{"name":"(anonymous_3)","decl":{"start":{"line":34,"column":37},"end":{"line":34,"column":38}},"loc":{"start":{"line":34,"column":57},"end":{"line":53,"column":1}},"line":34},"4":{"name":"(anonymous_4)","decl":{"start":{"line":43,"column":10},"end":{"line":43,"column":11}},"loc":{"start":{"line":43,"column":20},"end":{"line":46,"column":5}},"line":43},"5":{"name":"(anonymous_5)","decl":{"start":{"line":47,"column":11},"end":{"line":47,"column":12}},"loc":{"start":{"line":47,"column":20},"end":{"line":52,"column":5}},"line":47},"6":{"name":"(anonymous_6)","decl":{"start":{"line":56,"column":38},"end":{"line":56,"column":39}},"loc":{"start":{"line":56,"column":58},"end":{"line":75,"column":1}},"line":56},"7":{"name":"(anonymous_7)","decl":{"start":{"line":65,"column":10},"end":{"line":65,"column":11}},"loc":{"start":{"line":65,"column":20},"end":{"line":68,"column":5}},"line":65},"8":{"name":"(anonymous_8)","decl":{"start":{"line":69,"column":11},"end":{"line":69,"column":12}},"loc":{"start":{"line":69,"column":20},"end":{"line":74,"column":5}},"line":69},"9":{"name":"(anonymous_9)","decl":{"start":{"line":78,"column":38},"end":{"line":78,"column":39}},"loc":{"start":{"line":78,"column":58},"end":{"line":97,"column":1}},"line":78},"10":{"name":"(anonymous_10)","decl":{"start":{"line":87,"column":10},"end":{"line":87,"column":11}},"loc":{"start":{"line":87,"column":20},"end":{"line":90,"column":5}},"line":87},"11":{"name":"(anonymous_11)","decl":{"start":{"line":91,"column":11},"end":{"line":91,"column":12}},"loc":{"start":{"line":91,"column":20},"end":{"line":96,"column":5}},"line":91},"12":{"name":"(anonymous_12)","decl":{"start":{"line":100,"column":34},"end":{"line":100,"column":35}},"loc":{"start":{"line":100,"column":54},"end":{"line":119,"column":1}},"line":100},"13":{"name":"(anonymous_13)","decl":{"start":{"line":109,"column":10},"end":{"line":109,"column":11}},"loc":{"start":{"line":109,"column":20},"end":{"line":112,"column":5}},"line":109},"14":{"name":"(anonymous_14)","decl":{"start":{"line":113,"column":11},"end":{"line":113,"column":12}},"loc":{"start":{"line":113,"column":20},"end":{"line":118,"column":5}},"line":113}},"branchMap":{"0":{"loc":{"start":{"line":12,"column":2},"end":{"line":12,"column":38}},"type":"if","locations":[{"start":{"line":12,"column":2},"end":{"line":12,"column":38}},{"start":{},"end":{}}],"line":12},"1":{"loc":{"start":{"line":35,"column":2},"end":{"line":35,"column":38}},"type":"if","locations":[{"start":{"line":35,"column":2},"end":{"line":35,"column":38}},{"start":{},"end":{}}],"line":35},"2":{"loc":{"start":{"line":57,"column":2},"end":{"line":57,"column":38}},"type":"if","locations":[{"start":{"line":57,"column":2},"end":{"line":57,"column":38}},{"start":{},"end":{}}],"line":57},"3":{"loc":{"start":{"line":79,"column":2},"end":{"line":79,"column":38}},"type":"if","locations":[{"start":{"line":79,"column":2},"end":{"line":79,"column":38}},{"start":{},"end":{}}],"line":79},"4":{"loc":{"start":{"line":101,"column":2},"end":{"line":101,"column":38}},"type":"if","locations":[{"start":{"line":101,"column":2},"end":{"line":101,"column":38}},{"start":{},"end":{}}],"line":101}},"s":{"0":1,"1":1,"2":1,"3":0,"4":0,"5":0,"6":0,"7":0,"8":0,"9":0,"10":0,"11":0,"12":1,"13":0,"14":0,"15":0,"16":0,"17":0,"18":0,"19":0,"20":0,"21":0,"22":1,"23":0,"24":0,"25":0,"26":0,"27":0,"28":0,"29":0,"30":0,"31":0,"32":1,"33":0,"34":0,"35":0,"36":0,"37":0,"38":0,"39":0,"40":0,"41":0,"42":1,"43":0,"44":0,"45":0,"46":0,"47":0,"48":0,"49":0,"50":0,"51":0,"52":1},"f":{"0":0,"1":0,"2":0,"3":0,"4":0,"5":0,"6":0,"7":0,"8":0,"9":0,"10":0,"11":0,"12":0,"13":0,"14":0},"b":{"0":[0,0],"1":[0,0],"2":[0,0],"3":[0,0],"4":[0,0]},"_coverageSchema":"1a1c01bbd47fc00a2c39e90264f33305004495a9","hash":"e0ea5589bca62bc74af5f870b9c6766e23a2c9a5"}
,"C:\\Users\\Beansprout\\OneDrive\\Documents\\GitHub\\Codesmith\\OSP\\Docketeer\\server\\controllers\\cookieController.js": {"path":"C:\\Users\\Beansprout\\OneDrive\\Documents\\GitHub\\Codesmith\\OSP\\Docketeer\\server\\controllers\\cookieController.js","statementMap":{"0":{"start":{"line":8,"column":25},"end":{"line":8,"column":27}},"1":{"start":{"line":11,"column":0},"end":{"line":16,"column":2}},"2":{"start":{"line":12,"column":2},"end":{"line":12,"column":38}},"3":{"start":{"line":12,"column":24},"end":{"line":12,"column":38}},"4":{"start":{"line":14,"column":2},"end":{"line":14,"column":62}},"5":{"start":{"line":15,"column":2},"end":{"line":15,"column":16}},"6":{"start":{"line":19,"column":0},"end":{"line":34,"column":2}},"7":{"start":{"line":20,"column":2},"end":{"line":20,"column":38}},"8":{"start":{"line":20,"column":24},"end":{"line":20,"column":38}},"9":{"start":{"line":22,"column":22},"end":{"line":22,"column":37}},"10":{"start":{"line":24,"column":2},"end":{"line":27,"column":3}},"11":{"start":{"line":25,"column":4},"end":{"line":25,"column":64}},"12":{"start":{"line":26,"column":4},"end":{"line":26,"column":39}},"13":{"start":{"line":28,"column":2},"end":{"line":31,"column":3}},"14":{"start":{"line":29,"column":4},"end":{"line":29,"column":57}},"15":{"start":{"line":30,"column":4},"end":{"line":30,"column":32}},"16":{"start":{"line":33,"column":2},"end":{"line":33,"column":16}},"17":{"start":{"line":36,"column":0},"end":{"line":36,"column":34}}},"fnMap":{"0":{"name":"(anonymous_0)","decl":{"start":{"line":11,"column":33},"end":{"line":11,"column":34}},"loc":{"start":{"line":11,"column":53},"end":{"line":16,"column":1}},"line":11},"1":{"name":"(anonymous_1)","decl":{"start":{"line":19,"column":34},"end":{"line":19,"column":35}},"loc":{"start":{"line":19,"column":54},"end":{"line":34,"column":1}},"line":19}},"branchMap":{"0":{"loc":{"start":{"line":12,"column":2},"end":{"line":12,"column":38}},"type":"if","locations":[{"start":{"line":12,"column":2},"end":{"line":12,"column":38}},{"start":{},"end":{}}],"line":12},"1":{"loc":{"start":{"line":20,"column":2},"end":{"line":20,"column":38}},"type":"if","locations":[{"start":{"line":20,"column":2},"end":{"line":20,"column":38}},{"start":{},"end":{}}],"line":20},"2":{"loc":{"start":{"line":24,"column":2},"end":{"line":27,"column":3}},"type":"if","locations":[{"start":{"line":24,"column":2},"end":{"line":27,"column":3}},{"start":{},"end":{}}],"line":24},"3":{"loc":{"start":{"line":28,"column":2},"end":{"line":31,"column":3}},"type":"if","locations":[{"start":{"line":28,"column":2},"end":{"line":31,"column":3}},{"start":{},"end":{}}],"line":28}},"s":{"0":1,"1":1,"2":0,"3":0,"4":0,"5":0,"6":1,"7":0,"8":0,"9":0,"10":0,"11":0,"12":0,"13":0,"14":0,"15":0,"16":0,"17":1},"f":{"0":0,"1":0},"b":{"0":[0,0],"1":[0,0],"2":[0,0],"3":[0,0]},"_coverageSchema":"1a1c01bbd47fc00a2c39e90264f33305004495a9","hash":"c685dd2e499ff988faa0fbc791c7bff1c92f7006"}
,"C:\\Users\\Beansprout\\OneDrive\\Documents\\GitHub\\Codesmith\\OSP\\Docketeer\\server\\controllers\\dbController.js": {"path":"C:\\Users\\Beansprout\\OneDrive\\Documents\\GitHub\\Codesmith\\OSP\\Docketeer\\server\\controllers\\dbController.js","statementMap":{"0":{"start":{"line":6,"column":11},"end":{"line":6,"column":42}},"1":{"start":{"line":7,"column":15},"end":{"line":7,"column":34}},"2":{"start":{"line":8,"column":17},"end":{"line":8,"column":51}},"3":{"start":{"line":10,"column":21},"end":{"line":10,"column":23}},"4":{"start":{"line":12,"column":0},"end":{"line":20,"column":2}},"5":{"start":{"line":13,"column":2},"end":{"line":19,"column":7}},"6":{"start":{"line":15,"column":6},"end":{"line":15,"column":20}},"7":{"start":{"line":18,"column":6},"end":{"line":18,"column":32}},"8":{"start":{"line":18,"column":15},"end":{"line":18,"column":32}},"9":{"start":{"line":22,"column":0},"end":{"line":30,"column":2}},"10":{"start":{"line":23,"column":2},"end":{"line":29,"column":7}},"11":{"start":{"line":25,"column":6},"end":{"line":25,"column":20}},"12":{"start":{"line":28,"column":6},"end":{"line":28,"column":32}},"13":{"start":{"line":28,"column":15},"end":{"line":28,"column":32}},"14":{"start":{"line":32,"column":0},"end":{"line":40,"column":2}},"15":{"start":{"line":33,"column":2},"end":{"line":39,"column":7}},"16":{"start":{"line":35,"column":6},"end":{"line":35,"column":20}},"17":{"start":{"line":38,"column":6},"end":{"line":38,"column":32}},"18":{"start":{"line":38,"column":15},"end":{"line":38,"column":32}},"19":{"start":{"line":42,"column":0},"end":{"line":56,"column":2}},"20":{"start":{"line":43,"column":23},"end":{"line":43,"column":33}},"21":{"start":{"line":44,"column":16},"end":{"line":44,"column":106}},"22":{"start":{"line":45,"column":16},"end":{"line":45,"column":100}},"23":{"start":{"line":47,"column":21},"end":{"line":47,"column":47}},"24":{"start":{"line":49,"column":2},"end":{"line":55,"column":7}},"25":{"start":{"line":51,"column":6},"end":{"line":51,"column":20}},"26":{"start":{"line":54,"column":6},"end":{"line":54,"column":32}},"27":{"start":{"line":54,"column":15},"end":{"line":54,"column":32}},"28":{"start":{"line":58,"column":0},"end":{"line":73,"column":2}},"29":{"start":{"line":59,"column":21},"end":{"line":59,"column":23}},"30":{"start":{"line":62,"column":2},"end":{"line":72,"column":7}},"31":{"start":{"line":64,"column":6},"end":{"line":64,"column":33}},"32":{"start":{"line":65,"column":6},"end":{"line":65,"column":20}},"33":{"start":{"line":68,"column":6},"end":{"line":71,"column":9}},"34":{"start":{"line":79,"column":0},"end":{"line":90,"column":2}},"35":{"start":{"line":80,"column":21},"end":{"line":80,"column":29}},"36":{"start":{"line":82,"column":2},"end":{"line":89,"column":7}},"37":{"start":{"line":84,"column":6},"end":{"line":84,"column":53}},"38":{"start":{"line":85,"column":6},"end":{"line":85,"column":20}},"39":{"start":{"line":88,"column":6},"end":{"line":88,"column":32}},"40":{"start":{"line":88,"column":15},"end":{"line":88,"column":32}},"41":{"start":{"line":92,"column":0},"end":{"line":92,"column":30}}},"fnMap":{"0":{"name":"(anonymous_0)","decl":{"start":{"line":12,"column":27},"end":{"line":12,"column":28}},"loc":{"start":{"line":12,"column":47},"end":{"line":20,"column":1}},"line":12},"1":{"name":"(anonymous_1)","decl":{"start":{"line":14,"column":10},"end":{"line":14,"column":11}},"loc":{"start":{"line":14,"column":16},"end":{"line":16,"column":5}},"line":14},"2":{"name":"(anonymous_2)","decl":{"start":{"line":17,"column":11},"end":{"line":17,"column":12}},"loc":{"start":{"line":17,"column":20},"end":{"line":19,"column":5}},"line":17},"3":{"name":"(anonymous_3)","decl":{"start":{"line":22,"column":27},"end":{"line":22,"column":28}},"loc":{"start":{"line":22,"column":47},"end":{"line":30,"column":1}},"line":22},"4":{"name":"(anonymous_4)","decl":{"start":{"line":24,"column":10},"end":{"line":24,"column":11}},"loc":{"start":{"line":24,"column":16},"end":{"line":26,"column":5}},"line":24},"5":{"name":"(anonymous_5)","decl":{"start":{"line":27,"column":11},"end":{"line":27,"column":12}},"loc":{"start":{"line":27,"column":20},"end":{"line":29,"column":5}},"line":27},"6":{"name":"(anonymous_6)","decl":{"start":{"line":32,"column":27},"end":{"line":32,"column":28}},"loc":{"start":{"line":32,"column":47},"end":{"line":40,"column":1}},"line":32},"7":{"name":"(anonymous_7)","decl":{"start":{"line":34,"column":10},"end":{"line":34,"column":11}},"loc":{"start":{"line":34,"column":16},"end":{"line":36,"column":5}},"line":34},"8":{"name":"(anonymous_8)","decl":{"start":{"line":37,"column":11},"end":{"line":37,"column":12}},"loc":{"start":{"line":37,"column":20},"end":{"line":39,"column":5}},"line":37},"9":{"name":"(anonymous_9)","decl":{"start":{"line":42,"column":27},"end":{"line":42,"column":28}},"loc":{"start":{"line":42,"column":47},"end":{"line":56,"column":1}},"line":42},"10":{"name":"(anonymous_10)","decl":{"start":{"line":50,"column":10},"end":{"line":50,"column":11}},"loc":{"start":{"line":50,"column":16},"end":{"line":52,"column":5}},"line":50},"11":{"name":"(anonymous_11)","decl":{"start":{"line":53,"column":11},"end":{"line":53,"column":12}},"loc":{"start":{"line":53,"column":20},"end":{"line":55,"column":5}},"line":53},"12":{"name":"(anonymous_12)","decl":{"start":{"line":58,"column":35},"end":{"line":58,"column":36}},"loc":{"start":{"line":58,"column":55},"end":{"line":73,"column":1}},"line":58},"13":{"name":"(anonymous_13)","decl":{"start":{"line":63,"column":10},"end":{"line":63,"column":11}},"loc":{"start":{"line":63,"column":20},"end":{"line":66,"column":5}},"line":63},"14":{"name":"(anonymous_14)","decl":{"start":{"line":67,"column":11},"end":{"line":67,"column":12}},"loc":{"start":{"line":67,"column":20},"end":{"line":72,"column":5}},"line":67},"15":{"name":"(anonymous_15)","decl":{"start":{"line":79,"column":27},"end":{"line":79,"column":28}},"loc":{"start":{"line":79,"column":47},"end":{"line":90,"column":1}},"line":79},"16":{"name":"(anonymous_16)","decl":{"start":{"line":83,"column":10},"end":{"line":83,"column":11}},"loc":{"start":{"line":83,"column":16},"end":{"line":86,"column":5}},"line":83},"17":{"name":"(anonymous_17)","decl":{"start":{"line":87,"column":11},"end":{"line":87,"column":12}},"loc":{"start":{"line":87,"column":20},"end":{"line":89,"column":5}},"line":87}},"branchMap":{"0":{"loc":{"start":{"line":18,"column":6},"end":{"line":18,"column":32}},"type":"if","locations":[{"start":{"line":18,"column":6},"end":{"line":18,"column":32}},{"start":{},"end":{}}],"line":18},"1":{"loc":{"start":{"line":28,"column":6},"end":{"line":28,"column":32}},"type":"if","locations":[{"start":{"line":28,"column":6},"end":{"line":28,"column":32}},{"start":{},"end":{}}],"line":28},"2":{"loc":{"start":{"line":38,"column":6},"end":{"line":38,"column":32}},"type":"if","locations":[{"start":{"line":38,"column":6},"end":{"line":38,"column":32}},{"start":{},"end":{}}],"line":38},"3":{"loc":{"start":{"line":44,"column":16},"end":{"line":44,"column":106}},"type":"cond-expr","locations":[{"start":{"line":44,"column":69},"end":{"line":44,"column":89}},{"start":{"line":44,"column":92},"end":{"line":44,"column":106}}],"line":44},"4":{"loc":{"start":{"line":44,"column":17},"end":{"line":44,"column":65}},"type":"binary-expr","locations":[{"start":{"line":44,"column":17},"end":{"line":44,"column":40}},{"start":{"line":44,"column":44},"end":{"line":44,"column":65}}],"line":44},"5":{"loc":{"start":{"line":45,"column":16},"end":{"line":45,"column":100}},"type":"cond-expr","locations":[{"start":{"line":45,"column":69},"end":{"line":45,"column":83}},{"start":{"line":45,"column":86},"end":{"line":45,"column":100}}],"line":45},"6":{"loc":{"start":{"line":45,"column":17},"end":{"line":45,"column":65}},"type":"binary-expr","locations":[{"start":{"line":45,"column":17},"end":{"line":45,"column":40}},{"start":{"line":45,"column":44},"end":{"line":45,"column":65}}],"line":45},"7":{"loc":{"start":{"line":54,"column":6},"end":{"line":54,"column":32}},"type":"if","locations":[{"start":{"line":54,"column":6},"end":{"line":54,"column":32}},{"start":{},"end":{}}],"line":54},"8":{"loc":{"start":{"line":88,"column":6},"end":{"line":88,"column":32}},"type":"if","locations":[{"start":{"line":88,"column":6},"end":{"line":88,"column":32}},{"start":{},"end":{}}],"line":88}},"s":{"0":1,"1":1,"2":1,"3":1,"4":1,"5":0,"6":0,"7":0,"8":0,"9":1,"10":0,"11":0,"12":0,"13":0,"14":1,"15":0,"16":0,"17":0,"18":0,"19":1,"20":0,"21":0,"22":0,"23":0,"24":0,"25":0,"26":0,"27":0,"28":1,"29":0,"30":0,"31":0,"32":0,"33":0,"34":1,"35":0,"36":0,"37":0,"38":0,"39":0,"40":0,"41":1},"f":{"0":0,"1":0,"2":0,"3":0,"4":0,"5":0,"6":0,"7":0,"8":0,"9":0,"10":0,"11":0,"12":0,"13":0,"14":0,"15":0,"16":0,"17":0},"b":{"0":[0,0],"1":[0,0],"2":[0,0],"3":[0,0],"4":[0,0],"5":[0,0],"6":[0,0],"7":[0,0],"8":[0,0]},"_coverageSchema":"1a1c01bbd47fc00a2c39e90264f33305004495a9","hash":"090746439065db550ecb9d154a49413aabc1f0e2"}
,"C:\\Users\\Beansprout\\OneDrive\\Documents\\GitHub\\Codesmith\\OSP\\Docketeer\\server\\controllers\\initController.js": {"path":"C:\\Users\\Beansprout\\OneDrive\\Documents\\GitHub\\Codesmith\\OSP\\Docketeer\\server\\controllers\\initController.js","statementMap":{"0":{"start":{"line":6,"column":11},"end":{"line":6,"column":41}},"1":{"start":{"line":7,"column":13},"end":{"line":7,"column":28}},"2":{"start":{"line":8,"column":17},"end":{"line":8,"column":41}},"3":{"start":{"line":11,"column":23},"end":{"line":11,"column":25}},"4":{"start":{"line":13,"column":0},"end":{"line":28,"column":2}},"5":{"start":{"line":15,"column":4},"end":{"line":17,"column":54}},"6":{"start":{"line":19,"column":2},"end":{"line":27,"column":4}},"7":{"start":{"line":22,"column":6},"end":{"line":22,"column":31}},"8":{"start":{"line":23,"column":6},"end":{"line":23,"column":33}},"9":{"start":{"line":24,"column":6},"end":{"line":24,"column":33}},"10":{"start":{"line":25,"column":6},"end":{"line":25,"column":20}},"11":{"start":{"line":31,"column":0},"end":{"line":42,"column":2}},"12":{"start":{"line":32,"column":20},"end":{"line":32,"column":50}},"13":{"start":{"line":33,"column":2},"end":{"line":33,"column":24}},"14":{"start":{"line":34,"column":2},"end":{"line":41,"column":7}},"15":{"start":{"line":36,"column":6},"end":{"line":36,"column":20}},"16":{"start":{"line":39,"column":6},"end":{"line":39,"column":22}},"17":{"start":{"line":40,"column":6},"end":{"line":40,"column":32}},"18":{"start":{"line":40,"column":15},"end":{"line":40,"column":32}},"19":{"start":{"line":47,"column":0},"end":{"line":60,"column":1}},"20":{"start":{"line":48,"column":20},"end":{"line":48,"column":40}},"21":{"start":{"line":50,"column":2},"end":{"line":59,"column":7}},"22":{"start":{"line":52,"column":6},"end":{"line":52,"column":38}},"23":{"start":{"line":53,"column":6},"end":{"line":53,"column":46}},"24":{"start":{"line":54,"column":6},"end":{"line":54,"column":20}},"25":{"start":{"line":57,"column":6},"end":{"line":57,"column":22}},"26":{"start":{"line":58,"column":6},"end":{"line":58,"column":32}},"27":{"start":{"line":58,"column":15},"end":{"line":58,"column":32}},"28":{"start":{"line":64,"column":0},"end":{"line":85,"column":1}},"29":{"start":{"line":66,"column":21},"end":{"line":66,"column":53}},"30":{"start":{"line":68,"column":22},"end":{"line":68,"column":172}},"31":{"start":{"line":71,"column":2},"end":{"line":83,"column":4}},"32":{"start":{"line":73,"column":61},"end":{"line":73,"column":91}},"33":{"start":{"line":74,"column":23},"end":{"line":74,"column":71}},"34":{"start":{"line":76,"column":4},"end":{"line":82,"column":7}},"35":{"start":{"line":80,"column":6},"end":{"line":80,"column":22}},"36":{"start":{"line":81,"column":6},"end":{"line":81,"column":32}},"37":{"start":{"line":81,"column":15},"end":{"line":81,"column":32}},"38":{"start":{"line":84,"column":2},"end":{"line":84,"column":16}},"39":{"start":{"line":87,"column":0},"end":{"line":116,"column":1}},"40":{"start":{"line":88,"column":20},"end":{"line":88,"column":71}},"41":{"start":{"line":89,"column":25},"end":{"line":89,"column":96}},"42":{"start":{"line":90,"column":24},"end":{"line":90,"column":43}},"43":{"start":{"line":91,"column":14},"end":{"line":91,"column":15}},"44":{"start":{"line":93,"column":2},"end":{"line":115,"column":3}},"45":{"start":{"line":94,"column":4},"end":{"line":94,"column":40}},"46":{"start":{"line":95,"column":4},"end":{"line":99,"column":6}},"47":{"start":{"line":97,"column":6},"end":{"line":97,"column":32}},"48":{"start":{"line":98,"column":6},"end":{"line":98,"column":20}},"49":{"start":{"line":103,"column":4},"end":{"line":108,"column":7}},"50":{"start":{"line":104,"column":32},"end":{"line":104,"column":68}},"51":{"start":{"line":105,"column":6},"end":{"line":105,"column":14}},"52":{"start":{"line":106,"column":6},"end":{"line":106,"column":68}},"53":{"start":{"line":106,"column":41},"end":{"line":106,"column":68}},"54":{"start":{"line":107,"column":6},"end":{"line":107,"column":41}},"55":{"start":{"line":109,"column":4},"end":{"line":109,"column":34}},"56":{"start":{"line":110,"column":4},"end":{"line":114,"column":6}},"57":{"start":{"line":112,"column":6},"end":{"line":112,"column":32}},"58":{"start":{"line":113,"column":6},"end":{"line":113,"column":20}},"59":{"start":{"line":118,"column":0},"end":{"line":118,"column":32}}},"fnMap":{"0":{"name":"(anonymous_0)","decl":{"start":{"line":13,"column":30},"end":{"line":13,"column":31}},"loc":{"start":{"line":13,"column":50},"end":{"line":28,"column":1}},"line":13},"1":{"name":"(anonymous_1)","decl":{"start":{"line":21,"column":4},"end":{"line":21,"column":5}},"loc":{"start":{"line":21,"column":31},"end":{"line":26,"column":5}},"line":21},"2":{"name":"(anonymous_2)","decl":{"start":{"line":31,"column":26},"end":{"line":31,"column":27}},"loc":{"start":{"line":31,"column":46},"end":{"line":42,"column":1}},"line":31},"3":{"name":"(anonymous_3)","decl":{"start":{"line":35,"column":10},"end":{"line":35,"column":11}},"loc":{"start":{"line":35,"column":20},"end":{"line":37,"column":5}},"line":35},"4":{"name":"(anonymous_4)","decl":{"start":{"line":38,"column":11},"end":{"line":38,"column":12}},"loc":{"start":{"line":38,"column":20},"end":{"line":41,"column":5}},"line":38},"5":{"name":"(anonymous_5)","decl":{"start":{"line":47,"column":24},"end":{"line":47,"column":25}},"loc":{"start":{"line":47,"column":44},"end":{"line":60,"column":1}},"line":47},"6":{"name":"(anonymous_6)","decl":{"start":{"line":51,"column":10},"end":{"line":51,"column":11}},"loc":{"start":{"line":51,"column":20},"end":{"line":55,"column":5}},"line":51},"7":{"name":"(anonymous_7)","decl":{"start":{"line":56,"column":11},"end":{"line":56,"column":12}},"loc":{"start":{"line":56,"column":20},"end":{"line":59,"column":5}},"line":56},"8":{"name":"(anonymous_8)","decl":{"start":{"line":64,"column":28},"end":{"line":64,"column":29}},"loc":{"start":{"line":64,"column":48},"end":{"line":85,"column":1}},"line":64},"9":{"name":"(anonymous_9)","decl":{"start":{"line":71,"column":21},"end":{"line":71,"column":22}},"loc":{"start":{"line":71,"column":36},"end":{"line":83,"column":3}},"line":71},"10":{"name":"(anonymous_10)","decl":{"start":{"line":77,"column":10},"end":{"line":77,"column":11}},"loc":{"start":{"line":77,"column":16},"end":{"line":78,"column":5}},"line":77},"11":{"name":"(anonymous_11)","decl":{"start":{"line":79,"column":11},"end":{"line":79,"column":12}},"loc":{"start":{"line":79,"column":20},"end":{"line":82,"column":5}},"line":79},"12":{"name":"(anonymous_12)","decl":{"start":{"line":87,"column":28},"end":{"line":87,"column":29}},"loc":{"start":{"line":87,"column":54},"end":{"line":116,"column":1}},"line":87},"13":{"name":"(anonymous_13)","decl":{"start":{"line":96,"column":10},"end":{"line":96,"column":11}},"loc":{"start":{"line":96,"column":20},"end":{"line":99,"column":5}},"line":96},"14":{"name":"(anonymous_14)","decl":{"start":{"line":103,"column":35},"end":{"line":103,"column":36}},"loc":{"start":{"line":103,"column":50},"end":{"line":108,"column":5}},"line":103},"15":{"name":"(anonymous_15)","decl":{"start":{"line":111,"column":10},"end":{"line":111,"column":11}},"loc":{"start":{"line":111,"column":20},"end":{"line":114,"column":5}},"line":111}},"branchMap":{"0":{"loc":{"start":{"line":15,"column":4},"end":{"line":17,"column":54}},"type":"cond-expr","locations":[{"start":{"line":16,"column":8},"end":{"line":16,"column":46}},{"start":{"line":17,"column":8},"end":{"line":17,"column":54}}],"line":15},"1":{"loc":{"start":{"line":40,"column":6},"end":{"line":40,"column":32}},"type":"if","locations":[{"start":{"line":40,"column":6},"end":{"line":40,"column":32}},{"start":{},"end":{}}],"line":40},"2":{"loc":{"start":{"line":58,"column":6},"end":{"line":58,"column":32}},"type":"if","locations":[{"start":{"line":58,"column":6},"end":{"line":58,"column":32}},{"start":{},"end":{}}],"line":58},"3":{"loc":{"start":{"line":81,"column":6},"end":{"line":81,"column":32}},"type":"if","locations":[{"start":{"line":81,"column":6},"end":{"line":81,"column":32}},{"start":{},"end":{}}],"line":81},"4":{"loc":{"start":{"line":93,"column":2},"end":{"line":115,"column":3}},"type":"if","locations":[{"start":{"line":93,"column":2},"end":{"line":115,"column":3}},{"start":{"line":102,"column":7},"end":{"line":115,"column":3}}],"line":93},"5":{"loc":{"start":{"line":106,"column":6},"end":{"line":106,"column":68}},"type":"if","locations":[{"start":{"line":106,"column":6},"end":{"line":106,"column":68}},{"start":{},"end":{}}],"line":106}},"s":{"0":1,"1":1,"2":1,"3":1,"4":1,"5":0,"6":0,"7":0,"8":0,"9":0,"10":0,"11":1,"12":0,"13":0,"14":0,"15":0,"16":0,"17":0,"18":0,"19":1,"20":0,"21":0,"22":0,"23":0,"24":0,"25":0,"26":0,"27":0,"28":1,"29":0,"30":0,"31":0,"32":0,"33":0,"34":0,"35":0,"36":0,"37":0,"38":0,"39":1,"40":0,"41":0,"42":0,"43":0,"44":0,"45":0,"46":0,"47":0,"48":0,"49":0,"50":0,"51":0,"52":0,"53":0,"54":0,"55":0,"56":0,"57":0,"58":0,"59":1},"f":{"0":0,"1":0,"2":0,"3":0,"4":0,"5":0,"6":0,"7":0,"8":0,"9":0,"10":0,"11":0,"12":0,"13":0,"14":0,"15":0},"b":{"0":[0,0],"1":[0,0],"2":[0,0],"3":[0,0],"4":[0,0],"5":[0,0]},"_coverageSchema":"1a1c01bbd47fc00a2c39e90264f33305004495a9","hash":"73f2ea58b385b514342b5b685169cff4c170e53c"}
,"C:\\Users\\Beansprout\\OneDrive\\Documents\\GitHub\\Codesmith\\OSP\\Docketeer\\server\\controllers\\settingsController.js": {"path":"C:\\Users\\Beansprout\\OneDrive\\Documents\\GitHub\\Codesmith\\OSP\\Docketeer\\server\\controllers\\settingsController.js","statementMap":{"0":{"start":{"line":6,"column":11},"end":{"line":6,"column":41}},"1":{"start":{"line":8,"column":27},"end":{"line":8,"column":29}},"2":{"start":{"line":10,"column":0},"end":{"line":20,"column":2}},"3":{"start":{"line":11,"column":22},"end":{"line":11,"column":100}},"4":{"start":{"line":12,"column":21},"end":{"line":12,"column":56}},"5":{"start":{"line":13,"column":2},"end":{"line":19,"column":7}},"6":{"start":{"line":15,"column":6},"end":{"line":15,"column":20}},"7":{"start":{"line":18,"column":6},"end":{"line":18,"column":23}},"8":{"start":{"line":22,"column":0},"end":{"line":35,"column":2}},"9":{"start":{"line":23,"column":22},"end":{"line":26,"column":27}},"10":{"start":{"line":27,"column":21},"end":{"line":27,"column":58}},"11":{"start":{"line":28,"column":2},"end":{"line":34,"column":4}},"12":{"start":{"line":30,"column":4},"end":{"line":30,"column":18}},"13":{"start":{"line":33,"column":4},"end":{"line":33,"column":21}},"14":{"start":{"line":37,"column":0},"end":{"line":48,"column":2}},"15":{"start":{"line":38,"column":22},"end":{"line":39,"column":121}},"16":{"start":{"line":40,"column":21},"end":{"line":40,"column":58}},"17":{"start":{"line":41,"column":2},"end":{"line":47,"column":4}},"18":{"start":{"line":43,"column":6},"end":{"line":43,"column":20}},"19":{"start":{"line":46,"column":6},"end":{"line":46,"column":23}},"20":{"start":{"line":50,"column":0},"end":{"line":79,"column":2}},"21":{"start":{"line":51,"column":22},"end":{"line":53,"column":79}},"22":{"start":{"line":54,"column":2},"end":{"line":78,"column":4}},"23":{"start":{"line":56,"column":25},"end":{"line":56,"column":27}},"24":{"start":{"line":57,"column":22},"end":{"line":57,"column":24}},"25":{"start":{"line":58,"column":26},"end":{"line":58,"column":28}},"26":{"start":{"line":59,"column":6},"end":{"line":69,"column":9}},"27":{"start":{"line":60,"column":8},"end":{"line":68,"column":9}},"28":{"start":{"line":61,"column":10},"end":{"line":61,"column":50}},"29":{"start":{"line":63,"column":13},"end":{"line":68,"column":9}},"30":{"start":{"line":64,"column":10},"end":{"line":64,"column":47}},"31":{"start":{"line":66,"column":13},"end":{"line":68,"column":9}},"32":{"start":{"line":67,"column":10},"end":{"line":67,"column":51}},"33":{"start":{"line":70,"column":6},"end":{"line":70,"column":37}},"34":{"start":{"line":71,"column":6},"end":{"line":71,"column":31}},"35":{"start":{"line":72,"column":6},"end":{"line":72,"column":39}},"36":{"start":{"line":73,"column":6},"end":{"line":73,"column":20}},"37":{"start":{"line":76,"column":6},"end":{"line":76,"column":52}},"38":{"start":{"line":77,"column":6},"end":{"line":77,"column":23}},"39":{"start":{"line":81,"column":0},"end":{"line":95,"column":2}},"40":{"start":{"line":82,"column":22},"end":{"line":85,"column":36}},"41":{"start":{"line":86,"column":21},"end":{"line":86,"column":94}},"42":{"start":{"line":87,"column":2},"end":{"line":94,"column":4}},"43":{"start":{"line":89,"column":6},"end":{"line":89,"column":20}},"44":{"start":{"line":92,"column":6},"end":{"line":92,"column":43}},"45":{"start":{"line":93,"column":6},"end":{"line":93,"column":23}},"46":{"start":{"line":97,"column":0},"end":{"line":111,"column":2}},"47":{"start":{"line":98,"column":22},"end":{"line":101,"column":46}},"48":{"start":{"line":102,"column":21},"end":{"line":102,"column":102}},"49":{"start":{"line":103,"column":2},"end":{"line":110,"column":6}},"50":{"start":{"line":105,"column":6},"end":{"line":105,"column":20}},"51":{"start":{"line":108,"column":6},"end":{"line":108,"column":50}},"52":{"start":{"line":109,"column":6},"end":{"line":109,"column":23}},"53":{"start":{"line":113,"column":0},"end":{"line":127,"column":2}},"54":{"start":{"line":114,"column":22},"end":{"line":117,"column":44}},"55":{"start":{"line":118,"column":21},"end":{"line":118,"column":102}},"56":{"start":{"line":119,"column":2},"end":{"line":126,"column":4}},"57":{"start":{"line":121,"column":6},"end":{"line":121,"column":20}},"58":{"start":{"line":124,"column":6},"end":{"line":124,"column":48}},"59":{"start":{"line":125,"column":6},"end":{"line":125,"column":23}},"60":{"start":{"line":129,"column":0},"end":{"line":143,"column":2}},"61":{"start":{"line":130,"column":22},"end":{"line":133,"column":34}},"62":{"start":{"line":134,"column":21},"end":{"line":134,"column":63}},"63":{"start":{"line":135,"column":2},"end":{"line":142,"column":4}},"64":{"start":{"line":137,"column":6},"end":{"line":137,"column":20}},"65":{"start":{"line":140,"column":6},"end":{"line":140,"column":40}},"66":{"start":{"line":141,"column":6},"end":{"line":141,"column":23}},"67":{"start":{"line":145,"column":0},"end":{"line":145,"column":36}}},"fnMap":{"0":{"name":"(anonymous_0)","decl":{"start":{"line":10,"column":34},"end":{"line":10,"column":35}},"loc":{"start":{"line":10,"column":60},"end":{"line":20,"column":1}},"line":10},"1":{"name":"(anonymous_1)","decl":{"start":{"line":14,"column":10},"end":{"line":14,"column":11}},"loc":{"start":{"line":14,"column":20},"end":{"line":16,"column":5}},"line":14},"2":{"name":"(anonymous_2)","decl":{"start":{"line":17,"column":11},"end":{"line":17,"column":12}},"loc":{"start":{"line":17,"column":20},"end":{"line":19,"column":5}},"line":17},"3":{"name":"(anonymous_3)","decl":{"start":{"line":22,"column":42},"end":{"line":22,"column":43}},"loc":{"start":{"line":22,"column":68},"end":{"line":35,"column":1}},"line":22},"4":{"name":"(anonymous_4)","decl":{"start":{"line":29,"column":10},"end":{"line":29,"column":11}},"loc":{"start":{"line":29,"column":20},"end":{"line":31,"column":3}},"line":29},"5":{"name":"(anonymous_5)","decl":{"start":{"line":32,"column":9},"end":{"line":32,"column":10}},"loc":{"start":{"line":32,"column":18},"end":{"line":34,"column":3}},"line":32},"6":{"name":"(anonymous_6)","decl":{"start":{"line":37,"column":45},"end":{"line":37,"column":46}},"loc":{"start":{"line":37,"column":71},"end":{"line":48,"column":1}},"line":37},"7":{"name":"(anonymous_7)","decl":{"start":{"line":42,"column":10},"end":{"line":42,"column":11}},"loc":{"start":{"line":42,"column":20},"end":{"line":44,"column":3}},"line":42},"8":{"name":"(anonymous_8)","decl":{"start":{"line":45,"column":11},"end":{"line":45,"column":12}},"loc":{"start":{"line":45,"column":20},"end":{"line":47,"column":3}},"line":45},"9":{"name":"(anonymous_9)","decl":{"start":{"line":50,"column":42},"end":{"line":50,"column":43}},"loc":{"start":{"line":50,"column":68},"end":{"line":79,"column":1}},"line":50},"10":{"name":"(anonymous_10)","decl":{"start":{"line":55,"column":10},"end":{"line":55,"column":11}},"loc":{"start":{"line":55,"column":20},"end":{"line":74,"column":3}},"line":55},"11":{"name":"(anonymous_11)","decl":{"start":{"line":59,"column":24},"end":{"line":59,"column":25}},"loc":{"start":{"line":59,"column":42},"end":{"line":69,"column":7}},"line":59},"12":{"name":"(anonymous_12)","decl":{"start":{"line":75,"column":11},"end":{"line":75,"column":12}},"loc":{"start":{"line":75,"column":20},"end":{"line":78,"column":3}},"line":75},"13":{"name":"(anonymous_13)","decl":{"start":{"line":81,"column":36},"end":{"line":81,"column":37}},"loc":{"start":{"line":81,"column":62},"end":{"line":95,"column":1}},"line":81},"14":{"name":"(anonymous_14)","decl":{"start":{"line":88,"column":10},"end":{"line":88,"column":11}},"loc":{"start":{"line":88,"column":20},"end":{"line":90,"column":3}},"line":88},"15":{"name":"(anonymous_15)","decl":{"start":{"line":91,"column":11},"end":{"line":91,"column":12}},"loc":{"start":{"line":91,"column":20},"end":{"line":94,"column":3}},"line":91},"16":{"name":"(anonymous_16)","decl":{"start":{"line":97,"column":43},"end":{"line":97,"column":44}},"loc":{"start":{"line":97,"column":69},"end":{"line":111,"column":1}},"line":97},"17":{"name":"(anonymous_17)","decl":{"start":{"line":104,"column":10},"end":{"line":104,"column":11}},"loc":{"start":{"line":104,"column":20},"end":{"line":106,"column":3}},"line":104},"18":{"name":"(anonymous_18)","decl":{"start":{"line":107,"column":11},"end":{"line":107,"column":12}},"loc":{"start":{"line":107,"column":20},"end":{"line":110,"column":5}},"line":107},"19":{"name":"(anonymous_19)","decl":{"start":{"line":113,"column":41},"end":{"line":113,"column":42}},"loc":{"start":{"line":113,"column":67},"end":{"line":127,"column":1}},"line":113},"20":{"name":"(anonymous_20)","decl":{"start":{"line":120,"column":10},"end":{"line":120,"column":11}},"loc":{"start":{"line":120,"column":20},"end":{"line":122,"column":3}},"line":120},"21":{"name":"(anonymous_21)","decl":{"start":{"line":123,"column":11},"end":{"line":123,"column":12}},"loc":{"start":{"line":123,"column":20},"end":{"line":126,"column":3}},"line":123},"22":{"name":"(anonymous_22)","decl":{"start":{"line":129,"column":33},"end":{"line":129,"column":34}},"loc":{"start":{"line":129,"column":59},"end":{"line":143,"column":1}},"line":129},"23":{"name":"(anonymous_23)","decl":{"start":{"line":136,"column":10},"end":{"line":136,"column":11}},"loc":{"start":{"line":136,"column":20},"end":{"line":138,"column":3}},"line":136},"24":{"name":"(anonymous_24)","decl":{"start":{"line":139,"column":11},"end":{"line":139,"column":12}},"loc":{"start":{"line":139,"column":20},"end":{"line":142,"column":3}},"line":139}},"branchMap":{"0":{"loc":{"start":{"line":60,"column":8},"end":{"line":68,"column":9}},"type":"if","locations":[{"start":{"line":60,"column":8},"end":{"line":68,"column":9}},{"start":{"line":63,"column":13},"end":{"line":68,"column":9}}],"line":60},"1":{"loc":{"start":{"line":63,"column":13},"end":{"line":68,"column":9}},"type":"if","locations":[{"start":{"line":63,"column":13},"end":{"line":68,"column":9}},{"start":{"line":66,"column":13},"end":{"line":68,"column":9}}],"line":63},"2":{"loc":{"start":{"line":66,"column":13},"end":{"line":68,"column":9}},"type":"if","locations":[{"start":{"line":66,"column":13},"end":{"line":68,"column":9}},{"start":{},"end":{}}],"line":66}},"s":{"0":1,"1":1,"2":1,"3":0,"4":0,"5":0,"6":0,"7":0,"8":1,"9":0,"10":0,"11":0,"12":0,"13":0,"14":1,"15":0,"16":0,"17":0,"18":0,"19":0,"20":1,"21":0,"22":0,"23":0,"24":0,"25":0,"26":0,"27":0,"28":0,"29":0,"30":0,"31":0,"32":0,"33":0,"34":0,"35":0,"36":0,"37":0,"38":0,"39":1,"40":0,"41":0,"42":0,"43":0,"44":0,"45":0,"46":1,"47":0,"48":0,"49":0,"50":0,"51":0,"52":0,"53":1,"54":0,"55":0,"56":0,"57":0,"58":0,"59":0,"60":1,"61":0,"62":0,"63":0,"64":0,"65":0,"66":0,"67":1},"f":{"0":0,"1":0,"2":0,"3":0,"4":0,"5":0,"6":0,"7":0,"8":0,"9":0,"10":0,"11":0,"12":0,"13":0,"14":0,"15":0,"16":0,"17":0,"18":0,"19":0,"20":0,"21":0,"22":0,"23":0,"24":0},"b":{"0":[0,0],"1":[0,0],"2":[0,0]},"_coverageSchema":"1a1c01bbd47fc00a2c39e90264f33305004495a9","hash":"ca5f0373aaf88eef945684880077d849ffc26e1f"}
,"C:\\Users\\Beansprout\\OneDrive\\Documents\\GitHub\\Codesmith\\OSP\\Docketeer\\server\\controllers\\signupController.js": {"path":"C:\\Users\\Beansprout\\OneDrive\\Documents\\GitHub\\Codesmith\\OSP\\Docketeer\\server\\controllers\\signupController.js","statementMap":{"0":{"start":{"line":6,"column":11},"end":{"line":6,"column":42}},"1":{"start":{"line":8,"column":25},"end":{"line":8,"column":27}},"2":{"start":{"line":11,"column":0},"end":{"line":31,"column":2}},"3":{"start":{"line":12,"column":23},"end":{"line":12,"column":31}},"4":{"start":{"line":14,"column":30},"end":{"line":14,"column":81}},"5":{"start":{"line":16,"column":2},"end":{"line":30,"column":7}},"6":{"start":{"line":18,"column":6},"end":{"line":23,"column":7}},"7":{"start":{"line":19,"column":8},"end":{"line":19,"column":54}},"8":{"start":{"line":20,"column":8},"end":{"line":20,"column":22}},"9":{"start":{"line":22,"column":8},"end":{"line":22,"column":22}},"10":{"start":{"line":26,"column":6},"end":{"line":29,"column":9}},"11":{"start":{"line":34,"column":0},"end":{"line":45,"column":2}},"12":{"start":{"line":35,"column":2},"end":{"line":35,"column":38}},"13":{"start":{"line":35,"column":24},"end":{"line":35,"column":38}},"14":{"start":{"line":37,"column":23},"end":{"line":37,"column":31}},"15":{"start":{"line":39,"column":2},"end":{"line":44,"column":3}},"16":{"start":{"line":40,"column":4},"end":{"line":40,"column":18}},"17":{"start":{"line":42,"column":4},"end":{"line":42,"column":65}},"18":{"start":{"line":43,"column":4},"end":{"line":43,"column":18}},"19":{"start":{"line":48,"column":0},"end":{"line":53,"column":2}},"20":{"start":{"line":49,"column":33},"end":{"line":49,"column":41}},"21":{"start":{"line":51,"column":2},"end":{"line":51,"column":81}},"22":{"start":{"line":51,"column":30},"end":{"line":51,"column":81}},"23":{"start":{"line":52,"column":2},"end":{"line":52,"column":16}},"24":{"start":{"line":57,"column":0},"end":{"line":57,"column":34}}},"fnMap":{"0":{"name":"(anonymous_0)","decl":{"start":{"line":11,"column":33},"end":{"line":11,"column":34}},"loc":{"start":{"line":11,"column":53},"end":{"line":31,"column":1}},"line":11},"1":{"name":"(anonymous_1)","decl":{"start":{"line":17,"column":10},"end":{"line":17,"column":11}},"loc":{"start":{"line":17,"column":20},"end":{"line":24,"column":5}},"line":17},"2":{"name":"(anonymous_2)","decl":{"start":{"line":25,"column":11},"end":{"line":25,"column":12}},"loc":{"start":{"line":25,"column":20},"end":{"line":30,"column":5}},"line":25},"3":{"name":"(anonymous_3)","decl":{"start":{"line":34,"column":33},"end":{"line":34,"column":34}},"loc":{"start":{"line":34,"column":53},"end":{"line":45,"column":1}},"line":34},"4":{"name":"(anonymous_4)","decl":{"start":{"line":48,"column":38},"end":{"line":48,"column":39}},"loc":{"start":{"line":48,"column":58},"end":{"line":53,"column":1}},"line":48}},"branchMap":{"0":{"loc":{"start":{"line":18,"column":6},"end":{"line":23,"column":7}},"type":"if","locations":[{"start":{"line":18,"column":6},"end":{"line":23,"column":7}},{"start":{"line":21,"column":13},"end":{"line":23,"column":7}}],"line":18},"1":{"loc":{"start":{"line":35,"column":2},"end":{"line":35,"column":38}},"type":"if","locations":[{"start":{"line":35,"column":2},"end":{"line":35,"column":38}},{"start":{},"end":{}}],"line":35},"2":{"loc":{"start":{"line":39,"column":2},"end":{"line":44,"column":3}},"type":"if","locations":[{"start":{"line":39,"column":2},"end":{"line":44,"column":3}},{"start":{"line":41,"column":9},"end":{"line":44,"column":3}}],"line":39},"3":{"loc":{"start":{"line":51,"column":2},"end":{"line":51,"column":81}},"type":"if","locations":[{"start":{"line":51,"column":2},"end":{"line":51,"column":81}},{"start":{},"end":{}}],"line":51},"4":{"loc":{"start":{"line":51,"column":6},"end":{"line":51,"column":28}},"type":"binary-expr","locations":[{"start":{"line":51,"column":6},"end":{"line":51,"column":15}},{"start":{"line":51,"column":19},"end":{"line":51,"column":28}}],"line":51}},"s":{"0":1,"1":1,"2":1,"3":0,"4":0,"5":0,"6":0,"7":0,"8":0,"9":0,"10":0,"11":1,"12":0,"13":0,"14":0,"15":0,"16":0,"17":0,"18":0,"19":1,"20":0,"21":0,"22":0,"23":0,"24":1},"f":{"0":0,"1":0,"2":0,"3":0,"4":0},"b":{"0":[0,0],"1":[0,0],"2":[0,0],"3":[0,0],"4":[0,0]},"_coverageSchema":"1a1c01bbd47fc00a2c39e90264f33305004495a9","hash":"744a8147a4f8ceb16dca8432353de4a8416e378f"}
,"C:\\Users\\Beansprout\\OneDrive\\Documents\\GitHub\\Codesmith\\OSP\\Docketeer\\server\\controllers\\userController.js": {"path":"C:\\Users\\Beansprout\\OneDrive\\Documents\\GitHub\\Codesmith\\OSP\\Docketeer\\server\\controllers\\userController.js","statementMap":{"0":{"start":{"line":5,"column":24},"end":{"line":5,"column":37}},"1":{"start":{"line":6,"column":21},"end":{"line":6,"column":39}},"2":{"start":{"line":7,"column":11},"end":{"line":7,"column":42}},"3":{"start":{"line":9,"column":23},"end":{"line":9,"column":25}},"4":{"start":{"line":12,"column":0},"end":{"line":34,"column":2}},"5":{"start":{"line":13,"column":2},"end":{"line":13,"column":38}},"6":{"start":{"line":13,"column":24},"end":{"line":13,"column":38}},"7":{"start":{"line":15,"column":37},"end":{"line":15,"column":45}},"8":{"start":{"line":16,"column":19},"end":{"line":16,"column":29}},"9":{"start":{"line":18,"column":21},"end":{"line":18,"column":128}},"10":{"start":{"line":19,"column":22},"end":{"line":19,"column":52}},"11":{"start":{"line":21,"column":2},"end":{"line":33,"column":3}},"12":{"start":{"line":22,"column":4},"end":{"line":32,"column":9}},"13":{"start":{"line":24,"column":8},"end":{"line":24,"column":39}},"14":{"start":{"line":25,"column":8},"end":{"line":25,"column":22}},"15":{"start":{"line":28,"column":8},"end":{"line":31,"column":11}},"16":{"start":{"line":37,"column":0},"end":{"line":54,"column":2}},"17":{"start":{"line":38,"column":2},"end":{"line":53,"column":3}},"18":{"start":{"line":39,"column":4},"end":{"line":39,"column":18}},"19":{"start":{"line":41,"column":21},"end":{"line":41,"column":60}},"20":{"start":{"line":42,"column":4},"end":{"line":52,"column":9}},"21":{"start":{"line":44,"column":8},"end":{"line":44,"column":41}},"22":{"start":{"line":45,"column":8},"end":{"line":45,"column":22}},"23":{"start":{"line":48,"column":8},"end":{"line":51,"column":11}},"24":{"start":{"line":57,"column":0},"end":{"line":73,"column":2}},"25":{"start":{"line":58,"column":18},"end":{"line":58,"column":26}},"26":{"start":{"line":60,"column":18},"end":{"line":60,"column":59}},"27":{"start":{"line":62,"column":2},"end":{"line":72,"column":7}},"28":{"start":{"line":64,"column":6},"end":{"line":64,"column":39}},"29":{"start":{"line":65,"column":6},"end":{"line":65,"column":20}},"30":{"start":{"line":68,"column":6},"end":{"line":71,"column":9}},"31":{"start":{"line":76,"column":0},"end":{"line":94,"column":2}},"32":{"start":{"line":77,"column":2},"end":{"line":77,"column":38}},"33":{"start":{"line":77,"column":24},"end":{"line":77,"column":38}},"34":{"start":{"line":79,"column":23},"end":{"line":79,"column":31}},"35":{"start":{"line":81,"column":18},"end":{"line":81,"column":69}},"36":{"start":{"line":83,"column":2},"end":{"line":93,"column":7}},"37":{"start":{"line":85,"column":6},"end":{"line":85,"column":114}},"38":{"start":{"line":85,"column":24},"end":{"line":85,"column":55}},"39":{"start":{"line":85,"column":61},"end":{"line":85,"column":114}},"40":{"start":{"line":86,"column":6},"end":{"line":86,"column":20}},"41":{"start":{"line":89,"column":6},"end":{"line":92,"column":9}},"42":{"start":{"line":97,"column":0},"end":{"line":113,"column":2}},"43":{"start":{"line":99,"column":16},"end":{"line":99,"column":55}},"44":{"start":{"line":101,"column":2},"end":{"line":112,"column":7}},"45":{"start":{"line":103,"column":6},"end":{"line":103,"column":43}},"46":{"start":{"line":104,"column":6},"end":{"line":104,"column":39}},"47":{"start":{"line":105,"column":6},"end":{"line":105,"column":20}},"48":{"start":{"line":108,"column":6},"end":{"line":111,"column":9}},"49":{"start":{"line":116,"column":0},"end":{"line":165,"column":2}},"50":{"start":{"line":124,"column":18},"end":{"line":128,"column":3}},"51":{"start":{"line":131,"column":24},"end":{"line":131,"column":32}},"52":{"start":{"line":133,"column":2},"end":{"line":133,"column":88}},"53":{"start":{"line":137,"column":2},"end":{"line":164,"column":3}},"54":{"start":{"line":139,"column":4},"end":{"line":139,"column":31}},"55":{"start":{"line":140,"column":4},"end":{"line":140,"column":36}},"56":{"start":{"line":141,"column":4},"end":{"line":141,"column":11}},"57":{"start":{"line":144,"column":18},"end":{"line":144,"column":88}},"58":{"start":{"line":147,"column":23},"end":{"line":147,"column":49}},"59":{"start":{"line":148,"column":4},"end":{"line":148,"column":43}},"60":{"start":{"line":150,"column":4},"end":{"line":163,"column":9}},"61":{"start":{"line":153,"column":8},"end":{"line":153,"column":44}},"62":{"start":{"line":154,"column":8},"end":{"line":154,"column":55}},"63":{"start":{"line":155,"column":8},"end":{"line":155,"column":36}},"64":{"start":{"line":156,"column":8},"end":{"line":156,"column":22}},"65":{"start":{"line":159,"column":8},"end":{"line":162,"column":11}},"66":{"start":{"line":167,"column":0},"end":{"line":192,"column":2}},"67":{"start":{"line":169,"column":2},"end":{"line":172,"column":3}},"68":{"start":{"line":170,"column":4},"end":{"line":170,"column":93}},"69":{"start":{"line":171,"column":4},"end":{"line":171,"column":18}},"70":{"start":{"line":173,"column":19},"end":{"line":173,"column":29}},"71":{"start":{"line":174,"column":23},"end":{"line":174,"column":31}},"72":{"start":{"line":178,"column":16},"end":{"line":178,"column":81}},"73":{"start":{"line":179,"column":21},"end":{"line":179,"column":39}},"74":{"start":{"line":181,"column":2},"end":{"line":191,"column":7}},"75":{"start":{"line":183,"column":6},"end":{"line":183,"column":37}},"76":{"start":{"line":184,"column":6},"end":{"line":184,"column":20}},"77":{"start":{"line":187,"column":6},"end":{"line":190,"column":9}},"78":{"start":{"line":194,"column":0},"end":{"line":212,"column":2}},"79":{"start":{"line":196,"column":30},"end":{"line":196,"column":38}},"80":{"start":{"line":198,"column":16},"end":{"line":198,"column":78}},"81":{"start":{"line":199,"column":21},"end":{"line":199,"column":40}},"82":{"start":{"line":201,"column":2},"end":{"line":211,"column":7}},"83":{"start":{"line":203,"column":6},"end":{"line":203,"column":37}},"84":{"start":{"line":204,"column":6},"end":{"line":204,"column":20}},"85":{"start":{"line":207,"column":6},"end":{"line":210,"column":9}},"86":{"start":{"line":214,"column":0},"end":{"line":231,"column":2}},"87":{"start":{"line":215,"column":30},"end":{"line":215,"column":38}},"88":{"start":{"line":217,"column":16},"end":{"line":217,"column":78}},"89":{"start":{"line":218,"column":21},"end":{"line":218,"column":40}},"90":{"start":{"line":220,"column":2},"end":{"line":230,"column":7}},"91":{"start":{"line":222,"column":6},"end":{"line":222,"column":37}},"92":{"start":{"line":223,"column":6},"end":{"line":223,"column":20}},"93":{"start":{"line":226,"column":6},"end":{"line":229,"column":9}},"94":{"start":{"line":236,"column":0},"end":{"line":253,"column":2}},"95":{"start":{"line":237,"column":28},"end":{"line":237,"column":36}},"96":{"start":{"line":239,"column":16},"end":{"line":239,"column":88}},"97":{"start":{"line":240,"column":2},"end":{"line":251,"column":7}},"98":{"start":{"line":243,"column":6},"end":{"line":243,"column":60}},"99":{"start":{"line":243,"column":25},"end":{"line":243,"column":60}},"100":{"start":{"line":244,"column":6},"end":{"line":244,"column":20}},"101":{"start":{"line":247,"column":6},"end":{"line":250,"column":9}},"102":{"start":{"line":254,"column":0},"end":{"line":254,"column":32}}},"fnMap":{"0":{"name":"(anonymous_0)","decl":{"start":{"line":12,"column":28},"end":{"line":12,"column":29}},"loc":{"start":{"line":12,"column":48},"end":{"line":34,"column":1}},"line":12},"1":{"name":"(anonymous_1)","decl":{"start":{"line":23,"column":12},"end":{"line":23,"column":13}},"loc":{"start":{"line":23,"column":22},"end":{"line":26,"column":7}},"line":23},"2":{"name":"(anonymous_2)","decl":{"start":{"line":27,"column":13},"end":{"line":27,"column":14}},"loc":{"start":{"line":27,"column":22},"end":{"line":32,"column":7}},"line":27},"3":{"name":"(anonymous_3)","decl":{"start":{"line":37,"column":29},"end":{"line":37,"column":30}},"loc":{"start":{"line":37,"column":49},"end":{"line":54,"column":1}},"line":37},"4":{"name":"(anonymous_4)","decl":{"start":{"line":43,"column":12},"end":{"line":43,"column":13}},"loc":{"start":{"line":43,"column":26},"end":{"line":46,"column":7}},"line":43},"5":{"name":"(anonymous_5)","decl":{"start":{"line":47,"column":13},"end":{"line":47,"column":14}},"loc":{"start":{"line":47,"column":22},"end":{"line":52,"column":7}},"line":47},"6":{"name":"(anonymous_6)","decl":{"start":{"line":57,"column":28},"end":{"line":57,"column":29}},"loc":{"start":{"line":57,"column":48},"end":{"line":73,"column":1}},"line":57},"7":{"name":"(anonymous_7)","decl":{"start":{"line":63,"column":10},"end":{"line":63,"column":11}},"loc":{"start":{"line":63,"column":24},"end":{"line":66,"column":5}},"line":63},"8":{"name":"(anonymous_8)","decl":{"start":{"line":67,"column":11},"end":{"line":67,"column":12}},"loc":{"start":{"line":67,"column":20},"end":{"line":72,"column":5}},"line":67},"9":{"name":"(anonymous_9)","decl":{"start":{"line":76,"column":28},"end":{"line":76,"column":29}},"loc":{"start":{"line":76,"column":48},"end":{"line":94,"column":1}},"line":76},"10":{"name":"(anonymous_10)","decl":{"start":{"line":84,"column":10},"end":{"line":84,"column":11}},"loc":{"start":{"line":84,"column":20},"end":{"line":87,"column":5}},"line":84},"11":{"name":"(anonymous_11)","decl":{"start":{"line":88,"column":11},"end":{"line":88,"column":12}},"loc":{"start":{"line":88,"column":20},"end":{"line":93,"column":5}},"line":88},"12":{"name":"(anonymous_12)","decl":{"start":{"line":97,"column":31},"end":{"line":97,"column":32}},"loc":{"start":{"line":97,"column":51},"end":{"line":113,"column":1}},"line":97},"13":{"name":"(anonymous_13)","decl":{"start":{"line":102,"column":10},"end":{"line":102,"column":11}},"loc":{"start":{"line":102,"column":20},"end":{"line":106,"column":5}},"line":102},"14":{"name":"(anonymous_14)","decl":{"start":{"line":107,"column":11},"end":{"line":107,"column":12}},"loc":{"start":{"line":107,"column":20},"end":{"line":112,"column":5}},"line":107},"15":{"name":"(anonymous_15)","decl":{"start":{"line":116,"column":32},"end":{"line":116,"column":33}},"loc":{"start":{"line":116,"column":52},"end":{"line":165,"column":1}},"line":116},"16":{"name":"(anonymous_16)","decl":{"start":{"line":151,"column":12},"end":{"line":151,"column":13}},"loc":{"start":{"line":151,"column":22},"end":{"line":157,"column":7}},"line":151},"17":{"name":"(anonymous_17)","decl":{"start":{"line":158,"column":13},"end":{"line":158,"column":14}},"loc":{"start":{"line":158,"column":22},"end":{"line":163,"column":7}},"line":158},"18":{"name":"(anonymous_18)","decl":{"start":{"line":167,"column":32},"end":{"line":167,"column":33}},"loc":{"start":{"line":167,"column":52},"end":{"line":192,"column":1}},"line":167},"19":{"name":"(anonymous_19)","decl":{"start":{"line":182,"column":10},"end":{"line":182,"column":11}},"loc":{"start":{"line":182,"column":20},"end":{"line":185,"column":5}},"line":182},"20":{"name":"(anonymous_20)","decl":{"start":{"line":186,"column":11},"end":{"line":186,"column":12}},"loc":{"start":{"line":186,"column":20},"end":{"line":191,"column":5}},"line":186},"21":{"name":"(anonymous_21)","decl":{"start":{"line":194,"column":29},"end":{"line":194,"column":30}},"loc":{"start":{"line":194,"column":49},"end":{"line":212,"column":1}},"line":194},"22":{"name":"(anonymous_22)","decl":{"start":{"line":202,"column":10},"end":{"line":202,"column":11}},"loc":{"start":{"line":202,"column":20},"end":{"line":205,"column":5}},"line":202},"23":{"name":"(anonymous_23)","decl":{"start":{"line":206,"column":11},"end":{"line":206,"column":12}},"loc":{"start":{"line":206,"column":20},"end":{"line":211,"column":5}},"line":206},"24":{"name":"(anonymous_24)","decl":{"start":{"line":214,"column":29},"end":{"line":214,"column":30}},"loc":{"start":{"line":214,"column":49},"end":{"line":231,"column":1}},"line":214},"25":{"name":"(anonymous_25)","decl":{"start":{"line":221,"column":10},"end":{"line":221,"column":11}},"loc":{"start":{"line":221,"column":20},"end":{"line":224,"column":5}},"line":221},"26":{"name":"(anonymous_26)","decl":{"start":{"line":225,"column":11},"end":{"line":225,"column":12}},"loc":{"start":{"line":225,"column":20},"end":{"line":230,"column":5}},"line":225},"27":{"name":"(anonymous_27)","decl":{"start":{"line":236,"column":32},"end":{"line":236,"column":33}},"loc":{"start":{"line":236,"column":51},"end":{"line":253,"column":1}},"line":236},"28":{"name":"(anonymous_28)","decl":{"start":{"line":241,"column":10},"end":{"line":241,"column":11}},"loc":{"start":{"line":241,"column":20},"end":{"line":245,"column":5}},"line":241},"29":{"name":"(anonymous_29)","decl":{"start":{"line":246,"column":11},"end":{"line":246,"column":12}},"loc":{"start":{"line":246,"column":20},"end":{"line":251,"column":5}},"line":246}},"branchMap":{"0":{"loc":{"start":{"line":13,"column":2},"end":{"line":13,"column":38}},"type":"if","locations":[{"start":{"line":13,"column":2},"end":{"line":13,"column":38}},{"start":{},"end":{}}],"line":13},"1":{"loc":{"start":{"line":21,"column":2},"end":{"line":33,"column":3}},"type":"if","locations":[{"start":{"line":21,"column":2},"end":{"line":33,"column":3}},{"start":{},"end":{}}],"line":21},"2":{"loc":{"start":{"line":21,"column":6},"end":{"line":21,"column":22}},"type":"binary-expr","locations":[{"start":{"line":21,"column":6},"end":{"line":21,"column":14}},{"start":{"line":21,"column":18},"end":{"line":21,"column":22}}],"line":21},"3":{"loc":{"start":{"line":38,"column":2},"end":{"line":53,"column":3}},"type":"if","locations":[{"start":{"line":38,"column":2},"end":{"line":53,"column":3}},{"start":{"line":40,"column":7},"end":{"line":53,"column":3}}],"line":38},"4":{"loc":{"start":{"line":77,"column":2},"end":{"line":77,"column":38}},"type":"if","locations":[{"start":{"line":77,"column":2},"end":{"line":77,"column":38}},{"start":{},"end":{}}],"line":77},"5":{"loc":{"start":{"line":85,"column":6},"end":{"line":85,"column":114}},"type":"if","locations":[{"start":{"line":85,"column":6},"end":{"line":85,"column":114}},{"start":{"line":85,"column":61},"end":{"line":85,"column":114}}],"line":85},"6":{"loc":{"start":{"line":137,"column":2},"end":{"line":164,"column":3}},"type":"if","locations":[{"start":{"line":137,"column":2},"end":{"line":164,"column":3}},{"start":{"line":142,"column":10},"end":{"line":164,"column":3}}],"line":137},"7":{"loc":{"start":{"line":137,"column":5},"end":{"line":137,"column":55}},"type":"binary-expr","locations":[{"start":{"line":137,"column":5},"end":{"line":137,"column":31}},{"start":{"line":137,"column":35},"end":{"line":137,"column":55}}],"line":137},"8":{"loc":{"start":{"line":169,"column":2},"end":{"line":172,"column":3}},"type":"if","locations":[{"start":{"line":169,"column":2},"end":{"line":172,"column":3}},{"start":{},"end":{}}],"line":169},"9":{"loc":{"start":{"line":243,"column":6},"end":{"line":243,"column":60}},"type":"if","locations":[{"start":{"line":243,"column":6},"end":{"line":243,"column":60}},{"start":{},"end":{}}],"line":243}},"s":{"0":1,"1":1,"2":1,"3":1,"4":1,"5":0,"6":0,"7":0,"8":0,"9":0,"10":0,"11":0,"12":0,"13":0,"14":0,"15":0,"16":1,"17":0,"18":0,"19":0,"20":0,"21":0,"22":0,"23":0,"24":1,"25":0,"26":0,"27":0,"28":0,"29":0,"30":0,"31":1,"32":0,"33":0,"34":0,"35":0,"36":0,"37":0,"38":0,"39":0,"40":0,"41":0,"42":1,"43":0,"44":0,"45":0,"46":0,"47":0,"48":0,"49":1,"50":0,"51":0,"52":0,"53":0,"54":0,"55":0,"56":0,"57":0,"58":0,"59":0,"60":0,"61":0,"62":0,"63":0,"64":0,"65":0,"66":1,"67":0,"68":0,"69":0,"70":0,"71":0,"72":0,"73":0,"74":0,"75":0,"76":0,"77":0,"78":1,"79":0,"80":0,"81":0,"82":0,"83":0,"84":0,"85":0,"86":1,"87":0,"88":0,"89":0,"90":0,"91":0,"92":0,"93":0,"94":1,"95":0,"96":0,"97":0,"98":0,"99":0,"100":0,"101":0,"102":1},"f":{"0":0,"1":0,"2":0,"3":0,"4":0,"5":0,"6":0,"7":0,"8":0,"9":0,"10":0,"11":0,"12":0,"13":0,"14":0,"15":0,"16":0,"17":0,"18":0,"19":0,"20":0,"21":0,"22":0,"23":0,"24":0,"25":0,"26":0,"27":0,"28":0,"29":0},"b":{"0":[0,0],"1":[0,0],"2":[0,0],"3":[0,0],"4":[0,0],"5":[0,0],"6":[0,0],"7":[0,0],"8":[0,0],"9":[0,0]},"_coverageSchema":"1a1c01bbd47fc00a2c39e90264f33305004495a9","hash":"35bb93acccd3e1f2579a4948dbcdddef81333313"}
,"C:\\Users\\Beansprout\\OneDrive\\Documents\\GitHub\\Codesmith\\OSP\\Docketeer\\server\\models\\cloudModel.js": {"path":"C:\\Users\\Beansprout\\OneDrive\\Documents\\GitHub\\Codesmith\\OSP\\Docketeer\\server\\models\\cloudModel.js","statementMap":{"0":{"start":{"line":1,"column":17},"end":{"line":1,"column":30}},"1":{"start":{"line":2,"column":0},"end":{"line":2,"column":27}},"2":{"start":{"line":4,"column":15},"end":{"line":4,"column":39}},"3":{"start":{"line":7,"column":18},"end":{"line":9,"column":2}},"4":{"start":{"line":11,"column":0},"end":{"line":16,"column":2}},"5":{"start":{"line":13,"column":4},"end":{"line":13,"column":43}},"6":{"start":{"line":14,"column":4},"end":{"line":14,"column":51}}},"fnMap":{"0":{"name":"(anonymous_0)","decl":{"start":{"line":12,"column":9},"end":{"line":12,"column":10}},"loc":{"start":{"line":12,"column":37},"end":{"line":15,"column":3}},"line":12}},"branchMap":{},"s":{"0":1,"1":1,"2":1,"3":1,"4":1,"5":0,"6":0},"f":{"0":0},"b":{},"_coverageSchema":"1a1c01bbd47fc00a2c39e90264f33305004495a9","hash":"8e4dfc5c302ab7cec9daebb21c07af7cea07b6f0"}
,"C:\\Users\\Beansprout\\OneDrive\\Documents\\GitHub\\Codesmith\\OSP\\Docketeer\\server\\models\\psqlQuery.js": {"path":"C:\\Users\\Beansprout\\OneDrive\\Documents\\GitHub\\Codesmith\\OSP\\Docketeer\\server\\models\\psqlQuery.js","statementMap":{"0":{"start":{"line":1,"column":17},"end":{"line":1,"column":30}},"1":{"start":{"line":3,"column":13},"end":{"line":9,"column":2}},"2":{"start":{"line":11,"column":0},"end":{"line":16,"column":2}},"3":{"start":{"line":13,"column":4},"end":{"line":13,"column":53}},"4":{"start":{"line":14,"column":4},"end":{"line":14,"column":46}}},"fnMap":{"0":{"name":"(anonymous_0)","decl":{"start":{"line":12,"column":10},"end":{"line":12,"column":11}},"loc":{"start":{"line":12,"column":38},"end":{"line":15,"column":3}},"line":12}},"branchMap":{},"s":{"0":1,"1":1,"2":1,"3":0,"4":0},"f":{"0":0},"b":{},"_coverageSchema":"1a1c01bbd47fc00a2c39e90264f33305004495a9","hash":"5fa3981b65bb6315f6aca039e3ae791fa89821b2"}
,"C:\\Users\\Beansprout\\OneDrive\\Documents\\GitHub\\Codesmith\\OSP\\Docketeer\\server\\routes\\accountRouter.js": {"path":"C:\\Users\\Beansprout\\OneDrive\\Documents\\GitHub\\Codesmith\\OSP\\Docketeer\\server\\routes\\accountRouter.js","statementMap":{"0":{"start":{"line":5,"column":16},"end":{"line":5,"column":34}},"1":{"start":{"line":6,"column":25},"end":{"line":6,"column":67}},"2":{"start":{"line":7,"column":23},"end":{"line":7,"column":63}},"3":{"start":{"line":8,"column":25},"end":{"line":8,"column":67}},"4":{"start":{"line":10,"column":15},"end":{"line":10,"column":31}},"5":{"start":{"line":13,"column":0},"end":{"line":18,"column":2}},"6":{"start":{"line":16,"column":4},"end":{"line":16,"column":49}},"7":{"start":{"line":20,"column":0},"end":{"line":28,"column":2}},"8":{"start":{"line":25,"column":4},"end":{"line":25,"column":66}},"9":{"start":{"line":25,"column":26},"end":{"line":25,"column":66}},"10":{"start":{"line":26,"column":4},"end":{"line":26,"column":71}},"11":{"start":{"line":30,"column":0},"end":{"line":35,"column":2}},"12":{"start":{"line":33,"column":4},"end":{"line":33,"column":49}},"13":{"start":{"line":37,"column":0},"end":{"line":42,"column":2}},"14":{"start":{"line":40,"column":4},"end":{"line":40,"column":49}},"15":{"start":{"line":44,"column":0},"end":{"line":49,"column":2}},"16":{"start":{"line":47,"column":4},"end":{"line":47,"column":49}},"17":{"start":{"line":52,"column":0},"end":{"line":57,"column":2}},"18":{"start":{"line":55,"column":4},"end":{"line":55,"column":49}},"19":{"start":{"line":60,"column":0},"end":{"line":65,"column":2}},"20":{"start":{"line":63,"column":4},"end":{"line":63,"column":49}},"21":{"start":{"line":67,"column":0},"end":{"line":67,"column":24}}},"fnMap":{"0":{"name":"(anonymous_0)","decl":{"start":{"line":15,"column":2},"end":{"line":15,"column":3}},"loc":{"start":{"line":15,"column":16},"end":{"line":17,"column":3}},"line":15},"1":{"name":"(anonymous_1)","decl":{"start":{"line":24,"column":2},"end":{"line":24,"column":3}},"loc":{"start":{"line":24,"column":16},"end":{"line":27,"column":3}},"line":24},"2":{"name":"(anonymous_2)","decl":{"start":{"line":32,"column":2},"end":{"line":32,"column":3}},"loc":{"start":{"line":32,"column":16},"end":{"line":34,"column":3}},"line":32},"3":{"name":"(anonymous_3)","decl":{"start":{"line":39,"column":2},"end":{"line":39,"column":3}},"loc":{"start":{"line":39,"column":16},"end":{"line":41,"column":3}},"line":39},"4":{"name":"(anonymous_4)","decl":{"start":{"line":46,"column":2},"end":{"line":46,"column":3}},"loc":{"start":{"line":46,"column":16},"end":{"line":48,"column":3}},"line":46},"5":{"name":"(anonymous_5)","decl":{"start":{"line":54,"column":2},"end":{"line":54,"column":3}},"loc":{"start":{"line":54,"column":16},"end":{"line":56,"column":3}},"line":54},"6":{"name":"(anonymous_6)","decl":{"start":{"line":62,"column":2},"end":{"line":62,"column":3}},"loc":{"start":{"line":62,"column":16},"end":{"line":64,"column":3}},"line":62}},"branchMap":{"0":{"loc":{"start":{"line":25,"column":4},"end":{"line":25,"column":66}},"type":"if","locations":[{"start":{"line":25,"column":4},"end":{"line":25,"column":66}},{"start":{},"end":{}}],"line":25}},"s":{"0":1,"1":1,"2":1,"3":1,"4":1,"5":1,"6":0,"7":1,"8":0,"9":0,"10":0,"11":1,"12":0,"13":1,"14":0,"15":1,"16":0,"17":1,"18":0,"19":1,"20":0,"21":1},"f":{"0":0,"1":0,"2":0,"3":0,"4":0,"5":0,"6":0},"b":{"0":[0,0]},"_coverageSchema":"1a1c01bbd47fc00a2c39e90264f33305004495a9","hash":"a18184619798be63276235731f1de5d897426c68"}
,"C:\\Users\\Beansprout\\OneDrive\\Documents\\GitHub\\Codesmith\\OSP\\Docketeer\\server\\routes\\adminRouter.js": {"path":"C:\\Users\\Beansprout\\OneDrive\\Documents\\GitHub\\Codesmith\\OSP\\Docketeer\\server\\routes\\adminRouter.js","statementMap":{"0":{"start":{"line":5,"column":16},"end":{"line":5,"column":34}},"1":{"start":{"line":6,"column":23},"end":{"line":6,"column":63}},"2":{"start":{"line":8,"column":15},"end":{"line":8,"column":31}},"3":{"start":{"line":13,"column":0},"end":{"line":20,"column":2}},"4":{"start":{"line":17,"column":4},"end":{"line":17,"column":71}},"5":{"start":{"line":17,"column":25},"end":{"line":17,"column":71}},"6":{"start":{"line":18,"column":4},"end":{"line":18,"column":50}},"7":{"start":{"line":23,"column":0},"end":{"line":35,"column":2}},"8":{"start":{"line":31,"column":6},"end":{"line":31,"column":35}},"9":{"start":{"line":32,"column":6},"end":{"line":32,"column":55}},"10":{"start":{"line":37,"column":0},"end":{"line":37,"column":24}}},"fnMap":{"0":{"name":"(anonymous_0)","decl":{"start":{"line":16,"column":2},"end":{"line":16,"column":3}},"loc":{"start":{"line":16,"column":16},"end":{"line":19,"column":3}},"line":16},"1":{"name":"(anonymous_1)","decl":{"start":{"line":27,"column":2},"end":{"line":27,"column":3}},"loc":{"start":{"line":27,"column":16},"end":{"line":34,"column":5}},"line":27}},"branchMap":{"0":{"loc":{"start":{"line":17,"column":4},"end":{"line":17,"column":71}},"type":"if","locations":[{"start":{"line":17,"column":4},"end":{"line":17,"column":71}},{"start":{},"end":{}}],"line":17}},"s":{"0":1,"1":1,"2":1,"3":1,"4":0,"5":0,"6":0,"7":1,"8":0,"9":0,"10":1},"f":{"0":0,"1":0},"b":{"0":[0,0]},"_coverageSchema":"1a1c01bbd47fc00a2c39e90264f33305004495a9","hash":"cca1ef8ce8eee9c41c85de27700210024a75c638"}
,"C:\\Users\\Beansprout\\OneDrive\\Documents\\GitHub\\Codesmith\\OSP\\Docketeer\\server\\routes\\apiRouter.js": {"path":"C:\\Users\\Beansprout\\OneDrive\\Documents\\GitHub\\Codesmith\\OSP\\Docketeer\\server\\routes\\apiRouter.js","statementMap":{"0":{"start":{"line":6,"column":16},"end":{"line":6,"column":34}},"1":{"start":{"line":8,"column":22},"end":{"line":8,"column":61}},"2":{"start":{"line":11,"column":15},"end":{"line":11,"column":31}},"3":{"start":{"line":15,"column":0},"end":{"line":22,"column":2}},"4":{"start":{"line":20,"column":4},"end":{"line":20,"column":60}},"5":{"start":{"line":24,"column":0},"end":{"line":24,"column":24}}},"fnMap":{"0":{"name":"(anonymous_0)","decl":{"start":{"line":19,"column":2},"end":{"line":19,"column":3}},"loc":{"start":{"line":19,"column":16},"end":{"line":21,"column":3}},"line":19}},"branchMap":{},"s":{"0":1,"1":1,"2":1,"3":1,"4":0,"5":1},"f":{"0":0},"b":{},"_coverageSchema":"1a1c01bbd47fc00a2c39e90264f33305004495a9","hash":"8ed08f4efae74fe496140fc53ec5f10709607c47"}
,"C:\\Users\\Beansprout\\OneDrive\\Documents\\GitHub\\Codesmith\\OSP\\Docketeer\\server\\routes\\dbRouter.js": {"path":"C:\\Users\\Beansprout\\OneDrive\\Documents\\GitHub\\Codesmith\\OSP\\Docketeer\\server\\routes\\dbRouter.js","statementMap":{"0":{"start":{"line":5,"column":16},"end":{"line":5,"column":34}},"1":{"start":{"line":6,"column":21},"end":{"line":6,"column":59}},"2":{"start":{"line":8,"column":15},"end":{"line":8,"column":31}},"3":{"start":{"line":11,"column":0},"end":{"line":20,"column":2}},"4":{"start":{"line":18,"column":4},"end":{"line":18,"column":69}},"5":{"start":{"line":22,"column":0},"end":{"line":22,"column":24}}},"fnMap":{"0":{"name":"(anonymous_0)","decl":{"start":{"line":17,"column":2},"end":{"line":17,"column":3}},"loc":{"start":{"line":17,"column":16},"end":{"line":19,"column":3}},"line":17}},"branchMap":{},"s":{"0":1,"1":1,"2":1,"3":1,"4":0,"5":1},"f":{"0":0},"b":{},"_coverageSchema":"1a1c01bbd47fc00a2c39e90264f33305004495a9","hash":"be51390ff55e250e61de6e1d80411979d84811e1"}
,"C:\\Users\\Beansprout\\OneDrive\\Documents\\GitHub\\Codesmith\\OSP\\Docketeer\\server\\routes\\initRouter.js": {"path":"C:\\Users\\Beansprout\\OneDrive\\Documents\\GitHub\\Codesmith\\OSP\\Docketeer\\server\\routes\\initRouter.js","statementMap":{"0":{"start":{"line":5,"column":16},"end":{"line":5,"column":34}},"1":{"start":{"line":6,"column":23},"end":{"line":6,"column":63}},"2":{"start":{"line":8,"column":15},"end":{"line":8,"column":31}},"3":{"start":{"line":11,"column":0},"end":{"line":16,"column":2}},"4":{"start":{"line":14,"column":4},"end":{"line":14,"column":44}},"5":{"start":{"line":18,"column":0},"end":{"line":23,"column":2}},"6":{"start":{"line":21,"column":4},"end":{"line":21,"column":31}},"7":{"start":{"line":25,"column":0},"end":{"line":30,"column":2}},"8":{"start":{"line":28,"column":4},"end":{"line":28,"column":48}},"9":{"start":{"line":32,"column":0},"end":{"line":37,"column":2}},"10":{"start":{"line":35,"column":4},"end":{"line":35,"column":36}},"11":{"start":{"line":39,"column":0},"end":{"line":44,"column":2}},"12":{"start":{"line":42,"column":2},"end":{"line":42,"column":49}},"13":{"start":{"line":46,"column":0},"end":{"line":46,"column":24}}},"fnMap":{"0":{"name":"(anonymous_0)","decl":{"start":{"line":13,"column":2},"end":{"line":13,"column":3}},"loc":{"start":{"line":13,"column":16},"end":{"line":15,"column":3}},"line":13},"1":{"name":"(anonymous_1)","decl":{"start":{"line":20,"column":2},"end":{"line":20,"column":3}},"loc":{"start":{"line":20,"column":16},"end":{"line":22,"column":3}},"line":20},"2":{"name":"(anonymous_2)","decl":{"start":{"line":27,"column":2},"end":{"line":27,"column":3}},"loc":{"start":{"line":27,"column":16},"end":{"line":29,"column":3}},"line":27},"3":{"name":"(anonymous_3)","decl":{"start":{"line":34,"column":2},"end":{"line":34,"column":3}},"loc":{"start":{"line":34,"column":16},"end":{"line":36,"column":3}},"line":34},"4":{"name":"(anonymous_4)","decl":{"start":{"line":41,"column":0},"end":{"line":41,"column":1}},"loc":{"start":{"line":41,"column":14},"end":{"line":43,"column":3}},"line":41}},"branchMap":{},"s":{"0":1,"1":1,"2":1,"3":1,"4":0,"5":1,"6":0,"7":1,"8":0,"9":1,"10":0,"11":1,"12":0,"13":1},"f":{"0":0,"1":0,"2":0,"3":0,"4":0},"b":{},"_coverageSchema":"1a1c01bbd47fc00a2c39e90264f33305004495a9","hash":"589a627ca3e8455042b624d0b6a52edabe75c9e5"}
,"C:\\Users\\Beansprout\\OneDrive\\Documents\\GitHub\\Codesmith\\OSP\\Docketeer\\server\\routes\\loginRouter.js": {"path":"C:\\Users\\Beansprout\\OneDrive\\Documents\\GitHub\\Codesmith\\OSP\\Docketeer\\server\\routes\\loginRouter.js","statementMap":{"0":{"start":{"line":6,"column":16},"end":{"line":6,"column":34}},"1":{"start":{"line":7,"column":25},"end":{"line":7,"column":67}},"2":{"start":{"line":8,"column":23},"end":{"line":8,"column":63}},"3":{"start":{"line":9,"column":25},"end":{"line":9,"column":67}},"4":{"start":{"line":10,"column":25},"end":{"line":10,"column":67}},"5":{"start":{"line":12,"column":15},"end":{"line":12,"column":31}},"6":{"start":{"line":14,"column":0},"end":{"line":25,"column":2}},"7":{"start":{"line":22,"column":4},"end":{"line":22,"column":66}},"8":{"start":{"line":22,"column":26},"end":{"line":22,"column":66}},"9":{"start":{"line":23,"column":4},"end":{"line":23,"column":49}},"10":{"start":{"line":27,"column":0},"end":{"line":27,"column":24}}},"fnMap":{"0":{"name":"(anonymous_0)","decl":{"start":{"line":21,"column":2},"end":{"line":21,"column":3}},"loc":{"start":{"line":21,"column":16},"end":{"line":24,"column":3}},"line":21}},"branchMap":{"0":{"loc":{"start":{"line":22,"column":4},"end":{"line":22,"column":66}},"type":"if","locations":[{"start":{"line":22,"column":4},"end":{"line":22,"column":66}},{"start":{},"end":{}}],"line":22}},"s":{"0":1,"1":1,"2":1,"3":1,"4":1,"5":1,"6":1,"7":0,"8":0,"9":0,"10":1},"f":{"0":0},"b":{"0":[0,0]},"_coverageSchema":"1a1c01bbd47fc00a2c39e90264f33305004495a9","hash":"95baa9691d14f96131cbc4f8d288a4e8392bff04"}
,"C:\\Users\\Beansprout\\OneDrive\\Documents\\GitHub\\Codesmith\\OSP\\Docketeer\\server\\routes\\logoutRouter.js": {"path":"C:\\Users\\Beansprout\\OneDrive\\Documents\\GitHub\\Codesmith\\OSP\\Docketeer\\server\\routes\\logoutRouter.js","statementMap":{"0":{"start":{"line":5,"column":16},"end":{"line":5,"column":34}},"1":{"start":{"line":6,"column":21},"end":{"line":6,"column":59}},"2":{"start":{"line":8,"column":15},"end":{"line":8,"column":31}},"3":{"start":{"line":10,"column":0},"end":{"line":15,"column":2}},"4":{"start":{"line":13,"column":4},"end":{"line":13,"column":51}},"5":{"start":{"line":17,"column":0},"end":{"line":17,"column":24}}},"fnMap":{"0":{"name":"(anonymous_0)","decl":{"start":{"line":12,"column":2},"end":{"line":12,"column":3}},"loc":{"start":{"line":12,"column":16},"end":{"line":14,"column":3}},"line":12}},"branchMap":{},"s":{"0":1,"1":1,"2":1,"3":1,"4":0,"5":1},"f":{"0":0},"b":{},"_coverageSchema":"1a1c01bbd47fc00a2c39e90264f33305004495a9","hash":"d1fa7296ede12c2f9abf1edacb5629baf33200ff"}
,"C:\\Users\\Beansprout\\OneDrive\\Documents\\GitHub\\Codesmith\\OSP\\Docketeer\\server\\routes\\settingsRouter.js": {"path":"C:\\Users\\Beansprout\\OneDrive\\Documents\\GitHub\\Codesmith\\OSP\\Docketeer\\server\\routes\\settingsRouter.js","statementMap":{"0":{"start":{"line":5,"column":16},"end":{"line":5,"column":34}},"1":{"start":{"line":6,"column":27},"end":{"line":6,"column":71}},"2":{"start":{"line":8,"column":15},"end":{"line":8,"column":31}},"3":{"start":{"line":10,"column":0},"end":{"line":15,"column":1}},"4":{"start":{"line":13,"column":4},"end":{"line":13,"column":44}},"5":{"start":{"line":18,"column":0},"end":{"line":23,"column":2}},"6":{"start":{"line":21,"column":4},"end":{"line":21,"column":44}},"7":{"start":{"line":25,"column":0},"end":{"line":30,"column":2}},"8":{"start":{"line":28,"column":4},"end":{"line":28,"column":36}},"9":{"start":{"line":32,"column":0},"end":{"line":37,"column":2}},"10":{"start":{"line":35,"column":4},"end":{"line":35,"column":36}},"11":{"start":{"line":39,"column":0},"end":{"line":44,"column":2}},"12":{"start":{"line":42,"column":4},"end":{"line":42,"column":36}},"13":{"start":{"line":46,"column":0},"end":{"line":51,"column":2}},"14":{"start":{"line":49,"column":4},"end":{"line":49,"column":36}},"15":{"start":{"line":53,"column":0},"end":{"line":58,"column":1}},"16":{"start":{"line":56,"column":4},"end":{"line":56,"column":36}},"17":{"start":{"line":60,"column":0},"end":{"line":60,"column":24}}},"fnMap":{"0":{"name":"(anonymous_0)","decl":{"start":{"line":12,"column":2},"end":{"line":12,"column":3}},"loc":{"start":{"line":12,"column":16},"end":{"line":14,"column":3}},"line":12},"1":{"name":"(anonymous_1)","decl":{"start":{"line":20,"column":2},"end":{"line":20,"column":3}},"loc":{"start":{"line":20,"column":16},"end":{"line":22,"column":3}},"line":20},"2":{"name":"(anonymous_2)","decl":{"start":{"line":27,"column":2},"end":{"line":27,"column":3}},"loc":{"start":{"line":27,"column":16},"end":{"line":29,"column":3}},"line":27},"3":{"name":"(anonymous_3)","decl":{"start":{"line":34,"column":2},"end":{"line":34,"column":3}},"loc":{"start":{"line":34,"column":16},"end":{"line":36,"column":3}},"line":34},"4":{"name":"(anonymous_4)","decl":{"start":{"line":41,"column":2},"end":{"line":41,"column":3}},"loc":{"start":{"line":41,"column":16},"end":{"line":43,"column":3}},"line":41},"5":{"name":"(anonymous_5)","decl":{"start":{"line":48,"column":2},"end":{"line":48,"column":3}},"loc":{"start":{"line":48,"column":16},"end":{"line":50,"column":3}},"line":48},"6":{"name":"(anonymous_6)","decl":{"start":{"line":55,"column":2},"end":{"line":55,"column":3}},"loc":{"start":{"line":55,"column":16},"end":{"line":57,"column":3}},"line":55}},"branchMap":{},"s":{"0":1,"1":1,"2":1,"3":1,"4":0,"5":1,"6":0,"7":1,"8":0,"9":1,"10":0,"11":1,"12":0,"13":1,"14":0,"15":1,"16":0,"17":1},"f":{"0":0,"1":0,"2":0,"3":0,"4":0,"5":0,"6":0},"b":{},"_coverageSchema":"1a1c01bbd47fc00a2c39e90264f33305004495a9","hash":"a739a0b6fa4ef3174bf248db235c246f29f2a12e"}
,"C:\\Users\\Beansprout\\OneDrive\\Documents\\GitHub\\Codesmith\\OSP\\Docketeer\\server\\routes\\signupRouter.js": {"path":"C:\\Users\\Beansprout\\OneDrive\\Documents\\GitHub\\Codesmith\\OSP\\Docketeer\\server\\routes\\signupRouter.js","statementMap":{"0":{"start":{"line":5,"column":16},"end":{"line":5,"column":34}},"1":{"start":{"line":6,"column":25},"end":{"line":6,"column":67}},"2":{"start":{"line":7,"column":25},"end":{"line":7,"column":67}},"3":{"start":{"line":8,"column":23},"end":{"line":8,"column":63}},"4":{"start":{"line":9,"column":25},"end":{"line":9,"column":67}},"5":{"start":{"line":10,"column":22},"end":{"line":10,"column":61}},"6":{"start":{"line":12,"column":15},"end":{"line":12,"column":31}},"7":{"start":{"line":16,"column":0},"end":{"line":21,"column":2}},"8":{"start":{"line":19,"column":4},"end":{"line":19,"column":50}},"9":{"start":{"line":23,"column":0},"end":{"line":35,"column":2}},"10":{"start":{"line":32,"column":4},"end":{"line":32,"column":66}},"11":{"start":{"line":32,"column":26},"end":{"line":32,"column":66}},"12":{"start":{"line":33,"column":4},"end":{"line":33,"column":75}},"13":{"start":{"line":37,"column":0},"end":{"line":37,"column":24}}},"fnMap":{"0":{"name":"(anonymous_0)","decl":{"start":{"line":18,"column":2},"end":{"line":18,"column":3}},"loc":{"start":{"line":18,"column":16},"end":{"line":20,"column":3}},"line":18},"1":{"name":"(anonymous_1)","decl":{"start":{"line":31,"column":2},"end":{"line":31,"column":3}},"loc":{"start":{"line":31,"column":16},"end":{"line":34,"column":3}},"line":31}},"branchMap":{"0":{"loc":{"start":{"line":32,"column":4},"end":{"line":32,"column":66}},"type":"if","locations":[{"start":{"line":32,"column":4},"end":{"line":32,"column":66}},{"start":{},"end":{}}],"line":32}},"s":{"0":1,"1":1,"2":1,"3":1,"4":1,"5":1,"6":1,"7":1,"8":0,"9":1,"10":0,"11":0,"12":0,"13":1},"f":{"0":0,"1":0},"b":{"0":[0,0]},"_coverageSchema":"1a1c01bbd47fc00a2c39e90264f33305004495a9","hash":"5b60bf74aa2a80633d75939dba7a8d3ff97bc048"}
}
